#
# There is insufficient memory for the Java Runtime Environment to continue.
# Native memory allocation (malloc) failed to allocate 1902224 bytes. Error detail: Chunk::new
# Possible reasons:
#   The system is out of physical RAM or swap space
#   This process is running with CompressedOops enabled, and the Java Heap may be blocking the growth of the native heap
# Possible solutions:
#   Reduce memory load on the system
#   Increase physical memory or swap space
#   Check if swap backing store is full
#   Decrease Java heap size (-Xmx/-Xms)
#   Decrease number of Java threads
#   Decrease Java thread stack sizes (-Xss)
#   Set larger code cache with -XX:ReservedCodeCacheSize=
#   JVM is running with Unscaled Compressed Oops mode in which the Java heap is
#     placed in the first 4GB address space. The Java Heap base address is the
#     maximum limit for the native heap growth. Please use -XX:HeapBaseMinAddress
#     to set the Java Heap base and to place the Java Heap above 4GB virtual address.
# This output file may be truncated or incomplete.
#
#  Out of Memory Error (arena.cpp:150), pid=19572, tid=19568
#
# JRE version: Java(TM) SE Runtime Environment (22.0.1+8) (build 22.0.1+8-16)
# Java VM: Java HotSpot(TM) 64-Bit Server VM (22.0.1+8-16, mixed mode, sharing, tiered, compressed oops, compressed class ptrs, g1 gc, windows-amd64)
# No core dump will be written. Minidumps are not enabled by default on client versions of Windows
#

---------------  S U M M A R Y ------------

Command Line: --add-opens=java.base/java.lang=ALL-UNNAMED --add-opens=java.base/java.lang.invoke=ALL-UNNAMED --add-opens=java.base/java.util=ALL-UNNAMED --add-opens=java.prefs/java.util.prefs=ALL-UNNAMED --add-exports=jdk.compiler/com.sun.tools.javac.api=ALL-UNNAMED --add-exports=jdk.compiler/com.sun.tools.javac.util=ALL-UNNAMED --add-opens=java.base/java.util=ALL-UNNAMED --add-opens=java.prefs/java.util.prefs=ALL-UNNAMED --add-opens=java.base/java.nio.charset=ALL-UNNAMED --add-opens=java.base/java.net=ALL-UNNAMED --add-opens=java.base/java.util.concurrent.atomic=ALL-UNNAMED --add-opens=java.xml/javax.xml.namespace=ALL-UNNAMED -Xmx2048m -Dfile.encoding=UTF-8 -Duser.country=MY -Duser.language=en -Duser.variant -javaagent:C:\Users\ZE ACE\.gradle\wrapper\dists\gradle-8.11.1-bin\bpt9gzteqjrbo1mjrsomdt32c\gradle-8.11.1\lib\agents\gradle-instrumentation-agent-8.11.1.jar org.gradle.launcher.daemon.bootstrap.GradleDaemon 8.11.1

Host: AMD Ryzen 7 3750H with Radeon Vega Mobile Gfx  , 8 cores, 13G,  Windows 11 , 64 bit Build 26100 (10.0.26100.7019)
Time: Wed Nov 19 06:26:51 2025 Malay Peninsula Standard Time elapsed time: 39.112407 seconds (0d 0h 0m 39s)

---------------  T H R E A D  ---------------

Current thread (0x000001ea7658e820):  JavaThread "C2 CompilerThread1" daemon [_thread_in_native, id=19568, stack(0x00000085a4c00000,0x00000085a4d00000) (1024K)]


Current CompileTask:
C2:39112 18225       4       org.gradle.internal.instantiation.generator.AbstractClassGenerator::inspectType (560 bytes)

Stack: [0x00000085a4c00000,0x00000085a4d00000]
Native frames: (J=compiled Java code, j=interpreted, Vv=VM code, C=native code)
V  [jvm.dll+0x6e2279]  (no source info available)
V  [jvm.dll+0x874e33]  (no source info available)
V  [jvm.dll+0x87725e]  (no source info available)
V  [jvm.dll+0x877933]  (no source info available)
V  [jvm.dll+0x27fd76]  (no source info available)
V  [jvm.dll+0xc3d0f]  (no source info available)
V  [jvm.dll+0xc3f6b]  (no source info available)
V  [jvm.dll+0x3bb10c]  (no source info available)
V  [jvm.dll+0x1df87e]  (no source info available)
V  [jvm.dll+0x247a5c]  (no source info available)
V  [jvm.dll+0x246fbf]  (no source info available)
V  [jvm.dll+0x1c4e90]  (no source info available)
V  [jvm.dll+0x2569fe]  (no source info available)
V  [jvm.dll+0x254cba]  (no source info available)
V  [jvm.dll+0x3f5336]  (no source info available)
V  [jvm.dll+0x81d44b]  (no source info available)
V  [jvm.dll+0x6e0915]  (no source info available)
C  [ucrtbase.dll+0x37b0]  (no source info available)
C  [KERNEL32.DLL+0x2e8d7]  (no source info available)
C  [ntdll.dll+0x8c53c]  (no source info available)


---------------  P R O C E S S  ---------------

Threads class SMR info:
_java_thread_list=0x000001ea79b09ae0, length=58, elements={
0x000001ea0e5f7b60, 0x000001ea2d1d3820, 0x000001ea2d1d51a0, 0x000001ea2d1db7e0,
0x000001ea2d1dc240, 0x000001ea2d1dd9c0, 0x000001ea2d1e35c0, 0x000001ea2d206dd0,
0x000001ea2d2082e0, 0x000001ea2d2d5420, 0x000001ea2d4aa9e0, 0x000001ea742c2320,
0x000001ea740a7ef0, 0x000001ea7447b820, 0x000001ea742ef530, 0x000001ea742ee550,
0x000001ea74433c40, 0x000001ea74434ff0, 0x000001ea744342d0, 0x000001ea74432f20,
0x000001ea744363a0, 0x000001ea744335b0, 0x000001ea74434960, 0x000001ea74435680,
0x000001ea768974c0, 0x000001ea76896110, 0x000001ea768946d0, 0x000001ea768953f0,
0x000001ea76896e30, 0x000001ea76894d60, 0x000001ea76895a80, 0x000001ea768967a0,
0x000001ea77ed3800, 0x000001ea77ed3e90, 0x000001ea77ed0a10, 0x000001ea77ed4520,
0x000001ea77ed5f60, 0x000001ea77ed4bb0, 0x000001ea77ed58d0, 0x000001ea77ed5240,
0x000001ea2dc62020, 0x000001ea2dc62d40, 0x000001ea2dc633d0, 0x000001ea2dc5ff50,
0x000001ea2dc63a60, 0x000001ea2dc60c70, 0x000001ea74b4b850, 0x000001ea74b4f360,
0x000001ea74b4dfb0, 0x000001ea74b4f9f0, 0x000001ea74b50da0, 0x000001ea74b50080,
0x000001ea74b51430, 0x000001ea2dc5cad0, 0x000001ea2da97470, 0x000001ea2da960c0,
0x000001ea7658e820, 0x000001ea76590a30
}

Java Threads: ( => current thread )
  0x000001ea0e5f7b60 JavaThread "main"                              [_thread_blocked, id=25424, stack(0x00000085a4e00000,0x00000085a4f00000) (1024K)]
  0x000001ea2d1d3820 JavaThread "Reference Handler"          daemon [_thread_blocked, id=23880, stack(0x00000085a5600000,0x00000085a5700000) (1024K)]
  0x000001ea2d1d51a0 JavaThread "Finalizer"                  daemon [_thread_blocked, id=26512, stack(0x00000085a5700000,0x00000085a5800000) (1024K)]
  0x000001ea2d1db7e0 JavaThread "Signal Dispatcher"          daemon [_thread_blocked, id=23040, stack(0x00000085a5800000,0x00000085a5900000) (1024K)]
  0x000001ea2d1dc240 JavaThread "Attach Listener"            daemon [_thread_blocked, id=26348, stack(0x00000085a5900000,0x00000085a5a00000) (1024K)]
  0x000001ea2d1dd9c0 JavaThread "Service Thread"             daemon [_thread_blocked, id=21264, stack(0x00000085a5a00000,0x00000085a5b00000) (1024K)]
  0x000001ea2d1e35c0 JavaThread "Monitor Deflation Thread"   daemon [_thread_blocked, id=19376, stack(0x00000085a5b00000,0x00000085a5c00000) (1024K)]
  0x000001ea2d206dd0 JavaThread "C2 CompilerThread0"         daemon [_thread_in_native, id=2964, stack(0x00000085a5c00000,0x00000085a5d00000) (1024K)]
  0x000001ea2d2082e0 JavaThread "C1 CompilerThread0"         daemon [_thread_blocked, id=25936, stack(0x00000085a5d00000,0x00000085a5e00000) (1024K)]
  0x000001ea2d2d5420 JavaThread "Common-Cleaner"             daemon [_thread_blocked, id=24436, stack(0x00000085a5e00000,0x00000085a5f00000) (1024K)]
  0x000001ea2d4aa9e0 JavaThread "Notification Thread"        daemon [_thread_blocked, id=15436, stack(0x00000085a5f00000,0x00000085a6000000) (1024K)]
  0x000001ea742c2320 JavaThread "Daemon health stats"               [_thread_blocked, id=23468, stack(0x00000085a6800000,0x00000085a6900000) (1024K)]
  0x000001ea740a7ef0 JavaThread "Incoming local TCP Connector on port 54345"        [_thread_in_native, id=23784, stack(0x00000085a6900000,0x00000085a6a00000) (1024K)]
  0x000001ea7447b820 JavaThread "Daemon periodic checks"            [_thread_blocked, id=26436, stack(0x00000085a6a00000,0x00000085a6b00000) (1024K)]
  0x000001ea742ef530 JavaThread "Daemon"                            [_thread_blocked, id=16328, stack(0x00000085a6b00000,0x00000085a6c00000) (1024K)]
  0x000001ea742ee550 JavaThread "Handler for socket connection from /127.0.0.1:54345 to /127.0.0.1:53520"        [_thread_in_native, id=23492, stack(0x00000085a6c00000,0x00000085a6d00000) (1024K)]
  0x000001ea74433c40 JavaThread "Cancel handler"                    [_thread_blocked, id=21904, stack(0x00000085a6d00000,0x00000085a6e00000) (1024K)]
  0x000001ea74434ff0 JavaThread "Daemon worker"                     [_thread_in_vm, id=25028, stack(0x00000085a6e00000,0x00000085a6f00000) (1024K)]
  0x000001ea744342d0 JavaThread "Asynchronous log dispatcher for DefaultDaemonConnection: socket connection from /127.0.0.1:54345 to /127.0.0.1:53520"        [_thread_blocked, id=9880, stack(0x00000085a6f00000,0x00000085a7000000) (1024K)]
  0x000001ea74432f20 JavaThread "Stdin handler"                     [_thread_blocked, id=25808, stack(0x00000085a7000000,0x00000085a7100000) (1024K)]
  0x000001ea744363a0 JavaThread "Daemon client event forwarder"        [_thread_blocked, id=22308, stack(0x00000085a7100000,0x00000085a7200000) (1024K)]
  0x000001ea744335b0 JavaThread "Cache worker for journal cache (C:\Users\ZE ACE\.gradle\caches\journal-1)"        [_thread_blocked, id=26280, stack(0x00000085a7200000,0x00000085a7300000) (1024K)]
  0x000001ea74434960 JavaThread "File lock request listener"        [_thread_in_native, id=8928, stack(0x00000085a7300000,0x00000085a7400000) (1024K)]
  0x000001ea74435680 JavaThread "Cache worker for file hash cache (C:\Users\ZE ACE\.gradle\caches\8.11.1\fileHashes)"        [_thread_blocked, id=24788, stack(0x00000085a7400000,0x00000085a7500000) (1024K)]
  0x000001ea768974c0 JavaThread "Cache worker for file content cache (C:\Users\ZE ACE\.gradle\caches\8.11.1\fileContent)"        [_thread_blocked, id=25796, stack(0x00000085a7500000,0x00000085a7600000) (1024K)]
  0x000001ea76896110 JavaThread "Cache worker for file hash cache (C:\Users\ZE ACE\AndroidStudioProjects\KidTracker\.gradle\8.11.1\fileHashes)"        [_thread_blocked, id=14836, stack(0x00000085a7700000,0x00000085a7800000) (1024K)]
  0x000001ea768946d0 JavaThread "Cache worker for Build Output Cleanup Cache (C:\Users\ZE ACE\AndroidStudioProjects\KidTracker\.gradle\buildOutputCleanup)"        [_thread_blocked, id=14496, stack(0x00000085a7800000,0x00000085a7900000) (1024K)]
  0x000001ea768953f0 JavaThread "File watcher server"        daemon [_thread_in_native, id=12928, stack(0x00000085a7900000,0x00000085a7a00000) (1024K)]
  0x000001ea76896e30 JavaThread "File watcher consumer"      daemon [_thread_blocked, id=3316, stack(0x00000085a7a00000,0x00000085a7b00000) (1024K)]
  0x000001ea76894d60 JavaThread "Cache worker for checksums cache (C:\Users\ZE ACE\AndroidStudioProjects\KidTracker\.gradle\8.11.1\checksums)"        [_thread_blocked, id=24184, stack(0x00000085a7b00000,0x00000085a7c00000) (1024K)]
  0x000001ea76895a80 JavaThread "Cache worker for cache directory md-rule (C:\Users\ZE ACE\.gradle\caches\8.11.1\md-rule)"        [_thread_blocked, id=3952, stack(0x00000085a7c00000,0x00000085a7d00000) (1024K)]
  0x000001ea768967a0 JavaThread "Cache worker for cache directory md-supplier (C:\Users\ZE ACE\.gradle\caches\8.11.1\md-supplier)"        [_thread_blocked, id=25644, stack(0x00000085a7d00000,0x00000085a7e00000) (1024K)]
  0x000001ea77ed3800 JavaThread "Unconstrained build operations"        [_thread_blocked, id=24828, stack(0x00000085a7e00000,0x00000085a7f00000) (1024K)]
  0x000001ea77ed3e90 JavaThread "Unconstrained build operations Thread 2"        [_thread_blocked, id=21688, stack(0x00000085a7f00000,0x00000085a8000000) (1024K)]
  0x000001ea77ed0a10 JavaThread "Unconstrained build operations Thread 3"        [_thread_blocked, id=22356, stack(0x00000085a8000000,0x00000085a8100000) (1024K)]
  0x000001ea77ed4520 JavaThread "Unconstrained build operations Thread 4"        [_thread_blocked, id=25680, stack(0x00000085a8100000,0x00000085a8200000) (1024K)]
  0x000001ea77ed5f60 JavaThread "Unconstrained build operations Thread 5"        [_thread_blocked, id=26192, stack(0x00000085a8200000,0x00000085a8300000) (1024K)]
  0x000001ea77ed4bb0 JavaThread "Unconstrained build operations Thread 6"        [_thread_blocked, id=24840, stack(0x00000085a8300000,0x00000085a8400000) (1024K)]
  0x000001ea77ed58d0 JavaThread "Unconstrained build operations Thread 7"        [_thread_blocked, id=25776, stack(0x00000085a8400000,0x00000085a8500000) (1024K)]
  0x000001ea77ed5240 JavaThread "Unconstrained build operations Thread 8"        [_thread_blocked, id=15664, stack(0x00000085a8600000,0x00000085a8700000) (1024K)]
  0x000001ea2dc62020 JavaThread "Unconstrained build operations Thread 9"        [_thread_blocked, id=2068, stack(0x00000085a8700000,0x00000085a8800000) (1024K)]
  0x000001ea2dc62d40 JavaThread "Unconstrained build operations Thread 10"        [_thread_blocked, id=26184, stack(0x00000085a8800000,0x00000085a8900000) (1024K)]
  0x000001ea2dc633d0 JavaThread "Unconstrained build operations Thread 11"        [_thread_blocked, id=13164, stack(0x00000085a8900000,0x00000085a8a00000) (1024K)]
  0x000001ea2dc5ff50 JavaThread "Unconstrained build operations Thread 12"        [_thread_blocked, id=25836, stack(0x00000085a8a00000,0x00000085a8b00000) (1024K)]
  0x000001ea2dc63a60 JavaThread "Unconstrained build operations Thread 13"        [_thread_blocked, id=23368, stack(0x00000085a8b00000,0x00000085a8c00000) (1024K)]
  0x000001ea2dc60c70 JavaThread "Unconstrained build operations Thread 14"        [_thread_blocked, id=16568, stack(0x00000085a8c00000,0x00000085a8d00000) (1024K)]
  0x000001ea74b4b850 JavaThread "Unconstrained build operations Thread 15"        [_thread_blocked, id=26036, stack(0x00000085a8d00000,0x00000085a8e00000) (1024K)]
  0x000001ea74b4f360 JavaThread "Unconstrained build operations Thread 16"        [_thread_blocked, id=448, stack(0x00000085a8e00000,0x00000085a8f00000) (1024K)]
  0x000001ea74b4dfb0 JavaThread "Unconstrained build operations Thread 17"        [_thread_blocked, id=20312, stack(0x00000085a8f00000,0x00000085a9000000) (1024K)]
  0x000001ea74b4f9f0 JavaThread "Unconstrained build operations Thread 18"        [_thread_blocked, id=724, stack(0x00000085a9000000,0x00000085a9100000) (1024K)]
  0x000001ea74b50da0 JavaThread "Unconstrained build operations Thread 19"        [_thread_blocked, id=17692, stack(0x00000085a9100000,0x00000085a9200000) (1024K)]
  0x000001ea74b50080 JavaThread "Unconstrained build operations Thread 20"        [_thread_blocked, id=22248, stack(0x00000085a9200000,0x00000085a9300000) (1024K)]
  0x000001ea74b51430 JavaThread "Unconstrained build operations Thread 21"        [_thread_blocked, id=22900, stack(0x00000085a9300000,0x00000085a9400000) (1024K)]
  0x000001ea2dc5cad0 JavaThread "Memory manager"                    [_thread_blocked, id=5504, stack(0x00000085a6000000,0x00000085a6100000) (1024K)]
  0x000001ea2da97470 JavaThread "build event listener"              [_thread_blocked, id=26032, stack(0x00000085a9500000,0x00000085a9600000) (1024K)]
  0x000001ea2da960c0 JavaThread "Problems report writer"            [_thread_blocked, id=26408, stack(0x00000085a9400000,0x00000085a9500000) (1024K)]
=>0x000001ea7658e820 JavaThread "C2 CompilerThread1"         daemon [_thread_in_native, id=19568, stack(0x00000085a4c00000,0x00000085a4d00000) (1024K)]
  0x000001ea76590a30 JavaThread "C2 CompilerThread2"         daemon [_thread_in_native, id=4772, stack(0x00000085a8500000,0x00000085a8600000) (1024K)]
Total: 58

Other Threads:
  0x000001ea2d1b3e50 VMThread "VM Thread"                           [id=20616, stack(0x00000085a5500000,0x00000085a5600000) (1024K)]
  0x000001ea2d1997d0 WatcherThread "VM Periodic Task Thread"        [id=23928, stack(0x00000085a5400000,0x00000085a5500000) (1024K)]
  0x000001ea0ec0bb90 WorkerThread "GC Thread#0"                     [id=20580, stack(0x00000085a4f00000,0x00000085a5000000) (1024K)]
  0x000001ea2db75460 WorkerThread "GC Thread#1"                     [id=26096, stack(0x00000085a6200000,0x00000085a6300000) (1024K)]
  0x000001ea2db75810 WorkerThread "GC Thread#2"                     [id=26204, stack(0x00000085a6300000,0x00000085a6400000) (1024K)]
  0x000001ea2de7daf0 WorkerThread "GC Thread#3"                     [id=26108, stack(0x00000085a6400000,0x00000085a6500000) (1024K)]
  0x000001ea2de7dea0 WorkerThread "GC Thread#4"                     [id=9992, stack(0x00000085a6500000,0x00000085a6600000) (1024K)]
  0x000001ea7410aa20 WorkerThread "GC Thread#5"                     [id=20284, stack(0x00000085a6100000,0x00000085a6200000) (1024K)]
  0x000001ea73684810 WorkerThread "GC Thread#6"                     [id=5608, stack(0x00000085a6600000,0x00000085a6700000) (1024K)]
  0x000001ea73e3a6c0 WorkerThread "GC Thread#7"                     [id=13208, stack(0x00000085a6700000,0x00000085a6800000) (1024K)]
  0x000001ea0ec1d9b0 ConcurrentGCThread "G1 Main Marker"            [id=11132, stack(0x00000085a5000000,0x00000085a5100000) (1024K)]
  0x000001ea0ec1eb70 WorkerThread "G1 Conc#0"                       [id=10668, stack(0x00000085a5100000,0x00000085a5200000) (1024K)]
  0x000001ea7715b4b0 WorkerThread "G1 Conc#1"                       [id=25856, stack(0x00000085a7600000,0x00000085a7700000) (1024K)]
  0x000001ea2d06b3e0 ConcurrentGCThread "G1 Refine#0"               [id=9976, stack(0x00000085a5200000,0x00000085a5300000) (1024K)]
  0x000001ea2d06d020 ConcurrentGCThread "G1 Service"                [id=1260, stack(0x00000085a5300000,0x00000085a5400000) (1024K)]
Total: 15

Threads with active compile tasks:
C2 CompilerThread0  43302 18405   !   4       java.net.URLClassLoader::defineClass (224 bytes)
C2 CompilerThread1  43302 18225       4       org.gradle.internal.instantiation.generator.AbstractClassGenerator::inspectType (560 bytes)
C2 CompilerThread2  43302 18522       4       java.security.CodeSource::<init> (52 bytes)
Total: 3

VM state: not at safepoint (normal execution)

VM Mutex/Monitor currently owned by a thread: None

Heap address: 0x0000000080000000, size: 2048 MB, Compressed Oops mode: 32-bit

CDS archive(s) mapped at: [0x000001ea2e000000-0x000001ea2ec60000-0x000001ea2ec60000), size 12976128, SharedBaseAddress: 0x000001ea2e000000, ArchiveRelocationMode: 1.
Compressed class space mapped at: 0x000001ea2f000000-0x000001ea6f000000, reserved size: 1073741824
Narrow klass base: 0x000001ea2e000000, Narrow klass shift: 0, Narrow klass range: 0x41000000

GC Precious Log:
 CardTable entry size: 512
 Card Set container configuration: InlinePtr #cards 5 size 8 Array Of Cards #cards 12 size 40 Howl #buckets 4 coarsen threshold 1843 Howl Bitmap #cards 512 size 80 coarsen threshold 460 Card regions per heap region 1 cards per card region 2048
 CPUs: 8 total, 8 available
 Memory: 14252M
 Large Page Support: Disabled
 NUMA Support: Disabled
 Compressed Oops: Enabled (32-bit)
 Heap Region Size: 1M
 Heap Min Capacity: 8M
 Heap Initial Capacity: 224M
 Heap Max Capacity: 2G
 Pre-touch: Disabled
 Parallel Workers: 8
 Concurrent Workers: 2
 Concurrent Refinement Workers: 8
 Periodic GC: Disabled

Heap:
 garbage-first heap   total reserved 2097152K, committed 304128K, used 244995K [0x0000000080000000, 0x0000000100000000)
  region size 1024K, 80 young (81920K), 9 survivors (9216K)
 Metaspace       used 154576K, committed 157376K, reserved 1245184K
  class space    used 20780K, committed 22144K, reserved 1048576K

Heap Regions: E=young(eden), S=young(survivor), O=old, HS=humongous(starts), HC=humongous(continues), CS=collection set, F=free, TAMS=top-at-mark-start, PB=parsable bottom
|   0|0x0000000080000000, 0x0000000080100000, 0x0000000080100000|100%| O|  |TAMS 0x0000000080000000| PB 0x0000000080000000| Untracked |  0
|   1|0x0000000080100000, 0x0000000080200000, 0x0000000080200000|100%| O|  |TAMS 0x0000000080100000| PB 0x0000000080100000| Untracked |  0
|   2|0x0000000080200000, 0x0000000080300000, 0x0000000080300000|100%|HS|  |TAMS 0x0000000080200000| PB 0x0000000080200000| Complete |  0
|   3|0x0000000080300000, 0x0000000080400000, 0x0000000080400000|100%|HC|  |TAMS 0x0000000080300000| PB 0x0000000080300000| Complete |  0
|   4|0x0000000080400000, 0x0000000080500000, 0x0000000080500000|100%|HC|  |TAMS 0x0000000080400000| PB 0x0000000080400000| Complete |  0
|   5|0x0000000080500000, 0x0000000080600000, 0x0000000080600000|100%| O|  |TAMS 0x0000000080500000| PB 0x0000000080500000| Untracked |  0
|   6|0x0000000080600000, 0x0000000080700000, 0x0000000080700000|100%| O|  |TAMS 0x0000000080600000| PB 0x0000000080600000| Untracked |  0
|   7|0x0000000080700000, 0x0000000080800000, 0x0000000080800000|100%| O|  |TAMS 0x0000000080700000| PB 0x0000000080700000| Untracked |  0
|   8|0x0000000080800000, 0x0000000080900000, 0x0000000080900000|100%|HS|  |TAMS 0x0000000080800000| PB 0x0000000080800000| Complete |  0
|   9|0x0000000080900000, 0x0000000080a00000, 0x0000000080a00000|100%| O|  |TAMS 0x0000000080900000| PB 0x0000000080900000| Untracked |  0
|  10|0x0000000080a00000, 0x0000000080b00000, 0x0000000080b00000|100%| O|  |TAMS 0x0000000080a00000| PB 0x0000000080a00000| Untracked |  0
|  11|0x0000000080b00000, 0x0000000080c00000, 0x0000000080c00000|100%| O|  |TAMS 0x0000000080b00000| PB 0x0000000080b00000| Untracked |  0
|  12|0x0000000080c00000, 0x0000000080d00000, 0x0000000080d00000|100%| O|  |TAMS 0x0000000080c00000| PB 0x0000000080c00000| Untracked |  0
|  13|0x0000000080d00000, 0x0000000080e00000, 0x0000000080e00000|100%| O|  |TAMS 0x0000000080d00000| PB 0x0000000080d00000| Untracked |  0
|  14|0x0000000080e00000, 0x0000000080f00000, 0x0000000080f00000|100%| O|  |TAMS 0x0000000080e00000| PB 0x0000000080e00000| Untracked |  0
|  15|0x0000000080f00000, 0x0000000081000000, 0x0000000081000000|100%| O|  |TAMS 0x0000000080f00000| PB 0x0000000080f00000| Untracked |  0
|  16|0x0000000081000000, 0x0000000081100000, 0x0000000081100000|100%| O|  |TAMS 0x0000000081000000| PB 0x0000000081000000| Untracked |  0
|  17|0x0000000081100000, 0x0000000081200000, 0x0000000081200000|100%| O|  |TAMS 0x0000000081100000| PB 0x0000000081100000| Untracked |  0
|  18|0x0000000081200000, 0x0000000081300000, 0x0000000081300000|100%| O|  |TAMS 0x0000000081200000| PB 0x0000000081200000| Untracked |  0
|  19|0x0000000081300000, 0x0000000081400000, 0x0000000081400000|100%| O|  |TAMS 0x0000000081300000| PB 0x0000000081300000| Untracked |  0
|  20|0x0000000081400000, 0x0000000081500000, 0x0000000081500000|100%| O|  |TAMS 0x0000000081400000| PB 0x0000000081400000| Untracked |  0
|  21|0x0000000081500000, 0x0000000081600000, 0x0000000081600000|100%| O|  |TAMS 0x0000000081500000| PB 0x0000000081500000| Untracked |  0
|  22|0x0000000081600000, 0x0000000081700000, 0x0000000081700000|100%| O|  |TAMS 0x0000000081600000| PB 0x0000000081600000| Untracked |  0
|  23|0x0000000081700000, 0x0000000081800000, 0x0000000081800000|100%| O|  |TAMS 0x0000000081700000| PB 0x0000000081700000| Untracked |  0
|  24|0x0000000081800000, 0x0000000081900000, 0x0000000081900000|100%| O|  |TAMS 0x0000000081800000| PB 0x0000000081800000| Untracked |  0
|  25|0x0000000081900000, 0x0000000081a00000, 0x0000000081a00000|100%| O|  |TAMS 0x0000000081900000| PB 0x0000000081900000| Untracked |  0
|  26|0x0000000081a00000, 0x0000000081b00000, 0x0000000081b00000|100%| O|  |TAMS 0x0000000081a00000| PB 0x0000000081a00000| Untracked |  0
|  27|0x0000000081b00000, 0x0000000081c00000, 0x0000000081c00000|100%| O|  |TAMS 0x0000000081b00000| PB 0x0000000081b00000| Untracked |  0
|  28|0x0000000081c00000, 0x0000000081d00000, 0x0000000081d00000|100%| O|  |TAMS 0x0000000081c00000| PB 0x0000000081c00000| Untracked |  0
|  29|0x0000000081d00000, 0x0000000081e00000, 0x0000000081e00000|100%| O|  |TAMS 0x0000000081d00000| PB 0x0000000081d00000| Untracked |  0
|  30|0x0000000081e00000, 0x0000000081f00000, 0x0000000081f00000|100%| O|  |TAMS 0x0000000081e00000| PB 0x0000000081e00000| Untracked |  0
|  31|0x0000000081f00000, 0x0000000082000000, 0x0000000082000000|100%| O|  |TAMS 0x0000000081f00000| PB 0x0000000081f00000| Untracked |  0
|  32|0x0000000082000000, 0x0000000082100000, 0x0000000082100000|100%| O|  |TAMS 0x0000000082000000| PB 0x0000000082000000| Untracked |  0
|  33|0x0000000082100000, 0x0000000082200000, 0x0000000082200000|100%| O|  |TAMS 0x0000000082100000| PB 0x0000000082100000| Untracked |  0
|  34|0x0000000082200000, 0x0000000082300000, 0x0000000082300000|100%| O|  |TAMS 0x0000000082200000| PB 0x0000000082200000| Untracked |  0
|  35|0x0000000082300000, 0x0000000082400000, 0x0000000082400000|100%| O|  |TAMS 0x0000000082300000| PB 0x0000000082300000| Untracked |  0
|  36|0x0000000082400000, 0x0000000082500000, 0x0000000082500000|100%| O|  |TAMS 0x0000000082400000| PB 0x0000000082400000| Untracked |  0
|  37|0x0000000082500000, 0x0000000082600000, 0x0000000082600000|100%| O|  |TAMS 0x0000000082500000| PB 0x0000000082500000| Untracked |  0
|  38|0x0000000082600000, 0x0000000082700000, 0x0000000082700000|100%| O|  |TAMS 0x0000000082600000| PB 0x0000000082600000| Untracked |  0
|  39|0x0000000082700000, 0x0000000082800000, 0x0000000082800000|100%| O|  |TAMS 0x0000000082700000| PB 0x0000000082700000| Untracked |  0
|  40|0x0000000082800000, 0x0000000082800000, 0x0000000082900000|  0%| F|  |TAMS 0x0000000082800000| PB 0x0000000082800000| Untracked |  0
|  41|0x0000000082900000, 0x0000000082900000, 0x0000000082a00000|  0%| F|  |TAMS 0x0000000082900000| PB 0x0000000082900000| Untracked |  0
|  42|0x0000000082a00000, 0x0000000082a00000, 0x0000000082b00000|  0%| F|  |TAMS 0x0000000082a00000| PB 0x0000000082a00000| Untracked |  0
|  43|0x0000000082b00000, 0x0000000082b00000, 0x0000000082c00000|  0%| F|  |TAMS 0x0000000082b00000| PB 0x0000000082b00000| Untracked |  0
|  44|0x0000000082c00000, 0x0000000082c00000, 0x0000000082d00000|  0%| F|  |TAMS 0x0000000082c00000| PB 0x0000000082c00000| Untracked |  0
|  45|0x0000000082d00000, 0x0000000082d00000, 0x0000000082e00000|  0%| F|  |TAMS 0x0000000082d00000| PB 0x0000000082d00000| Untracked |  0
|  46|0x0000000082e00000, 0x0000000082e00000, 0x0000000082f00000|  0%| F|  |TAMS 0x0000000082e00000| PB 0x0000000082e00000| Untracked |  0
|  47|0x0000000082f00000, 0x0000000083000000, 0x0000000083000000|100%| O|  |TAMS 0x0000000082f00000| PB 0x0000000082f00000| Untracked |  0
|  48|0x0000000083000000, 0x0000000083100000, 0x0000000083100000|100%| O|  |TAMS 0x0000000083000000| PB 0x0000000083000000| Untracked |  0
|  49|0x0000000083100000, 0x0000000083200000, 0x0000000083200000|100%| O|  |TAMS 0x0000000083100000| PB 0x0000000083100000| Untracked |  0
|  50|0x0000000083200000, 0x0000000083300000, 0x0000000083300000|100%| O|  |TAMS 0x0000000083200000| PB 0x0000000083200000| Untracked |  0
|  51|0x0000000083300000, 0x0000000083400000, 0x0000000083400000|100%| O|  |TAMS 0x0000000083300000| PB 0x0000000083300000| Untracked |  0
|  52|0x0000000083400000, 0x0000000083500000, 0x0000000083500000|100%| O|  |TAMS 0x0000000083400000| PB 0x0000000083400000| Untracked |  0
|  53|0x0000000083500000, 0x0000000083600000, 0x0000000083600000|100%| O|  |TAMS 0x0000000083500000| PB 0x0000000083500000| Untracked |  0
|  54|0x0000000083600000, 0x0000000083700000, 0x0000000083700000|100%| O|  |TAMS 0x0000000083600000| PB 0x0000000083600000| Untracked |  0
|  55|0x0000000083700000, 0x0000000083800000, 0x0000000083800000|100%| O|  |TAMS 0x0000000083700000| PB 0x0000000083700000| Untracked |  0
|  56|0x0000000083800000, 0x0000000083900000, 0x0000000083900000|100%| O|  |TAMS 0x0000000083800000| PB 0x0000000083800000| Untracked |  0
|  57|0x0000000083900000, 0x0000000083a00000, 0x0000000083a00000|100%| O|  |TAMS 0x0000000083900000| PB 0x0000000083900000| Untracked |  0
|  58|0x0000000083a00000, 0x0000000083b00000, 0x0000000083b00000|100%| O|  |TAMS 0x0000000083a00000| PB 0x0000000083a00000| Untracked |  0
|  59|0x0000000083b00000, 0x0000000083c00000, 0x0000000083c00000|100%| O|  |TAMS 0x0000000083b00000| PB 0x0000000083b00000| Untracked |  0
|  60|0x0000000083c00000, 0x0000000083d00000, 0x0000000083d00000|100%| O|  |TAMS 0x0000000083c00000| PB 0x0000000083c00000| Untracked |  0
|  61|0x0000000083d00000, 0x0000000083e00000, 0x0000000083e00000|100%| O|  |TAMS 0x0000000083d00000| PB 0x0000000083d00000| Untracked |  0
|  62|0x0000000083e00000, 0x0000000083f00000, 0x0000000083f00000|100%| O|  |TAMS 0x0000000083e00000| PB 0x0000000083e00000| Untracked |  0
|  63|0x0000000083f00000, 0x0000000084000000, 0x0000000084000000|100%| O|  |TAMS 0x0000000083f00000| PB 0x0000000083f00000| Untracked |  0
|  64|0x0000000084000000, 0x0000000084100000, 0x0000000084100000|100%| O|  |TAMS 0x0000000084000000| PB 0x0000000084000000| Untracked |  0
|  65|0x0000000084100000, 0x0000000084200000, 0x0000000084200000|100%| O|  |TAMS 0x0000000084100000| PB 0x0000000084100000| Untracked |  0
|  66|0x0000000084200000, 0x0000000084300000, 0x0000000084300000|100%| O|  |TAMS 0x0000000084200000| PB 0x0000000084200000| Untracked |  0
|  67|0x0000000084300000, 0x0000000084400000, 0x0000000084400000|100%| O|  |TAMS 0x0000000084300000| PB 0x0000000084300000| Untracked |  0
|  68|0x0000000084400000, 0x0000000084500000, 0x0000000084500000|100%|HS|  |TAMS 0x0000000084400000| PB 0x0000000084400000| Complete |  0
|  69|0x0000000084500000, 0x0000000084600000, 0x0000000084600000|100%|HS|  |TAMS 0x0000000084500000| PB 0x0000000084500000| Complete |  0
|  70|0x0000000084600000, 0x0000000084700000, 0x0000000084700000|100%|HS|  |TAMS 0x0000000084600000| PB 0x0000000084600000| Complete |  0
|  71|0x0000000084700000, 0x0000000084800000, 0x0000000084800000|100%|HS|  |TAMS 0x0000000084700000| PB 0x0000000084700000| Complete |  0
|  72|0x0000000084800000, 0x0000000084900000, 0x0000000084900000|100%|HC|  |TAMS 0x0000000084800000| PB 0x0000000084800000| Complete |  0
|  73|0x0000000084900000, 0x0000000084a00000, 0x0000000084a00000|100%|HS|  |TAMS 0x0000000084900000| PB 0x0000000084900000| Complete |  0
|  74|0x0000000084a00000, 0x0000000084b00000, 0x0000000084b00000|100%| O|  |TAMS 0x0000000084a00000| PB 0x0000000084a00000| Untracked |  0
|  75|0x0000000084b00000, 0x0000000084c00000, 0x0000000084c00000|100%| O|  |TAMS 0x0000000084b00000| PB 0x0000000084b00000| Untracked |  0
|  76|0x0000000084c00000, 0x0000000084d00000, 0x0000000084d00000|100%| O|  |TAMS 0x0000000084c00000| PB 0x0000000084c00000| Untracked |  0
|  77|0x0000000084d00000, 0x0000000084e00000, 0x0000000084e00000|100%| O|  |TAMS 0x0000000084d00000| PB 0x0000000084d00000| Untracked |  0
|  78|0x0000000084e00000, 0x0000000084f00000, 0x0000000084f00000|100%| O|  |TAMS 0x0000000084e00000| PB 0x0000000084e00000| Untracked |  0
|  79|0x0000000084f00000, 0x0000000085000000, 0x0000000085000000|100%| O|  |TAMS 0x0000000084f00000| PB 0x0000000084f00000| Untracked |  0
|  80|0x0000000085000000, 0x0000000085000000, 0x0000000085100000|  0%| F|  |TAMS 0x0000000085000000| PB 0x0000000085000000| Untracked |  0
|  81|0x0000000085100000, 0x0000000085200000, 0x0000000085200000|100%| O|  |TAMS 0x0000000085100000| PB 0x0000000085100000| Untracked |  0
|  82|0x0000000085200000, 0x0000000085200000, 0x0000000085300000|  0%| F|  |TAMS 0x0000000085200000| PB 0x0000000085200000| Untracked |  0
|  83|0x0000000085300000, 0x0000000085400000, 0x0000000085400000|100%| O|  |TAMS 0x0000000085300000| PB 0x0000000085300000| Untracked |  0
|  84|0x0000000085400000, 0x0000000085500000, 0x0000000085500000|100%| O|  |TAMS 0x0000000085400000| PB 0x0000000085400000| Untracked |  0
|  85|0x0000000085500000, 0x0000000085600000, 0x0000000085600000|100%| O|  |TAMS 0x0000000085500000| PB 0x0000000085500000| Untracked |  0
|  86|0x0000000085600000, 0x0000000085700000, 0x0000000085700000|100%|HS|  |TAMS 0x0000000085600000| PB 0x0000000085600000| Complete |  0
|  87|0x0000000085700000, 0x0000000085800000, 0x0000000085800000|100%|HC|  |TAMS 0x0000000085700000| PB 0x0000000085700000| Complete |  0
|  88|0x0000000085800000, 0x0000000085900000, 0x0000000085900000|100%|HC|  |TAMS 0x0000000085800000| PB 0x0000000085800000| Complete |  0
|  89|0x0000000085900000, 0x0000000085a00000, 0x0000000085a00000|100%|HC|  |TAMS 0x0000000085900000| PB 0x0000000085900000| Complete |  0
|  90|0x0000000085a00000, 0x0000000085b00000, 0x0000000085b00000|100%| O|  |TAMS 0x0000000085a00000| PB 0x0000000085a00000| Untracked |  0
|  91|0x0000000085b00000, 0x0000000085c00000, 0x0000000085c00000|100%|HS|  |TAMS 0x0000000085b00000| PB 0x0000000085b00000| Complete |  0
|  92|0x0000000085c00000, 0x0000000085d00000, 0x0000000085d00000|100%|HC|  |TAMS 0x0000000085c00000| PB 0x0000000085c00000| Complete |  0
|  93|0x0000000085d00000, 0x0000000085e00000, 0x0000000085e00000|100%| O|  |TAMS 0x0000000085d00000| PB 0x0000000085d00000| Untracked |  0
|  94|0x0000000085e00000, 0x0000000085f00000, 0x0000000085f00000|100%| O|  |TAMS 0x0000000085e00000| PB 0x0000000085e00000| Untracked |  0
|  95|0x0000000085f00000, 0x0000000086000000, 0x0000000086000000|100%| O|  |TAMS 0x0000000085f00000| PB 0x0000000085f00000| Untracked |  0
|  96|0x0000000086000000, 0x0000000086100000, 0x0000000086100000|100%| O|  |TAMS 0x0000000086000000| PB 0x0000000086000000| Untracked |  0
|  97|0x0000000086100000, 0x0000000086200000, 0x0000000086200000|100%| O|  |TAMS 0x0000000086100000| PB 0x0000000086100000| Untracked |  0
|  98|0x0000000086200000, 0x0000000086300000, 0x0000000086300000|100%| O|  |TAMS 0x0000000086200000| PB 0x0000000086200000| Untracked |  0
|  99|0x0000000086300000, 0x0000000086400000, 0x0000000086400000|100%|HS|  |TAMS 0x0000000086300000| PB 0x0000000086300000| Complete |  0
| 100|0x0000000086400000, 0x0000000086500000, 0x0000000086500000|100%| O|  |TAMS 0x0000000086400000| PB 0x0000000086400000| Untracked |  0
| 101|0x0000000086500000, 0x0000000086600000, 0x0000000086600000|100%| O|  |TAMS 0x0000000086500000| PB 0x0000000086500000| Untracked |  0
| 102|0x0000000086600000, 0x0000000086700000, 0x0000000086700000|100%| O|  |TAMS 0x0000000086600000| PB 0x0000000086600000| Untracked |  0
| 103|0x0000000086700000, 0x0000000086800000, 0x0000000086800000|100%| O|  |TAMS 0x0000000086700000| PB 0x0000000086700000| Untracked |  0
| 104|0x0000000086800000, 0x0000000086900000, 0x0000000086900000|100%| O|  |TAMS 0x0000000086800000| PB 0x0000000086800000| Untracked |  0
| 105|0x0000000086900000, 0x0000000086a00000, 0x0000000086a00000|100%| O|  |TAMS 0x0000000086900000| PB 0x0000000086900000| Untracked |  0
| 106|0x0000000086a00000, 0x0000000086b00000, 0x0000000086b00000|100%| O|  |TAMS 0x0000000086a00000| PB 0x0000000086a00000| Untracked |  0
| 107|0x0000000086b00000, 0x0000000086b00000, 0x0000000086c00000|  0%| F|  |TAMS 0x0000000086b00000| PB 0x0000000086b00000| Untracked |  0
| 108|0x0000000086c00000, 0x0000000086c00000, 0x0000000086d00000|  0%| F|  |TAMS 0x0000000086c00000| PB 0x0000000086c00000| Untracked |  0
| 109|0x0000000086d00000, 0x0000000086e00000, 0x0000000086e00000|100%| O|  |TAMS 0x0000000086d00000| PB 0x0000000086d00000| Untracked |  0
| 110|0x0000000086e00000, 0x0000000086f00000, 0x0000000086f00000|100%| O|  |TAMS 0x0000000086e00000| PB 0x0000000086e00000| Untracked |  0
| 111|0x0000000086f00000, 0x0000000087000000, 0x0000000087000000|100%|HS|  |TAMS 0x0000000086f00000| PB 0x0000000086f00000| Complete |  0
| 112|0x0000000087000000, 0x0000000087100000, 0x0000000087100000|100%|HS|  |TAMS 0x0000000087000000| PB 0x0000000087000000| Complete |  0
| 113|0x0000000087100000, 0x0000000087200000, 0x0000000087200000|100%|HC|  |TAMS 0x0000000087100000| PB 0x0000000087100000| Complete |  0
| 114|0x0000000087200000, 0x0000000087300000, 0x0000000087300000|100%|HC|  |TAMS 0x0000000087200000| PB 0x0000000087200000| Complete |  0
| 115|0x0000000087300000, 0x0000000087400000, 0x0000000087400000|100%|HC|  |TAMS 0x0000000087300000| PB 0x0000000087300000| Complete |  0
| 116|0x0000000087400000, 0x0000000087500000, 0x0000000087500000|100%|HS|  |TAMS 0x0000000087400000| PB 0x0000000087400000| Complete |  0
| 117|0x0000000087500000, 0x0000000087600000, 0x0000000087600000|100%| O|  |TAMS 0x0000000087500000| PB 0x0000000087500000| Untracked |  0
| 118|0x0000000087600000, 0x0000000087600000, 0x0000000087700000|  0%| F|  |TAMS 0x0000000087600000| PB 0x0000000087600000| Untracked |  0
| 119|0x0000000087700000, 0x0000000087700000, 0x0000000087800000|  0%| F|  |TAMS 0x0000000087700000| PB 0x0000000087700000| Untracked |  0
| 120|0x0000000087800000, 0x0000000087900000, 0x0000000087900000|100%| O|  |TAMS 0x0000000087800000| PB 0x0000000087800000| Untracked |  0
| 121|0x0000000087900000, 0x0000000087a00000, 0x0000000087a00000|100%| O|  |TAMS 0x0000000087900000| PB 0x0000000087900000| Untracked |  0
| 122|0x0000000087a00000, 0x0000000087b00000, 0x0000000087b00000|100%| O|  |TAMS 0x0000000087a00000| PB 0x0000000087a00000| Untracked |  0
| 123|0x0000000087b00000, 0x0000000087c00000, 0x0000000087c00000|100%| O|  |TAMS 0x0000000087b00000| PB 0x0000000087b00000| Untracked |  0
| 124|0x0000000087c00000, 0x0000000087d00000, 0x0000000087d00000|100%| O|  |TAMS 0x0000000087c00000| PB 0x0000000087c00000| Untracked |  0
| 125|0x0000000087d00000, 0x0000000087e00000, 0x0000000087e00000|100%| O|  |TAMS 0x0000000087d00000| PB 0x0000000087d00000| Untracked |  0
| 126|0x0000000087e00000, 0x0000000087f00000, 0x0000000087f00000|100%| O|  |TAMS 0x0000000087e00000| PB 0x0000000087e00000| Untracked |  0
| 127|0x0000000087f00000, 0x0000000088000000, 0x0000000088000000|100%| O|  |TAMS 0x0000000087f00000| PB 0x0000000087f00000| Untracked |  0
| 128|0x0000000088000000, 0x0000000088100000, 0x0000000088100000|100%| O|  |TAMS 0x0000000088000000| PB 0x0000000088000000| Untracked |  0
| 129|0x0000000088100000, 0x0000000088200000, 0x0000000088200000|100%| O|  |TAMS 0x0000000088100000| PB 0x0000000088100000| Untracked |  0
| 130|0x0000000088200000, 0x0000000088300000, 0x0000000088300000|100%| O|  |TAMS 0x0000000088200000| PB 0x0000000088200000| Untracked |  0
| 131|0x0000000088300000, 0x0000000088400000, 0x0000000088400000|100%| O|  |TAMS 0x0000000088300000| PB 0x0000000088300000| Untracked |  0
| 132|0x0000000088400000, 0x0000000088500000, 0x0000000088500000|100%| O|  |TAMS 0x0000000088400000| PB 0x0000000088400000| Untracked |  0
| 133|0x0000000088500000, 0x0000000088600000, 0x0000000088600000|100%| O|  |TAMS 0x0000000088500000| PB 0x0000000088500000| Untracked |  0
| 134|0x0000000088600000, 0x0000000088700000, 0x0000000088700000|100%| O|  |TAMS 0x0000000088600000| PB 0x0000000088600000| Untracked |  0
| 135|0x0000000088700000, 0x0000000088800000, 0x0000000088800000|100%| O|  |TAMS 0x0000000088700000| PB 0x0000000088700000| Untracked |  0
| 136|0x0000000088800000, 0x0000000088900000, 0x0000000088900000|100%| O|  |TAMS 0x0000000088800000| PB 0x0000000088800000| Untracked |  0
| 137|0x0000000088900000, 0x0000000088a00000, 0x0000000088a00000|100%| O|  |TAMS 0x0000000088900000| PB 0x0000000088900000| Untracked |  0
| 138|0x0000000088a00000, 0x0000000088b00000, 0x0000000088b00000|100%| O|  |TAMS 0x0000000088a00000| PB 0x0000000088a00000| Untracked |  0
| 139|0x0000000088b00000, 0x0000000088c00000, 0x0000000088c00000|100%| O|  |TAMS 0x0000000088b00000| PB 0x0000000088b00000| Untracked |  0
| 140|0x0000000088c00000, 0x0000000088d00000, 0x0000000088d00000|100%| O|  |TAMS 0x0000000088c00000| PB 0x0000000088c00000| Untracked |  0
| 141|0x0000000088d00000, 0x0000000088e00000, 0x0000000088e00000|100%| O|  |TAMS 0x0000000088d00000| PB 0x0000000088d00000| Untracked |  0
| 142|0x0000000088e00000, 0x0000000088f00000, 0x0000000088f00000|100%| O|  |TAMS 0x0000000088e00000| PB 0x0000000088e00000| Untracked |  0
| 143|0x0000000088f00000, 0x0000000089000000, 0x0000000089000000|100%| O|  |TAMS 0x0000000088f00000| PB 0x0000000088f00000| Untracked |  0
| 144|0x0000000089000000, 0x0000000089100000, 0x0000000089100000|100%| O|  |TAMS 0x0000000089000000| PB 0x0000000089000000| Untracked |  0
| 145|0x0000000089100000, 0x0000000089200000, 0x0000000089200000|100%| O|  |TAMS 0x0000000089100000| PB 0x0000000089100000| Untracked |  0
| 146|0x0000000089200000, 0x0000000089300000, 0x0000000089300000|100%| O|  |TAMS 0x0000000089200000| PB 0x0000000089200000| Untracked |  0
| 147|0x0000000089300000, 0x0000000089400000, 0x0000000089400000|100%| O|  |TAMS 0x0000000089300000| PB 0x0000000089300000| Untracked |  0
| 148|0x0000000089400000, 0x0000000089500000, 0x0000000089500000|100%| O|  |TAMS 0x0000000089400000| PB 0x0000000089400000| Untracked |  0
| 149|0x0000000089500000, 0x0000000089600000, 0x0000000089600000|100%| O|  |TAMS 0x0000000089500000| PB 0x0000000089500000| Untracked |  0
| 150|0x0000000089600000, 0x0000000089700000, 0x0000000089700000|100%| O|  |TAMS 0x0000000089600000| PB 0x0000000089600000| Untracked |  0
| 151|0x0000000089700000, 0x0000000089800000, 0x0000000089800000|100%| O|  |TAMS 0x0000000089700000| PB 0x0000000089700000| Untracked |  0
| 152|0x0000000089800000, 0x0000000089900000, 0x0000000089900000|100%| O|  |TAMS 0x0000000089800000| PB 0x0000000089800000| Untracked |  0
| 153|0x0000000089900000, 0x0000000089a00000, 0x0000000089a00000|100%| O|  |TAMS 0x0000000089900000| PB 0x0000000089900000| Untracked |  0
| 154|0x0000000089a00000, 0x0000000089b00000, 0x0000000089b00000|100%| O|  |TAMS 0x0000000089a00000| PB 0x0000000089a00000| Untracked |  0
| 155|0x0000000089b00000, 0x0000000089c00000, 0x0000000089c00000|100%| O|  |TAMS 0x0000000089b00000| PB 0x0000000089b00000| Untracked |  0
| 156|0x0000000089c00000, 0x0000000089c00000, 0x0000000089d00000|  0%| F|  |TAMS 0x0000000089c00000| PB 0x0000000089c00000| Untracked |  0
| 157|0x0000000089d00000, 0x0000000089d00000, 0x0000000089e00000|  0%| F|  |TAMS 0x0000000089d00000| PB 0x0000000089d00000| Untracked |  0
| 158|0x0000000089e00000, 0x0000000089e00000, 0x0000000089f00000|  0%| F|  |TAMS 0x0000000089e00000| PB 0x0000000089e00000| Untracked |  0
| 159|0x0000000089f00000, 0x0000000089f00000, 0x000000008a000000|  0%| F|  |TAMS 0x0000000089f00000| PB 0x0000000089f00000| Untracked |  0
| 160|0x000000008a000000, 0x000000008a000000, 0x000000008a100000|  0%| F|  |TAMS 0x000000008a000000| PB 0x000000008a000000| Untracked |  0
| 161|0x000000008a100000, 0x000000008a100000, 0x000000008a200000|  0%| F|  |TAMS 0x000000008a100000| PB 0x000000008a100000| Untracked |  0
| 162|0x000000008a200000, 0x000000008a200000, 0x000000008a300000|  0%| F|  |TAMS 0x000000008a200000| PB 0x000000008a200000| Untracked |  0
| 163|0x000000008a300000, 0x000000008a300000, 0x000000008a400000|  0%| F|  |TAMS 0x000000008a300000| PB 0x000000008a300000| Untracked |  0
| 164|0x000000008a400000, 0x000000008a400000, 0x000000008a500000|  0%| F|  |TAMS 0x000000008a400000| PB 0x000000008a400000| Untracked |  0
| 165|0x000000008a500000, 0x000000008a500000, 0x000000008a600000|  0%| F|  |TAMS 0x000000008a500000| PB 0x000000008a500000| Untracked |  0
| 166|0x000000008a600000, 0x000000008a600000, 0x000000008a700000|  0%| F|  |TAMS 0x000000008a600000| PB 0x000000008a600000| Untracked |  0
| 167|0x000000008a700000, 0x000000008a700000, 0x000000008a800000|  0%| F|  |TAMS 0x000000008a700000| PB 0x000000008a700000| Untracked |  0
| 168|0x000000008a800000, 0x000000008a800000, 0x000000008a900000|  0%| F|  |TAMS 0x000000008a800000| PB 0x000000008a800000| Untracked |  0
| 169|0x000000008a900000, 0x000000008a900000, 0x000000008aa00000|  0%| F|  |TAMS 0x000000008a900000| PB 0x000000008a900000| Untracked |  0
| 170|0x000000008aa00000, 0x000000008aa00000, 0x000000008ab00000|  0%| F|  |TAMS 0x000000008aa00000| PB 0x000000008aa00000| Untracked |  0
| 171|0x000000008ab00000, 0x000000008ab00000, 0x000000008ac00000|  0%| F|  |TAMS 0x000000008ab00000| PB 0x000000008ab00000| Untracked |  0
| 172|0x000000008ac00000, 0x000000008ac40cb0, 0x000000008ad00000| 25%| S|CS|TAMS 0x000000008ac00000| PB 0x000000008ac00000| Complete |  0
| 173|0x000000008ad00000, 0x000000008ae00000, 0x000000008ae00000|100%| S|CS|TAMS 0x000000008ad00000| PB 0x000000008ad00000| Complete |  0
| 174|0x000000008ae00000, 0x000000008af00000, 0x000000008af00000|100%| S|CS|TAMS 0x000000008ae00000| PB 0x000000008ae00000| Complete |  0
| 175|0x000000008af00000, 0x000000008b000000, 0x000000008b000000|100%| S|CS|TAMS 0x000000008af00000| PB 0x000000008af00000| Complete |  0
| 176|0x000000008b000000, 0x000000008b100000, 0x000000008b100000|100%| S|CS|TAMS 0x000000008b000000| PB 0x000000008b000000| Complete |  0
| 177|0x000000008b100000, 0x000000008b200000, 0x000000008b200000|100%| S|CS|TAMS 0x000000008b100000| PB 0x000000008b100000| Complete |  0
| 178|0x000000008b200000, 0x000000008b300000, 0x000000008b300000|100%| S|CS|TAMS 0x000000008b200000| PB 0x000000008b200000| Complete |  0
| 179|0x000000008b300000, 0x000000008b400000, 0x000000008b400000|100%| S|CS|TAMS 0x000000008b300000| PB 0x000000008b300000| Complete |  0
| 180|0x000000008b400000, 0x000000008b500000, 0x000000008b500000|100%| S|CS|TAMS 0x000000008b400000| PB 0x000000008b400000| Complete |  0
| 181|0x000000008b500000, 0x000000008b500000, 0x000000008b600000|  0%| F|  |TAMS 0x000000008b500000| PB 0x000000008b500000| Untracked |  0
| 182|0x000000008b600000, 0x000000008b600000, 0x000000008b700000|  0%| F|  |TAMS 0x000000008b600000| PB 0x000000008b600000| Untracked |  0
| 183|0x000000008b700000, 0x000000008b700000, 0x000000008b800000|  0%| F|  |TAMS 0x000000008b700000| PB 0x000000008b700000| Untracked |  0
| 184|0x000000008b800000, 0x000000008b800000, 0x000000008b900000|  0%| F|  |TAMS 0x000000008b800000| PB 0x000000008b800000| Untracked |  0
| 185|0x000000008b900000, 0x000000008b900000, 0x000000008ba00000|  0%| F|  |TAMS 0x000000008b900000| PB 0x000000008b900000| Untracked |  0
| 186|0x000000008ba00000, 0x000000008ba00000, 0x000000008bb00000|  0%| F|  |TAMS 0x000000008ba00000| PB 0x000000008ba00000| Untracked |  0
| 187|0x000000008bb00000, 0x000000008bb00000, 0x000000008bc00000|  0%| F|  |TAMS 0x000000008bb00000| PB 0x000000008bb00000| Untracked |  0
| 188|0x000000008bc00000, 0x000000008bc00000, 0x000000008bd00000|  0%| F|  |TAMS 0x000000008bc00000| PB 0x000000008bc00000| Untracked |  0
| 189|0x000000008bd00000, 0x000000008bd00000, 0x000000008be00000|  0%| F|  |TAMS 0x000000008bd00000| PB 0x000000008bd00000| Untracked |  0
| 190|0x000000008be00000, 0x000000008be00000, 0x000000008bf00000|  0%| F|  |TAMS 0x000000008be00000| PB 0x000000008be00000| Untracked |  0
| 191|0x000000008bf00000, 0x000000008bf00000, 0x000000008c000000|  0%| F|  |TAMS 0x000000008bf00000| PB 0x000000008bf00000| Untracked |  0
| 192|0x000000008c000000, 0x000000008c000000, 0x000000008c100000|  0%| F|  |TAMS 0x000000008c000000| PB 0x000000008c000000| Untracked |  0
| 193|0x000000008c100000, 0x000000008c100000, 0x000000008c200000|  0%| F|  |TAMS 0x000000008c100000| PB 0x000000008c100000| Untracked |  0
| 194|0x000000008c200000, 0x000000008c200000, 0x000000008c300000|  0%| F|  |TAMS 0x000000008c200000| PB 0x000000008c200000| Untracked |  0
| 195|0x000000008c300000, 0x000000008c300000, 0x000000008c400000|  0%| F|  |TAMS 0x000000008c300000| PB 0x000000008c300000| Untracked |  0
| 196|0x000000008c400000, 0x000000008c400000, 0x000000008c500000|  0%| F|  |TAMS 0x000000008c400000| PB 0x000000008c400000| Untracked |  0
| 197|0x000000008c500000, 0x000000008c500000, 0x000000008c600000|  0%| F|  |TAMS 0x000000008c500000| PB 0x000000008c500000| Untracked |  0
| 198|0x000000008c600000, 0x000000008c600000, 0x000000008c700000|  0%| F|  |TAMS 0x000000008c600000| PB 0x000000008c600000| Untracked |  0
| 199|0x000000008c700000, 0x000000008c700000, 0x000000008c800000|  0%| F|  |TAMS 0x000000008c700000| PB 0x000000008c700000| Untracked |  0
| 200|0x000000008c800000, 0x000000008c800000, 0x000000008c900000|  0%| F|  |TAMS 0x000000008c800000| PB 0x000000008c800000| Untracked |  0
| 201|0x000000008c900000, 0x000000008c900000, 0x000000008ca00000|  0%| F|  |TAMS 0x000000008c900000| PB 0x000000008c900000| Untracked |  0
| 202|0x000000008ca00000, 0x000000008ca00000, 0x000000008cb00000|  0%| F|  |TAMS 0x000000008ca00000| PB 0x000000008ca00000| Untracked |  0
| 203|0x000000008cb00000, 0x000000008cb00000, 0x000000008cc00000|  0%| F|  |TAMS 0x000000008cb00000| PB 0x000000008cb00000| Untracked |  0
| 204|0x000000008cc00000, 0x000000008cc00000, 0x000000008cd00000|  0%| F|  |TAMS 0x000000008cc00000| PB 0x000000008cc00000| Untracked |  0
| 205|0x000000008cd00000, 0x000000008cd00000, 0x000000008ce00000|  0%| F|  |TAMS 0x000000008cd00000| PB 0x000000008cd00000| Untracked |  0
| 206|0x000000008ce00000, 0x000000008ce00000, 0x000000008cf00000|  0%| F|  |TAMS 0x000000008ce00000| PB 0x000000008ce00000| Untracked |  0
| 207|0x000000008cf00000, 0x000000008d000000, 0x000000008d000000|100%| E|  |TAMS 0x000000008cf00000| PB 0x000000008cf00000| Complete |  0
| 208|0x000000008d000000, 0x000000008d100000, 0x000000008d100000|100%| E|CS|TAMS 0x000000008d000000| PB 0x000000008d000000| Complete |  0
| 209|0x000000008d100000, 0x000000008d200000, 0x000000008d200000|100%| E|CS|TAMS 0x000000008d100000| PB 0x000000008d100000| Complete |  0
| 210|0x000000008d200000, 0x000000008d300000, 0x000000008d300000|100%| E|CS|TAMS 0x000000008d200000| PB 0x000000008d200000| Complete |  0
| 211|0x000000008d300000, 0x000000008d400000, 0x000000008d400000|100%| E|CS|TAMS 0x000000008d300000| PB 0x000000008d300000| Complete |  0
| 212|0x000000008d400000, 0x000000008d500000, 0x000000008d500000|100%| E|CS|TAMS 0x000000008d400000| PB 0x000000008d400000| Complete |  0
| 213|0x000000008d500000, 0x000000008d600000, 0x000000008d600000|100%| E|CS|TAMS 0x000000008d500000| PB 0x000000008d500000| Complete |  0
| 214|0x000000008d600000, 0x000000008d700000, 0x000000008d700000|100%| E|CS|TAMS 0x000000008d600000| PB 0x000000008d600000| Complete |  0
| 215|0x000000008d700000, 0x000000008d800000, 0x000000008d800000|100%| E|CS|TAMS 0x000000008d700000| PB 0x000000008d700000| Complete |  0
| 216|0x000000008d800000, 0x000000008d900000, 0x000000008d900000|100%| E|CS|TAMS 0x000000008d800000| PB 0x000000008d800000| Complete |  0
| 217|0x000000008d900000, 0x000000008da00000, 0x000000008da00000|100%| E|CS|TAMS 0x000000008d900000| PB 0x000000008d900000| Complete |  0
| 218|0x000000008da00000, 0x000000008db00000, 0x000000008db00000|100%| E|CS|TAMS 0x000000008da00000| PB 0x000000008da00000| Complete |  0
| 219|0x000000008db00000, 0x000000008dc00000, 0x000000008dc00000|100%| E|CS|TAMS 0x000000008db00000| PB 0x000000008db00000| Complete |  0
| 220|0x000000008dc00000, 0x000000008dd00000, 0x000000008dd00000|100%| E|CS|TAMS 0x000000008dc00000| PB 0x000000008dc00000| Complete |  0
| 221|0x000000008dd00000, 0x000000008de00000, 0x000000008de00000|100%| E|CS|TAMS 0x000000008dd00000| PB 0x000000008dd00000| Complete |  0
| 222|0x000000008de00000, 0x000000008df00000, 0x000000008df00000|100%| E|CS|TAMS 0x000000008de00000| PB 0x000000008de00000| Complete |  0
| 223|0x000000008df00000, 0x000000008e000000, 0x000000008e000000|100%| E|CS|TAMS 0x000000008df00000| PB 0x000000008df00000| Complete |  0
| 224|0x000000008e000000, 0x000000008e100000, 0x000000008e100000|100%| E|CS|TAMS 0x000000008e000000| PB 0x000000008e000000| Complete |  0
| 225|0x000000008e100000, 0x000000008e200000, 0x000000008e200000|100%| E|CS|TAMS 0x000000008e100000| PB 0x000000008e100000| Complete |  0
| 226|0x000000008e200000, 0x000000008e300000, 0x000000008e300000|100%| E|CS|TAMS 0x000000008e200000| PB 0x000000008e200000| Complete |  0
| 227|0x000000008e300000, 0x000000008e400000, 0x000000008e400000|100%| E|CS|TAMS 0x000000008e300000| PB 0x000000008e300000| Complete |  0
| 228|0x000000008e400000, 0x000000008e500000, 0x000000008e500000|100%| E|CS|TAMS 0x000000008e400000| PB 0x000000008e400000| Complete |  0
| 229|0x000000008e500000, 0x000000008e600000, 0x000000008e600000|100%| E|CS|TAMS 0x000000008e500000| PB 0x000000008e500000| Complete |  0
| 230|0x000000008e600000, 0x000000008e700000, 0x000000008e700000|100%| E|CS|TAMS 0x000000008e600000| PB 0x000000008e600000| Complete |  0
| 231|0x000000008e700000, 0x000000008e800000, 0x000000008e800000|100%| E|CS|TAMS 0x000000008e700000| PB 0x000000008e700000| Complete |  0
| 232|0x000000008e800000, 0x000000008e900000, 0x000000008e900000|100%| E|CS|TAMS 0x000000008e800000| PB 0x000000008e800000| Complete |  0
| 233|0x000000008e900000, 0x000000008ea00000, 0x000000008ea00000|100%| E|CS|TAMS 0x000000008e900000| PB 0x000000008e900000| Complete |  0
| 234|0x000000008ea00000, 0x000000008eb00000, 0x000000008eb00000|100%| E|CS|TAMS 0x000000008ea00000| PB 0x000000008ea00000| Complete |  0
| 235|0x000000008eb00000, 0x000000008ec00000, 0x000000008ec00000|100%| E|CS|TAMS 0x000000008eb00000| PB 0x000000008eb00000| Complete |  0
| 236|0x000000008ec00000, 0x000000008ed00000, 0x000000008ed00000|100%| E|CS|TAMS 0x000000008ec00000| PB 0x000000008ec00000| Complete |  0
| 237|0x000000008ed00000, 0x000000008ee00000, 0x000000008ee00000|100%| E|CS|TAMS 0x000000008ed00000| PB 0x000000008ed00000| Complete |  0
| 238|0x000000008ee00000, 0x000000008ef00000, 0x000000008ef00000|100%| E|CS|TAMS 0x000000008ee00000| PB 0x000000008ee00000| Complete |  0
| 239|0x000000008ef00000, 0x000000008f000000, 0x000000008f000000|100%| E|CS|TAMS 0x000000008ef00000| PB 0x000000008ef00000| Complete |  0
| 240|0x000000008f000000, 0x000000008f100000, 0x000000008f100000|100%| E|CS|TAMS 0x000000008f000000| PB 0x000000008f000000| Complete |  0
| 241|0x000000008f100000, 0x000000008f200000, 0x000000008f200000|100%| E|CS|TAMS 0x000000008f100000| PB 0x000000008f100000| Complete |  0
| 242|0x000000008f200000, 0x000000008f300000, 0x000000008f300000|100%| E|CS|TAMS 0x000000008f200000| PB 0x000000008f200000| Complete |  0
| 243|0x000000008f300000, 0x000000008f400000, 0x000000008f400000|100%| E|CS|TAMS 0x000000008f300000| PB 0x000000008f300000| Complete |  0
| 244|0x000000008f400000, 0x000000008f500000, 0x000000008f500000|100%| E|CS|TAMS 0x000000008f400000| PB 0x000000008f400000| Complete |  0
| 245|0x000000008f500000, 0x000000008f600000, 0x000000008f600000|100%| E|CS|TAMS 0x000000008f500000| PB 0x000000008f500000| Complete |  0
| 246|0x000000008f600000, 0x000000008f700000, 0x000000008f700000|100%| E|CS|TAMS 0x000000008f600000| PB 0x000000008f600000| Complete |  0
| 247|0x000000008f700000, 0x000000008f800000, 0x000000008f800000|100%| E|CS|TAMS 0x000000008f700000| PB 0x000000008f700000| Complete |  0
| 248|0x000000008f800000, 0x000000008f900000, 0x000000008f900000|100%| E|CS|TAMS 0x000000008f800000| PB 0x000000008f800000| Complete |  0
| 249|0x000000008f900000, 0x000000008fa00000, 0x000000008fa00000|100%| E|CS|TAMS 0x000000008f900000| PB 0x000000008f900000| Complete |  0
| 250|0x000000008fa00000, 0x000000008fb00000, 0x000000008fb00000|100%| E|CS|TAMS 0x000000008fa00000| PB 0x000000008fa00000| Complete |  0
| 251|0x000000008fb00000, 0x000000008fc00000, 0x000000008fc00000|100%| E|CS|TAMS 0x000000008fb00000| PB 0x000000008fb00000| Complete |  0
| 252|0x000000008fc00000, 0x000000008fd00000, 0x000000008fd00000|100%| E|CS|TAMS 0x000000008fc00000| PB 0x000000008fc00000| Complete |  0
| 253|0x000000008fd00000, 0x000000008fe00000, 0x000000008fe00000|100%| E|CS|TAMS 0x000000008fd00000| PB 0x000000008fd00000| Complete |  0
| 254|0x000000008fe00000, 0x000000008ff00000, 0x000000008ff00000|100%| E|CS|TAMS 0x000000008fe00000| PB 0x000000008fe00000| Complete |  0
| 255|0x000000008ff00000, 0x0000000090000000, 0x0000000090000000|100%| E|CS|TAMS 0x000000008ff00000| PB 0x000000008ff00000| Complete |  0
| 256|0x0000000090000000, 0x0000000090100000, 0x0000000090100000|100%| E|CS|TAMS 0x0000000090000000| PB 0x0000000090000000| Complete |  0
| 257|0x0000000090100000, 0x0000000090200000, 0x0000000090200000|100%| E|CS|TAMS 0x0000000090100000| PB 0x0000000090100000| Complete |  0
| 258|0x0000000090200000, 0x0000000090300000, 0x0000000090300000|100%| E|CS|TAMS 0x0000000090200000| PB 0x0000000090200000| Complete |  0
| 259|0x0000000090300000, 0x0000000090400000, 0x0000000090400000|100%| E|CS|TAMS 0x0000000090300000| PB 0x0000000090300000| Complete |  0
| 260|0x0000000090400000, 0x0000000090500000, 0x0000000090500000|100%| E|CS|TAMS 0x0000000090400000| PB 0x0000000090400000| Complete |  0
| 261|0x0000000090500000, 0x0000000090600000, 0x0000000090600000|100%| E|CS|TAMS 0x0000000090500000| PB 0x0000000090500000| Complete |  0
| 262|0x0000000090600000, 0x0000000090700000, 0x0000000090700000|100%| E|CS|TAMS 0x0000000090600000| PB 0x0000000090600000| Complete |  0
| 263|0x0000000090700000, 0x0000000090800000, 0x0000000090800000|100%| E|CS|TAMS 0x0000000090700000| PB 0x0000000090700000| Complete |  0
| 264|0x0000000090800000, 0x0000000090900000, 0x0000000090900000|100%| E|CS|TAMS 0x0000000090800000| PB 0x0000000090800000| Complete |  0
| 265|0x0000000090900000, 0x0000000090a00000, 0x0000000090a00000|100%| E|CS|TAMS 0x0000000090900000| PB 0x0000000090900000| Complete |  0
| 266|0x0000000090a00000, 0x0000000090b00000, 0x0000000090b00000|100%| E|CS|TAMS 0x0000000090a00000| PB 0x0000000090a00000| Complete |  0
| 267|0x0000000090b00000, 0x0000000090c00000, 0x0000000090c00000|100%| E|CS|TAMS 0x0000000090b00000| PB 0x0000000090b00000| Complete |  0
| 268|0x0000000090c00000, 0x0000000090d00000, 0x0000000090d00000|100%| E|CS|TAMS 0x0000000090c00000| PB 0x0000000090c00000| Complete |  0
| 269|0x0000000090d00000, 0x0000000090e00000, 0x0000000090e00000|100%| E|CS|TAMS 0x0000000090d00000| PB 0x0000000090d00000| Complete |  0
| 270|0x0000000090e00000, 0x0000000090f00000, 0x0000000090f00000|100%| E|CS|TAMS 0x0000000090e00000| PB 0x0000000090e00000| Complete |  0
| 271|0x0000000090f00000, 0x0000000091000000, 0x0000000091000000|100%| E|CS|TAMS 0x0000000090f00000| PB 0x0000000090f00000| Complete |  0
| 272|0x0000000091000000, 0x0000000091100000, 0x0000000091100000|100%| E|CS|TAMS 0x0000000091000000| PB 0x0000000091000000| Complete |  0
|2024|0x00000000fe800000, 0x00000000fe900000, 0x00000000fe900000|100%| E|CS|TAMS 0x00000000fe800000| PB 0x00000000fe800000| Complete |  0
|2025|0x00000000fe900000, 0x00000000fea00000, 0x00000000fea00000|100%| E|CS|TAMS 0x00000000fe900000| PB 0x00000000fe900000| Complete |  0
|2026|0x00000000fea00000, 0x00000000feb00000, 0x00000000feb00000|100%| E|CS|TAMS 0x00000000fea00000| PB 0x00000000fea00000| Complete |  0
|2027|0x00000000feb00000, 0x00000000fec00000, 0x00000000fec00000|100%| E|CS|TAMS 0x00000000feb00000| PB 0x00000000feb00000| Complete |  0
|2028|0x00000000fec00000, 0x00000000fed00000, 0x00000000fed00000|100%| O|  |TAMS 0x00000000fec00000| PB 0x00000000fec00000| Untracked |  0
|2029|0x00000000fed00000, 0x00000000fee00000, 0x00000000fee00000|100%| O|  |TAMS 0x00000000fed00000| PB 0x00000000fed00000| Untracked |  0
|2030|0x00000000fee00000, 0x00000000fef00000, 0x00000000fef00000|100%| O|  |TAMS 0x00000000fee00000| PB 0x00000000fee00000| Untracked |  0
|2031|0x00000000fef00000, 0x00000000ff000000, 0x00000000ff000000|100%| O|  |TAMS 0x00000000fef00000| PB 0x00000000fef00000| Untracked |  0
|2032|0x00000000ff000000, 0x00000000ff100000, 0x00000000ff100000|100%| O|  |TAMS 0x00000000ff000000| PB 0x00000000ff000000| Untracked |  0
|2033|0x00000000ff100000, 0x00000000ff200000, 0x00000000ff200000|100%| O|  |TAMS 0x00000000ff100000| PB 0x00000000ff100000| Untracked |  0
|2034|0x00000000ff200000, 0x00000000ff300000, 0x00000000ff300000|100%| O|  |TAMS 0x00000000ff200000| PB 0x00000000ff200000| Untracked |  0
|2035|0x00000000ff300000, 0x00000000ff400000, 0x00000000ff400000|100%| O|  |TAMS 0x00000000ff300000| PB 0x00000000ff300000| Untracked |  0
|2036|0x00000000ff400000, 0x00000000ff500000, 0x00000000ff500000|100%| O|  |TAMS 0x00000000ff400000| PB 0x00000000ff400000| Untracked |  0
|2037|0x00000000ff500000, 0x00000000ff600000, 0x00000000ff600000|100%| O|  |TAMS 0x00000000ff500000| PB 0x00000000ff500000| Untracked |  0
|2038|0x00000000ff600000, 0x00000000ff700000, 0x00000000ff700000|100%| E|CS|TAMS 0x00000000ff600000| PB 0x00000000ff600000| Complete |  0
|2039|0x00000000ff700000, 0x00000000ff800000, 0x00000000ff800000|100%| O|  |TAMS 0x00000000ff700000| PB 0x00000000ff700000| Untracked |  0
|2040|0x00000000ff800000, 0x00000000ff900000, 0x00000000ff900000|100%| E|CS|TAMS 0x00000000ff800000| PB 0x00000000ff800000| Complete |  0
|2041|0x00000000ff900000, 0x00000000ffa00000, 0x00000000ffa00000|100%| O|  |TAMS 0x00000000ff900000| PB 0x00000000ff900000| Untracked |  0
|2042|0x00000000ffa00000, 0x00000000ffb00000, 0x00000000ffb00000|100%| O|  |TAMS 0x00000000ffa00000| PB 0x00000000ffa00000| Untracked |  0
|2043|0x00000000ffb00000, 0x00000000ffc00000, 0x00000000ffc00000|100%| O|  |TAMS 0x00000000ffb00000| PB 0x00000000ffb00000| Untracked |  0
|2044|0x00000000ffc00000, 0x00000000ffd00000, 0x00000000ffd00000|100%| O|  |TAMS 0x00000000ffc00000| PB 0x00000000ffc00000| Untracked |  0
|2045|0x00000000ffd00000, 0x00000000ffe00000, 0x00000000ffe00000|100%| O|  |TAMS 0x00000000ffd00000| PB 0x00000000ffd00000| Untracked |  0
|2046|0x00000000ffe00000, 0x00000000fff00000, 0x00000000fff00000|100%| O|  |TAMS 0x00000000ffe00000| PB 0x00000000ffe00000| Untracked |  0
|2047|0x00000000fff00000, 0x0000000100000000, 0x0000000100000000|100%| O|  |TAMS 0x00000000fff00000| PB 0x00000000fff00000| Untracked |  0

Card table byte_map: [0x000001ea28310000,0x000001ea28710000] _byte_map_base: 0x000001ea27f10000

Marking Bits: (CMBitMap*) 0x000001ea0ec0c1b0
 Bits: [0x000001ea28710000, 0x000001ea2a710000)

Polling page: 0x000001ea0e880000

Metaspace:

Usage:
  Non-class:    130.72 MB used.
      Class:     20.30 MB used.
       Both:    151.02 MB used.

Virtual space:
  Non-class space:      192.00 MB reserved,     132.12 MB ( 69%) committed,  3 nodes.
      Class space:        1.00 GB reserved,      21.62 MB (  2%) committed,  1 nodes.
             Both:        1.19 GB reserved,     153.75 MB ( 13%) committed. 

Chunk freelists:
   Non-Class:  11.45 MB
       Class:  10.42 MB
        Both:  21.87 MB

MaxMetaspaceSize: unlimited
CompressedClassSpaceSize: 1.00 GB
Initial GC threshold: 21.00 MB
Current GC threshold: 228.75 MB
CDS: on
 - commit_granule_bytes: 65536.
 - commit_granule_words: 8192.
 - virtual_space_node_default_size: 8388608.
 - enlarge_chunks_in_place: 1.
 - use_allocation_guard: 0.


Internal statistics:

num_allocs_failed_limit: 9.
num_arena_births: 4916.
num_arena_deaths: 0.
num_vsnodes_births: 4.
num_vsnodes_deaths: 0.
num_space_committed: 2459.
num_space_uncommitted: 0.
num_chunks_returned_to_freelist: 9.
num_chunks_taken_from_freelist: 11239.
num_chunk_merges: 9.
num_chunk_splits: 7920.
num_chunks_enlarged: 5605.
num_inconsistent_stats: 0.

CodeHeap 'non-profiled nmethods': size=120000Kb used=9769Kb max_used=9769Kb free=110230Kb
 bounds [0x000001ea1ff80000, 0x000001ea20910000, 0x000001ea274b0000]
CodeHeap 'profiled nmethods': size=120000Kb used=33530Kb max_used=33530Kb free=86470Kb
 bounds [0x000001ea184b0000, 0x000001ea1a570000, 0x000001ea1f9e0000]
CodeHeap 'non-nmethods': size=5760Kb used=2443Kb max_used=2483Kb free=3316Kb
 bounds [0x000001ea1f9e0000, 0x000001ea1fc60000, 0x000001ea1ff80000]
 total_blobs=17041 nmethods=15953 adapters=989
 compilation: enabled
              stopped_count=0, restarted_count=0
 full_count=0

Compilation events (20 events):
Event: 37.049 Thread 0x000001ea2d2082e0 nmethod 18403 0x000001ea1a51f090 code [0x000001ea1a51f240, 0x000001ea1a51f418]
Event: 37.049 Thread 0x000001ea2d2082e0 18404       3       com.google.protobuf.AbstractMessageLite::<init> (10 bytes)
Event: 37.050 Thread 0x000001ea2d2082e0 nmethod 18404 0x000001ea1a51f510 code [0x000001ea1a51f6a0, 0x000001ea1a51f810]
Event: 37.055 Thread 0x000001ea2d206dd0 18405   !   4       java.net.URLClassLoader::defineClass (224 bytes)
Event: 37.058 Thread 0x000001ea2d2082e0 18406       3       com.google.protobuf.GeneratedMessageV3$Builder::<init> (6 bytes)
Event: 37.058 Thread 0x000001ea2d2082e0 nmethod 18406 0x000001ea1a51f910 code [0x000001ea1a51fae0, 0x000001ea1a51fe58]
Event: 37.058 Thread 0x000001ea2d2082e0 18407       3       com.google.protobuf.GeneratedMessageV3$Builder::<init> (17 bytes)
Event: 37.058 Thread 0x000001ea2d2082e0 nmethod 18407 0x000001ea1a51ff90 code [0x000001ea1a520140, 0x000001ea1a520488]
Event: 37.058 Thread 0x000001ea2d2082e0 18408       3       com.google.protobuf.GeneratedMessageV3::<init> (13 bytes)
Event: 37.059 Thread 0x000001ea2d2082e0 nmethod 18408 0x000001ea1a520590 code [0x000001ea1a520780, 0x000001ea1a520da0]
Event: 37.064 Thread 0x000001ea2d2082e0 18409       3       com.google.protobuf.CodedOutputStream::computeUInt32SizeNoTag (41 bytes)
Event: 37.064 Thread 0x000001ea2d2082e0 nmethod 18409 0x000001ea1a520f90 code [0x000001ea1a521140, 0x000001ea1a5213c0]
Event: 37.064 Thread 0x000001ea2d2082e0 18410       3       com.google.protobuf.WireFormat::makeTag (6 bytes)
Event: 37.064 Thread 0x000001ea2d2082e0 nmethod 18410 0x000001ea1a521490 code [0x000001ea1a521620, 0x000001ea1a521718]
Event: 37.064 Thread 0x000001ea2d2082e0 18413       3       com.google.protobuf.UnsafeUtil$JvmMemoryAccessor::putByte (12 bytes)
Event: 37.065 Thread 0x000001ea2d2082e0 nmethod 18413 0x000001ea1a521790 code [0x000001ea1a521920, 0x000001ea1a521b00]
Event: 37.065 Thread 0x000001ea2d2082e0 18414       3       sun.misc.Unsafe::putByte (11 bytes)
Event: 37.065 Thread 0x000001ea2d2082e0 nmethod 18414 0x000001ea1a521c10 code [0x000001ea1a521da0, 0x000001ea1a521eb0]
Event: 37.065 Thread 0x000001ea2d2082e0 18412       3       com.google.protobuf.UnsafeUtil::putByte (14 bytes)
Event: 37.065 Thread 0x000001ea2d2082e0 nmethod 18412 0x000001ea1a521f90 code [0x000001ea1a522140, 0x000001ea1a522280]

GC Heap History (20 events):
Event: 23.717 GC heap before
{Heap before GC invocations=45 (full 0):
 garbage-first heap   total reserved 2097152K, committed 198656K, used 180224K [0x0000000080000000, 0x0000000100000000)
  region size 1024K, 55 young (56320K), 8 survivors (8192K)
 Metaspace       used 112851K, committed 115264K, reserved 1179648K
  class space    used 15079K, committed 16192K, reserved 1048576K
}
Event: 23.730 GC heap after
{Heap after GC invocations=46 (full 0):
 garbage-first heap   total reserved 2097152K, committed 281600K, used 138682K [0x0000000080000000, 0x0000000100000000)
  region size 1024K, 7 young (7168K), 7 survivors (7168K)
 Metaspace       used 112851K, committed 115264K, reserved 1179648K
  class space    used 15079K, committed 16192K, reserved 1048576K
}
Event: 23.947 GC heap before
{Heap before GC invocations=46 (full 0):
 garbage-first heap   total reserved 2097152K, committed 281600K, used 150970K [0x0000000080000000, 0x0000000100000000)
  region size 1024K, 21 young (21504K), 7 survivors (7168K)
 Metaspace       used 113813K, committed 116224K, reserved 1179648K
  class space    used 15197K, committed 16320K, reserved 1048576K
}
Event: 23.951 GC heap after
{Heap after GC invocations=47 (full 0):
 garbage-first heap   total reserved 2097152K, committed 281600K, used 140690K [0x0000000080000000, 0x0000000100000000)
  region size 1024K, 2 young (2048K), 2 survivors (2048K)
 Metaspace       used 113813K, committed 116224K, reserved 1179648K
  class space    used 15197K, committed 16320K, reserved 1048576K
}
Event: 25.631 GC heap before
{Heap before GC invocations=48 (full 0):
 garbage-first heap   total reserved 2097152K, committed 281600K, used 235922K [0x0000000080000000, 0x0000000100000000)
  region size 1024K, 89 young (91136K), 2 survivors (2048K)
 Metaspace       used 122433K, committed 124992K, reserved 1179648K
  class space    used 16319K, committed 17536K, reserved 1048576K
}
Event: 25.637 GC heap after
{Heap after GC invocations=49 (full 0):
 garbage-first heap   total reserved 2097152K, committed 281600K, used 148641K [0x0000000080000000, 0x0000000100000000)
  region size 1024K, 8 young (8192K), 8 survivors (8192K)
 Metaspace       used 122433K, committed 124992K, reserved 1179648K
  class space    used 16319K, committed 17536K, reserved 1048576K
}
Event: 27.312 GC heap before
{Heap before GC invocations=49 (full 0):
 garbage-first heap   total reserved 2097152K, committed 281600K, used 240801K [0x0000000080000000, 0x0000000100000000)
  region size 1024K, 94 young (96256K), 8 survivors (8192K)
 Metaspace       used 129807K, committed 132352K, reserved 1179648K
  class space    used 17304K, committed 18496K, reserved 1048576K
}
Event: 27.325 GC heap after
{Heap after GC invocations=50 (full 0):
 garbage-first heap   total reserved 2097152K, committed 281600K, used 156231K [0x0000000080000000, 0x0000000100000000)
  region size 1024K, 6 young (6144K), 6 survivors (6144K)
 Metaspace       used 129807K, committed 132352K, reserved 1179648K
  class space    used 17304K, committed 18496K, reserved 1048576K
}
Event: 28.805 GC heap before
{Heap before GC invocations=50 (full 0):
 garbage-first heap   total reserved 2097152K, committed 281600K, used 226887K [0x0000000080000000, 0x0000000100000000)
  region size 1024K, 76 young (77824K), 6 survivors (6144K)
 Metaspace       used 132596K, committed 135168K, reserved 1179648K
  class space    used 17643K, committed 18880K, reserved 1048576K
}
Event: 28.813 GC heap after
{Heap after GC invocations=51 (full 0):
 garbage-first heap   total reserved 2097152K, committed 281600K, used 162980K [0x0000000080000000, 0x0000000100000000)
  region size 1024K, 12 young (12288K), 12 survivors (12288K)
 Metaspace       used 132596K, committed 135168K, reserved 1179648K
  class space    used 17643K, committed 18880K, reserved 1048576K
}
Event: 29.379 GC heap before
{Heap before GC invocations=52 (full 0):
 garbage-first heap   total reserved 2097152K, committed 281600K, used 247972K [0x0000000080000000, 0x0000000100000000)
  region size 1024K, 93 young (95232K), 12 survivors (12288K)
 Metaspace       used 132725K, committed 135296K, reserved 1179648K
  class space    used 17643K, committed 18880K, reserved 1048576K
}
Event: 29.394 GC heap after
{Heap after GC invocations=53 (full 0):
 garbage-first heap   total reserved 2097152K, committed 281600K, used 173581K [0x0000000080000000, 0x0000000100000000)
  region size 1024K, 11 young (11264K), 11 survivors (11264K)
 Metaspace       used 132725K, committed 135296K, reserved 1179648K
  class space    used 17643K, committed 18880K, reserved 1048576K
}
Event: 30.816 GC heap before
{Heap before GC invocations=53 (full 0):
 garbage-first heap   total reserved 2097152K, committed 281600K, used 250381K [0x0000000080000000, 0x0000000100000000)
  region size 1024K, 86 young (88064K), 11 survivors (11264K)
 Metaspace       used 135334K, committed 137920K, reserved 1179648K
  class space    used 17857K, committed 19072K, reserved 1048576K
}
Event: 30.829 GC heap after
{Heap after GC invocations=54 (full 0):
 garbage-first heap   total reserved 2097152K, committed 281600K, used 180184K [0x0000000080000000, 0x0000000100000000)
  region size 1024K, 9 young (9216K), 9 survivors (9216K)
 Metaspace       used 135334K, committed 137920K, reserved 1179648K
  class space    used 17857K, committed 19072K, reserved 1048576K
}
Event: 31.264 GC heap before
{Heap before GC invocations=54 (full 0):
 garbage-first heap   total reserved 2097152K, committed 281600K, used 208856K [0x0000000080000000, 0x0000000100000000)
  region size 1024K, 38 young (38912K), 9 survivors (9216K)
 Metaspace       used 137437K, committed 139968K, reserved 1179648K
  class space    used 18174K, committed 19392K, reserved 1048576K
}
Event: 31.271 GC heap after
{Heap after GC invocations=55 (full 0):
 garbage-first heap   total reserved 2097152K, committed 281600K, used 182564K [0x0000000080000000, 0x0000000100000000)
  region size 1024K, 2 young (2048K), 2 survivors (2048K)
 Metaspace       used 137437K, committed 139968K, reserved 1179648K
  class space    used 18174K, committed 19392K, reserved 1048576K
}
Event: 33.092 GC heap before
{Heap before GC invocations=56 (full 0):
 garbage-first heap   total reserved 2097152K, committed 304128K, used 256292K [0x0000000080000000, 0x0000000100000000)
  region size 1024K, 75 young (76800K), 2 survivors (2048K)
 Metaspace       used 142966K, committed 145600K, reserved 1179648K
  class space    used 19121K, committed 20352K, reserved 1048576K
}
Event: 33.097 GC heap after
{Heap after GC invocations=57 (full 0):
 garbage-first heap   total reserved 2097152K, committed 304128K, used 182529K [0x0000000080000000, 0x0000000100000000)
  region size 1024K, 4 young (4096K), 4 survivors (4096K)
 Metaspace       used 142966K, committed 145600K, reserved 1179648K
  class space    used 19121K, committed 20352K, reserved 1048576K
}
Event: 34.960 GC heap before
{Heap before GC invocations=57 (full 0):
 garbage-first heap   total reserved 2097152K, committed 304128K, used 277761K [0x0000000080000000, 0x0000000100000000)
  region size 1024K, 97 young (99328K), 4 survivors (4096K)
 Metaspace       used 149910K, committed 152704K, reserved 1245184K
  class space    used 20177K, committed 21504K, reserved 1048576K
}
Event: 34.970 GC heap after
{Heap after GC invocations=58 (full 0):
 garbage-first heap   total reserved 2097152K, committed 304128K, used 173315K [0x0000000080000000, 0x0000000100000000)
  region size 1024K, 9 young (9216K), 9 survivors (9216K)
 Metaspace       used 149910K, committed 152704K, reserved 1245184K
  class space    used 20177K, committed 21504K, reserved 1048576K
}

Dll operation events (15 events):
Event: 0.019 Loaded shared library C:\Program Files\Java\jdk-22\bin\java.dll
Event: 0.059 Loaded shared library C:\Program Files\Java\jdk-22\bin\jsvml.dll
Event: 0.134 Loaded shared library C:\Program Files\Java\jdk-22\bin\zip.dll
Event: 0.149 Loaded shared library C:\Program Files\Java\jdk-22\bin\instrument.dll
Event: 0.161 Loaded shared library C:\Program Files\Java\jdk-22\bin\net.dll
Event: 0.163 Loaded shared library C:\Program Files\Java\jdk-22\bin\nio.dll
Event: 0.171 Loaded shared library C:\Program Files\Java\jdk-22\bin\zip.dll
Event: 0.645 Loaded shared library C:\Program Files\Java\jdk-22\bin\jimage.dll
Event: 0.856 Loaded shared library C:\Program Files\Java\jdk-22\bin\verify.dll
Event: 1.052 Loaded shared library C:\Users\ZE ACE\.gradle\native\c067742578af261105cb4f569cf0c3c89f3d7b1fecec35dd04571415982c5e48\windows-amd64\native-platform.dll
Event: 1.079 Loaded shared library C:\Users\ZE ACE\.gradle\native\100fb08df4bc3b14c8652ba06237920a3bd2aa13389f12d3474272988ae205f9\windows-amd64\native-platform-file-events.dll
Event: 2.819 Loaded shared library C:\Program Files\Java\jdk-22\bin\management.dll
Event: 2.822 Loaded shared library C:\Program Files\Java\jdk-22\bin\management_ext.dll
Event: 3.077 Loaded shared library C:\Program Files\Java\jdk-22\bin\extnet.dll
Event: 3.273 Loaded shared library C:\Program Files\Java\jdk-22\bin\sunmscapi.dll

Deoptimization events (20 events):
Event: 37.001 Thread 0x000001ea74434ff0 DEOPT PACKING pc=0x000001ea200894b0 sp=0x00000085a6ef63b0
Event: 37.001 Thread 0x000001ea74434ff0 DEOPT UNPACKING pc=0x000001ea1fa346a2 sp=0x00000085a6ef62d0 mode 2
Event: 37.003 Thread 0x000001ea74434ff0 Uncommon trap: trap_request=0xffffff45 fr.pc=0x000001ea20059d80 relative=0x0000000000000080
Event: 37.003 Thread 0x000001ea74434ff0 Uncommon trap: reason=unstable_if action=reinterpret pc=0x000001ea20059d80 method=java.lang.CharacterDataLatin1.equalsIgnoreCase(BB)Z @ 54 c2
Event: 37.003 Thread 0x000001ea74434ff0 DEOPT PACKING pc=0x000001ea20059d80 sp=0x00000085a6ef63c0
Event: 37.003 Thread 0x000001ea74434ff0 DEOPT UNPACKING pc=0x000001ea1fa346a2 sp=0x00000085a6ef6350 mode 2
Event: 37.008 Thread 0x000001ea74434ff0 Uncommon trap: trap_request=0xffffffc6 fr.pc=0x000001ea2011666c relative=0x0000000000000c0c
Event: 37.008 Thread 0x000001ea74434ff0 Uncommon trap: reason=bimorphic_or_optimized_type_check action=maybe_recompile pc=0x000001ea2011666c method=java.util.Spliterators$1Adapter.hasNext()Z @ 12 c2
Event: 37.008 Thread 0x000001ea74434ff0 DEOPT PACKING pc=0x000001ea2011666c sp=0x00000085a6ef62a0
Event: 37.008 Thread 0x000001ea74434ff0 DEOPT UNPACKING pc=0x000001ea1fa346a2 sp=0x00000085a6ef6288 mode 2
Event: 37.008 Thread 0x000001ea74434ff0 Uncommon trap: trap_request=0xffffffc6 fr.pc=0x000001ea2011666c relative=0x0000000000000c0c
Event: 37.008 Thread 0x000001ea74434ff0 Uncommon trap: reason=bimorphic_or_optimized_type_check action=maybe_recompile pc=0x000001ea2011666c method=java.util.Spliterators$1Adapter.hasNext()Z @ 12 c2
Event: 37.008 Thread 0x000001ea74434ff0 DEOPT PACKING pc=0x000001ea2011666c sp=0x00000085a6ef62a0
Event: 37.008 Thread 0x000001ea74434ff0 DEOPT UNPACKING pc=0x000001ea1fa346a2 sp=0x00000085a6ef6288 mode 2
Event: 37.008 Thread 0x000001ea74434ff0 DEOPT PACKING pc=0x000001ea185aaa34 sp=0x00000085a6ef6790
Event: 37.008 Thread 0x000001ea74434ff0 DEOPT UNPACKING pc=0x000001ea1fa34e42 sp=0x00000085a6ef5c58 mode 0
Event: 37.011 Thread 0x000001ea74434ff0 Uncommon trap: trap_request=0xffffff45 fr.pc=0x000001ea20519410 relative=0x0000000000000bf0
Event: 37.011 Thread 0x000001ea74434ff0 Uncommon trap: reason=unstable_if action=reinterpret pc=0x000001ea20519410 method=sun.net.util.IPAddressUtil.scan(Ljava/lang/String;JJ[C)I @ 14 c2
Event: 37.011 Thread 0x000001ea74434ff0 DEOPT PACKING pc=0x000001ea20519410 sp=0x00000085a6ef66d0
Event: 37.011 Thread 0x000001ea74434ff0 DEOPT UNPACKING pc=0x000001ea1fa346a2 sp=0x00000085a6ef64d8 mode 2

Classes loaded (20 events):
Event: 37.004 Loading class java/net/URL$ThreadTrackHolder
Event: 37.004 Loading class java/net/URL$ThreadTrackHolder done
Event: 37.004 Loading class java/net/URL$2
Event: 37.004 Loading class java/net/URL$2 done
Event: 37.005 Loading class java/net/URL$1
Event: 37.005 Loading class java/net/URL$1 done
Event: 37.005 Loading class java/net/spi/URLStreamHandlerProvider
Event: 37.005 Loading class java/net/spi/URLStreamHandlerProvider done
Event: 37.008 Loading class sun/net/www/protocol/http/Handler
Event: 37.009 Loading class sun/net/www/protocol/http/Handler done
Event: 37.011 Loading class javax/crypto/JceSecurity$WeakIdentityWrapper
Event: 37.011 Loading class javax/crypto/JceSecurity$WeakIdentityWrapper done
Event: 37.011 Loading class javax/crypto/JceSecurity$2
Event: 37.012 Loading class javax/crypto/JceSecurity$2 done
Event: 37.012 Loading class javax/crypto/JceSecurity$3
Event: 37.012 Loading class javax/crypto/JceSecurity$3 done
Event: 37.012 Loading class javax/crypto/ProviderVerifier
Event: 37.012 Loading class javax/crypto/ProviderVerifier done
Event: 37.012 Loading class javax/crypto/ProviderVerifier$1
Event: 37.012 Loading class javax/crypto/ProviderVerifier$1 done

Classes unloaded (0 events):
No events

Classes redefined (0 events):
No events

Internal exceptions (20 events):
Event: 33.062 Thread 0x000001ea74434ff0 Exception <a 'java/lang/ClassNotFoundException'{0x000000008cc6b1d8}: com/android/build/gradle/internal/api/ApkVariantOutputImplCustomizer> (0x000000008cc6b1d8) 
thrown [s\open\src\hotspot\share\classfile\systemDictionary.cpp, line 313]
Event: 33.064 Thread 0x000001ea74434ff0 Exception <a 'java/lang/ClassNotFoundException'{0x000000008cc86290}: com/android/build/gradle/internal/api/ApkVariantOutputImpl_DecoratedCustomizer> (0x000000008cc86290) 
thrown [s\open\src\hotspot\share\classfile\systemDictionary.cpp, line 313]
Event: 33.241 Thread 0x000001ea74434ff0 Exception <a 'java/lang/ClassNotFoundException'{0x0000000090e35018}: com/android/build/gradle/internal/api/ReadOnlyBuildTypeBeanInfo> (0x0000000090e35018) 
thrown [s\open\src\hotspot\share\classfile\systemDictionary.cpp, line 313]
Event: 33.242 Thread 0x000001ea74434ff0 Exception <a 'java/lang/ClassNotFoundException'{0x0000000090e42f58}: com/android/build/gradle/internal/api/ReadOnlyBaseConfigBeanInfo> (0x0000000090e42f58) 
thrown [s\open\src\hotspot\share\classfile\systemDictionary.cpp, line 313]
Event: 33.243 Thread 0x000001ea74434ff0 Exception <a 'java/lang/ClassNotFoundException'{0x0000000090e50ec0}: com/android/build/gradle/internal/api/ReadOnlyBaseConfigCustomizer> (0x0000000090e50ec0) 
thrown [s\open\src\hotspot\share\classfile\systemDictionary.cpp, line 313]
Event: 33.245 Thread 0x000001ea74434ff0 Exception <a 'java/lang/ClassNotFoundException'{0x0000000090e6fe78}: com/android/build/gradle/internal/api/ReadOnlyBuildTypeCustomizer> (0x0000000090e6fe78) 
thrown [s\open\src\hotspot\share\classfile\systemDictionary.cpp, line 313]
Event: 33.687 Thread 0x000001ea74434ff0 Exception <a 'java/lang/NoSuchMethodError'{0x000000008fc67c00}: 'void java.lang.invoke.Invokers$Holder.invokeExact_MT(java.lang.Object, java.lang.Object, java.lang.Object)'> (0x000000008fc67c00) 
thrown [s\open\src\hotspot\share\interpreter\linkResolver.cpp, line 774]
Event: 33.917 Thread 0x000001ea74434ff0 Exception <a 'java/lang/NoSuchMethodError'{0x000000008f365c28}: 'java.lang.Object java.lang.invoke.DirectMethodHandle$Holder.newInvokeSpecial(java.lang.Object, java.lang.Object, java.lang.Object, java.lang.Object, java.lang.Object, java.lang.Object, int)'> (0x000000008f365c28) 
thrown [s\open\src\hotspot\share\interpreter\linkResolver.cpp, line 774]
Event: 33.917 Thread 0x000001ea74434ff0 Exception <a 'java/lang/NoSuchMethodError'{0x000000008f36a500}: 'java.lang.Object java.lang.invoke.DirectMethodHandle$Holder.invokeSpecial(java.lang.Object, java.lang.Object, java.lang.Object, java.lang.Object, java.lang.Object, java.lang.Object, java.lang.Object, int)'> (0x000000008f36a500) 
thrown [s\open\src\hotspot\share\interpreter\linkResolver.cpp, line 774]
Event: 33.918 Thread 0x000001ea74434ff0 Exception <a 'java/lang/NoSuchMethodError'{0x000000008f36eaa0}: 'java.lang.Object java.lang.invoke.Invokers$Holder.linkToTargetMethod(java.lang.Object, java.lang.Object, java.lang.Object, java.lang.Object, java.lang.Object, int, java.lang.Object)'> (0x000000008f36eaa0) 
thrown [s\open\src\hotspot\share\interpreter\linkResolver.cpp, line 774]
Event: 34.357 Thread 0x000001ea74434ff0 Exception <a 'sun/nio/fs/WindowsException'{0x000000008dde3f90}> (0x000000008dde3f90) 
thrown [s\open\src\hotspot\share\prims\jni.cpp, line 520]
Event: 34.357 Thread 0x000001ea74434ff0 Exception <a 'sun/nio/fs/WindowsException'{0x000000008dde55f0}> (0x000000008dde55f0) 
thrown [s\open\src\hotspot\share\prims\jni.cpp, line 520]
Event: 34.358 Thread 0x000001ea74434ff0 Exception <a 'sun/nio/fs/WindowsException'{0x000000008dde6ca0}> (0x000000008dde6ca0) 
thrown [s\open\src\hotspot\share\prims\jni.cpp, line 520]
Event: 34.358 Thread 0x000001ea74434ff0 Exception <a 'sun/nio/fs/WindowsException'{0x000000008dde8350}> (0x000000008dde8350) 
thrown [s\open\src\hotspot\share\prims\jni.cpp, line 520]
Event: 34.562 Thread 0x000001ea74434ff0 Exception <a 'java/lang/NullPointerException'{0x000000008d1d3940}> (0x000000008d1d3940) 
thrown [s\open\src\hotspot\share\interpreter\linkResolver.cpp, line 1458]
Event: 34.663 Thread 0x000001ea74434ff0 Implicit null exception at 0x000001ea2087ae2d to 0x000001ea2087b3d4
Event: 34.903 Thread 0x000001ea74434ff0 Exception <a 'java/lang/NoSuchMethodError'{0x000000008b8fe128}: 'void java.lang.invoke.DelegatingMethodHandle$Holder.reinvoke_L(java.lang.Object, java.lang.Object, int)'> (0x000000008b8fe128) 
thrown [s\open\src\hotspot\share\interpreter\linkResolver.cpp, line 774]
Event: 34.904 Thread 0x000001ea74434ff0 Exception <a 'java/lang/NoSuchMethodError'{0x000000008b7059d8}: 'void java.lang.invoke.Invokers$Holder.invokeExact_MT(java.lang.Object, java.lang.Object, int, java.lang.Object)'> (0x000000008b7059d8) 
thrown [s\open\src\hotspot\share\interpreter\linkResolver.cpp, line 774]
Event: 34.970 Thread 0x000001ea2d1d51a0 Implicit null exception at 0x000001ea206f1c48 to 0x000001ea206f2344
Event: 36.996 Thread 0x000001ea74434ff0 Exception <a 'sun/nio/fs/WindowsException'{0x000000008dd21930}> (0x000000008dd21930) 
thrown [s\open\src\hotspot\share\prims\jni.cpp, line 520]

ZGC Phase Switch (0 events):
No events

VM Operations (20 events):
Event: 33.901 Executing VM operation: ICBufferFull
Event: 33.901 Executing VM operation: ICBufferFull done
Event: 34.739 Executing VM operation: ICBufferFull
Event: 34.739 Executing VM operation: ICBufferFull done
Event: 34.912 Executing VM operation: HandshakeAllThreads (Deoptimize)
Event: 34.913 Executing VM operation: HandshakeAllThreads (Deoptimize) done
Event: 34.960 Executing VM operation: G1CollectForAllocation (G1 Evacuation Pause)
Event: 34.970 Executing VM operation: G1CollectForAllocation (G1 Evacuation Pause) done
Event: 35.379 Executing VM operation: HandshakeAllThreads (Deoptimize)
Event: 35.379 Executing VM operation: HandshakeAllThreads (Deoptimize) done
Event: 35.489 Executing VM operation: ICBufferFull
Event: 35.489 Executing VM operation: ICBufferFull done
Event: 36.504 Executing VM operation: Cleanup
Event: 36.504 Executing VM operation: Cleanup done
Event: 37.008 Executing VM operation: HandshakeAllThreads (Deoptimize)
Event: 37.008 Executing VM operation: HandshakeAllThreads (Deoptimize) done
Event: 37.011 Executing VM operation: HandshakeAllThreads (Deoptimize)
Event: 37.011 Executing VM operation: HandshakeAllThreads (Deoptimize) done
Event: 38.016 Executing VM operation: Cleanup
Event: 38.016 Executing VM operation: Cleanup done

Events (20 events):
Event: 31.440 Thread 0x000001ea2d1b3e50 flushing nmethod 0x000001ea19c47310
Event: 31.440 Thread 0x000001ea2d1b3e50 flushing nmethod 0x000001ea19c48c10
Event: 31.440 Thread 0x000001ea2d1b3e50 flushing nmethod 0x000001ea19c49790
Event: 31.440 Thread 0x000001ea2d1b3e50 flushing nmethod 0x000001ea19cab310
Event: 31.440 Thread 0x000001ea2d1b3e50 flushing nmethod 0x000001ea19cab710
Event: 31.440 Thread 0x000001ea2d1b3e50 flushing nmethod 0x000001ea19cac110
Event: 31.440 Thread 0x000001ea2d1b3e50 flushing nmethod 0x000001ea19cac510
Event: 31.440 Thread 0x000001ea2d1b3e50 flushing nmethod 0x000001ea19cace90
Event: 31.440 Thread 0x000001ea2d1b3e50 flushing nmethod 0x000001ea19cad710
Event: 31.440 Thread 0x000001ea2d1b3e50 flushing nmethod 0x000001ea19cb1190
Event: 31.440 Thread 0x000001ea2d1b3e50 flushing nmethod 0x000001ea19cb1b10
Event: 31.440 Thread 0x000001ea2d1b3e50 flushing nmethod 0x000001ea19cc2e10
Event: 32.066 Thread 0x000001ea77d7c5e0 Thread exited: 0x000001ea77d7c5e0
Event: 33.447 Thread 0x000001ea764dd7c0 Thread added: 0x000001ea764dd7c0
Event: 33.672 Thread 0x000001ea764daee0 Thread added: 0x000001ea764daee0
Event: 34.038 Thread 0x000001ea764daee0 Thread exited: 0x000001ea764daee0
Event: 34.383 Thread 0x000001ea764dd7c0 Thread exited: 0x000001ea764dd7c0
Event: 34.903 Thread 0x000001ea7658e820 Thread added: 0x000001ea7658e820
Event: 34.903 Thread 0x000001ea7658f5c0 Thread added: 0x000001ea7658f5c0
Event: 37.049 Thread 0x000001ea7658f5c0 Thread exited: 0x000001ea7658f5c0


Dynamic libraries:
0x00007ff748dd0000 - 0x00007ff748de0000 	C:\Program Files\Java\jdk-22\bin\java.exe
0x00007ff9a4cc0000 - 0x00007ff9a4f28000 	C:\WINDOWS\SYSTEM32\ntdll.dll
0x00007ff9a2a60000 - 0x00007ff9a2b29000 	C:\WINDOWS\System32\KERNEL32.DLL
0x00007ff9a22c0000 - 0x00007ff9a26b8000 	C:\WINDOWS\System32\KERNELBASE.dll
0x00007ff9a2040000 - 0x00007ff9a218b000 	C:\WINDOWS\System32\ucrtbase.dll
0x00007ff995070000 - 0x00007ff99508b000 	C:\Program Files\Java\jdk-22\bin\VCRUNTIME140.dll
0x00007ff995160000 - 0x00007ff995177000 	C:\Program Files\Java\jdk-22\bin\jli.dll
0x00007ff9a4810000 - 0x00007ff9a48c4000 	C:\WINDOWS\System32\ADVAPI32.dll
0x00007ff9a35a0000 - 0x00007ff9a3649000 	C:\WINDOWS\System32\msvcrt.dll
0x00007ff9a3900000 - 0x00007ff9a39a6000 	C:\WINDOWS\System32\sechost.dll
0x00007ff9a3f80000 - 0x00007ff9a4098000 	C:\WINDOWS\System32\RPCRT4.dll
0x00007ff9a3da0000 - 0x00007ff9a3f67000 	C:\WINDOWS\System32\USER32.dll
0x00007ff992ec0000 - 0x00007ff993154000 	C:\WINDOWS\WinSxS\amd64_microsoft.windows.common-controls_6595b64144ccf1df_6.0.26100.7019_none_3e06ffa0e335b8a8\COMCTL32.dll
0x00007ff9a2010000 - 0x00007ff9a2037000 	C:\WINDOWS\System32\win32u.dll
0x00007ff9a49e0000 - 0x00007ff9a4a0b000 	C:\WINDOWS\System32\GDI32.dll
0x00007ff9a2190000 - 0x00007ff9a22bc000 	C:\WINDOWS\System32\gdi32full.dll
0x00007ff9a1e10000 - 0x00007ff9a1eb3000 	C:\WINDOWS\System32\msvcp_win.dll
0x00007ff99b390000 - 0x00007ff99b39b000 	C:\WINDOWS\SYSTEM32\VERSION.dll
0x00007ff9a2d10000 - 0x00007ff9a2d41000 	C:\WINDOWS\System32\IMM32.DLL
0x00007ff995670000 - 0x00007ff99567c000 	C:\Program Files\Java\jdk-22\bin\vcruntime140_1.dll
0x00007ff994720000 - 0x00007ff9947ae000 	C:\Program Files\Java\jdk-22\bin\msvcp140.dll
0x00007ff8e7310000 - 0x00007ff8e8057000 	C:\Program Files\Java\jdk-22\bin\server\jvm.dll
0x00007ff9a4b00000 - 0x00007ff9a4b74000 	C:\WINDOWS\System32\WS2_32.dll
0x00007ff9a1c70000 - 0x00007ff9a1cce000 	C:\WINDOWS\SYSTEM32\POWRPROF.dll
0x00007ff99a320000 - 0x00007ff99a355000 	C:\WINDOWS\SYSTEM32\WINMM.dll
0x00007ff9a1c50000 - 0x00007ff9a1c64000 	C:\WINDOWS\SYSTEM32\UMPDC.dll
0x00007ff9a0bd0000 - 0x00007ff9a0beb000 	C:\WINDOWS\SYSTEM32\kernel.appcore.dll
0x00007ff9951b0000 - 0x00007ff9951ba000 	C:\Program Files\Java\jdk-22\bin\jimage.dll
0x00007ff9933a0000 - 0x00007ff9935e2000 	C:\WINDOWS\SYSTEM32\DBGHELP.DLL
0x00007ff9a3a10000 - 0x00007ff9a3d9b000 	C:\WINDOWS\System32\combase.dll
0x00007ff9a4730000 - 0x00007ff9a4807000 	C:\WINDOWS\System32\OLEAUT32.dll
0x00007ff996130000 - 0x00007ff99616c000 	C:\WINDOWS\SYSTEM32\dbgcore.DLL
0x00007ff9a2840000 - 0x00007ff9a28e5000 	C:\WINDOWS\System32\bcryptPrimitives.dll
0x00007ff9948b0000 - 0x00007ff9948bf000 	C:\Program Files\Java\jdk-22\bin\instrument.dll
0x00007ff995050000 - 0x00007ff99506e000 	C:\Program Files\Java\jdk-22\bin\java.dll
0x00007ff9a2d50000 - 0x00007ff9a349f000 	C:\WINDOWS\System32\SHELL32.dll
0x00007ff9a28f0000 - 0x00007ff9a2a5b000 	C:\WINDOWS\System32\wintypes.dll
0x00007ff9a3760000 - 0x00007ff9a38f7000 	C:\WINDOWS\System32\ole32.dll
0x00007ff99fa70000 - 0x00007ff9a02cd000 	C:\WINDOWS\SYSTEM32\windows.storage.dll
0x00007ff9a4b80000 - 0x00007ff9a4c72000 	C:\WINDOWS\System32\SHCORE.dll
0x00007ff9a2ca0000 - 0x00007ff9a2d07000 	C:\WINDOWS\System32\shlwapi.dll
0x00007ff9a1d30000 - 0x00007ff9a1d59000 	C:\WINDOWS\SYSTEM32\profapi.dll
0x00007ff967750000 - 0x00007ff967827000 	C:\Program Files\Java\jdk-22\bin\jsvml.dll
0x00007ff994fd0000 - 0x00007ff994fe7000 	C:\Program Files\Java\jdk-22\bin\zip.dll
0x00007ff995040000 - 0x00007ff995050000 	C:\Program Files\Java\jdk-22\bin\net.dll
0x00007ff9a1140000 - 0x00007ff9a11ab000 	C:\WINDOWS\system32\mswsock.dll
0x00007ff995020000 - 0x00007ff995036000 	C:\Program Files\Java\jdk-22\bin\nio.dll
0x00007ff994fc0000 - 0x00007ff994fd0000 	C:\Program Files\Java\jdk-22\bin\verify.dll
0x00007ff9465e0000 - 0x00007ff946607000 	C:\Users\ZE ACE\.gradle\native\c067742578af261105cb4f569cf0c3c89f3d7b1fecec35dd04571415982c5e48\windows-amd64\native-platform.dll
0x00007ff9453f0000 - 0x00007ff945534000 	C:\Users\ZE ACE\.gradle\native\100fb08df4bc3b14c8652ba06237920a3bd2aa13389f12d3474272988ae205f9\windows-amd64\native-platform-file-events.dll
0x00007ff994fb0000 - 0x00007ff994fba000 	C:\Program Files\Java\jdk-22\bin\management.dll
0x00007ff994ea0000 - 0x00007ff994eab000 	C:\Program Files\Java\jdk-22\bin\management_ext.dll
0x00007ff9a40a0000 - 0x00007ff9a40a8000 	C:\WINDOWS\System32\PSAPI.DLL
0x00007ff9a1410000 - 0x00007ff9a142b000 	C:\WINDOWS\SYSTEM32\CRYPTSP.dll
0x00007ff9a0b30000 - 0x00007ff9a0b6a000 	C:\WINDOWS\system32\rsaenh.dll
0x00007ff9a11f0000 - 0x00007ff9a121b000 	C:\WINDOWS\SYSTEM32\USERENV.dll
0x00007ff9a1d00000 - 0x00007ff9a1d2a000 	C:\WINDOWS\SYSTEM32\bcrypt.dll
0x00007ff9a1400000 - 0x00007ff9a140c000 	C:\WINDOWS\SYSTEM32\CRYPTBASE.dll
0x00007ff9a0630000 - 0x00007ff9a0664000 	C:\WINDOWS\SYSTEM32\IPHLPAPI.DLL
0x00007ff9a3f70000 - 0x00007ff9a3f7a000 	C:\WINDOWS\System32\NSI.dll
0x00007ff9948c0000 - 0x00007ff9948c9000 	C:\Program Files\Java\jdk-22\bin\extnet.dll
0x00007ff9948a0000 - 0x00007ff9948ae000 	C:\Program Files\Java\jdk-22\bin\sunmscapi.dll
0x00007ff9a26c0000 - 0x00007ff9a2837000 	C:\WINDOWS\System32\CRYPT32.dll
0x00007ff9a1620000 - 0x00007ff9a1650000 	C:\WINDOWS\SYSTEM32\ncrypt.dll
0x00007ff9a15d0000 - 0x00007ff9a160f000 	C:\WINDOWS\SYSTEM32\NTASN1.dll
0x00007ff948830000 - 0x00007ff948838000 	C:\WINDOWS\system32\wshunix.dll
0x00007ff988c40000 - 0x00007ff988c58000 	C:\WINDOWS\system32\napinsp.dll
0x00007ff9a06d0000 - 0x00007ff9a07fc000 	C:\WINDOWS\SYSTEM32\DNSAPI.dll
0x00007ff987250000 - 0x00007ff987262000 	C:\WINDOWS\System32\winrnr.dll
0x00007ff986ee0000 - 0x00007ff986f02000 	C:\WINDOWS\system32\nlansp_c.dll
0x00007ff986ec0000 - 0x00007ff986ed6000 	C:\WINDOWS\system32\wshbth.dll
0x00007ff997aa0000 - 0x00007ff997aab000 	C:\Windows\System32\rasadhlp.dll
0x00007ff998840000 - 0x00007ff9988c6000 	C:\WINDOWS\System32\fwpuclnt.dll

dbghelp: loaded successfully - version: 4.0.5 - missing functions: none
symbol engine: initialized successfully - sym options: 0x614 - pdb path: .;C:\Program Files\Java\jdk-22\bin;C:\WINDOWS\SYSTEM32;C:\WINDOWS\WinSxS\amd64_microsoft.windows.common-controls_6595b64144ccf1df_6.0.26100.7019_none_3e06ffa0e335b8a8;C:\Program Files\Java\jdk-22\bin\server;C:\Users\ZE ACE\.gradle\native\c067742578af261105cb4f569cf0c3c89f3d7b1fecec35dd04571415982c5e48\windows-amd64;C:\Users\ZE ACE\.gradle\native\100fb08df4bc3b14c8652ba06237920a3bd2aa13389f12d3474272988ae205f9\windows-amd64

VM Arguments:
jvm_args: --add-opens=java.base/java.lang=ALL-UNNAMED --add-opens=java.base/java.lang.invoke=ALL-UNNAMED --add-opens=java.base/java.util=ALL-UNNAMED --add-opens=java.prefs/java.util.prefs=ALL-UNNAMED --add-exports=jdk.compiler/com.sun.tools.javac.api=ALL-UNNAMED --add-exports=jdk.compiler/com.sun.tools.javac.util=ALL-UNNAMED --add-opens=java.base/java.util=ALL-UNNAMED --add-opens=java.prefs/java.util.prefs=ALL-UNNAMED --add-opens=java.base/java.nio.charset=ALL-UNNAMED --add-opens=java.base/java.net=ALL-UNNAMED --add-opens=java.base/java.util.concurrent.atomic=ALL-UNNAMED --add-opens=java.xml/javax.xml.namespace=ALL-UNNAMED -Xmx2048m -Dfile.encoding=UTF-8 -Duser.country=MY -Duser.language=en -Duser.variant -javaagent:C:\Users\ZE ACE\.gradle\wrapper\dists\gradle-8.11.1-bin\bpt9gzteqjrbo1mjrsomdt32c\gradle-8.11.1\lib\agents\gradle-instrumentation-agent-8.11.1.jar 
java_command: org.gradle.launcher.daemon.bootstrap.GradleDaemon 8.11.1
java_class_path (initial): C:\Users\ZE ACE\.gradle\wrapper\dists\gradle-8.11.1-bin\bpt9gzteqjrbo1mjrsomdt32c\gradle-8.11.1\lib\gradle-daemon-main-8.11.1.jar
Launcher Type: SUN_STANDARD

[Global flags]
     intx CICompilerCount                          = 4                                         {product} {ergonomic}
     uint ConcGCThreads                            = 2                                         {product} {ergonomic}
     uint G1ConcRefinementThreads                  = 8                                         {product} {ergonomic}
   size_t G1HeapRegionSize                         = 1048576                                   {product} {ergonomic}
   size_t InitialHeapSize                          = 234881024                                 {product} {ergonomic}
   size_t MarkStackSize                            = 4194304                                   {product} {ergonomic}
   size_t MaxHeapSize                              = 2147483648                                {product} {command line}
   size_t MaxNewSize                               = 1287651328                                {product} {ergonomic}
   size_t MinHeapDeltaBytes                        = 1048576                                   {product} {ergonomic}
   size_t MinHeapSize                              = 8388608                                   {product} {ergonomic}
    uintx NonNMethodCodeHeapSize                   = 5839372                                {pd product} {ergonomic}
    uintx NonProfiledCodeHeapSize                  = 122909434                              {pd product} {ergonomic}
    uintx ProfiledCodeHeapSize                     = 122909434                              {pd product} {ergonomic}
    uintx ReservedCodeCacheSize                    = 251658240                              {pd product} {ergonomic}
     bool SegmentedCodeCache                       = true                                      {product} {ergonomic}
   size_t SoftMaxHeapSize                          = 2147483648                             {manageable} {ergonomic}
     bool UseCompressedOops                        = true                           {product lp64_product} {ergonomic}
     bool UseG1GC                                  = true                                      {product} {ergonomic}
     bool UseLargePagesIndividualAllocation        = false                                  {pd product} {ergonomic}

Logging:
Log output configuration:
 #0: stdout all=warning uptime,level,tags foldmultilines=false
 #1: stderr all=off uptime,level,tags foldmultilines=false

Environment Variables:
JAVA_HOME=C:\Program Files\Java\jdk-22
CLASSPATH=C:\Users\ZE ACE\AndroidStudioProjects\KidTracker\\gradle\wrapper\gradle-wrapper.jar
PATH=C:\Program Files\Python310\Scripts\;C:\Program Files\Python310\;C:\Program Files\Common Files\Oracle\Java\javapath;C:\Program Files (x86)\VMware\VMware Player\bin\;C:\Program Files (x86)\Common Files\Intel\Shared Libraries\redist\intel64\compiler;C:\WINDOWS\system32;C:\WINDOWS;C:\WINDOWS\System32\Wbem;C:\WINDOWS\System32\WindowsPowerShell\v1.0\;C:\WINDOWS\System32\OpenSSH\;C:\flutter\bin\;C:\Program Files\Microsoft SQL Server\130\Tools\Binn\;C:\Program Files\dotnet\;C:\Program Files\nodejs\;D:\FlutterDev\flutter\bin;C:\Program Files\Java\jdk-22\bin;D:\FlutterDev\commandlinetools-win-11076708_latest\cmdline-tools\platform-tools;D:\FlutterDev\commandlinetools-win-11076708_latest\cmdline-tools\platform;C:\Program Files\MongoDB\Server\8.0\bin;C:\Program Files\Git\cmd;C:\WINDOWS\system32\config\systemprofile\AppData\Local\Muse Hub\lib;C:\Users\ZE ACE\AppData\Local\Programs\Python\Python311\Scripts\;C:\Users\ZE ACE\AppData\Local\Programs\Python\Python311\;C:\Program Files\MySQL\MySQL Shell 8.0\bin\;C:\Users\ZE ACE\AppData\Local\Microsoft\WindowsApps;C:\Users\ZE ACE\.dotnet\tools;C:\Users\ZE ACE\AppData\Local\Programs\Microsoft VS Code\bin;C:\Users\ZE ACE\AppData\Roaming\npm;C:\Users\ZE ACE\AppData\Local\Muse Hub\lib;C:\msys64\mingw64\bin;
USERNAME=ZE ACE
OS=Windows_NT
PROCESSOR_IDENTIFIER=AMD64 Family 23 Model 24 Stepping 1, AuthenticAMD
TMP=C:\Users\ZEACE~1\AppData\Local\Temp
TEMP=C:\Users\ZEACE~1\AppData\Local\Temp




Periodic native trim disabled

---------------  S Y S T E M  ---------------

OS:
 Windows 11 , 64 bit Build 26100 (10.0.26100.7019)
OS uptime: 1 days 15:18 hours

CPU: total 8 (initial active 8) (8 cores per cpu, 2 threads per core) family 23 model 24 stepping 1 microcode 0x8108109, cx8, cmov, fxsr, ht, mmx, 3dnowpref, sse, sse2, sse3, ssse3, sse4a, sse4.1, sse4.2, popcnt, lzcnt, tsc, tscinvbit, avx, avx2, aes, clmul, bmi1, bmi2, adx, sha, fma, vzeroupper, clflush, clflushopt, rdtscp, f16c
Processor Information for all 8 processors :
  Max Mhz: 2300, Current Mhz: 2300, Mhz Limit: 2300

Memory: 4k page, system-wide physical 14252M (660M free)
TotalPageFile size 30636M (AvailPageFile size 2M)
current process WorkingSet (physical memory assigned to process): 698M, peak: 698M
current process commit charge ("private bytes"): 735M, peak: 735M

vm_info: Java HotSpot(TM) 64-Bit Server VM (22.0.1+8-16) for windows-amd64 JRE (22.0.1+8-16), built on 2024-03-12T10:33:16Z by "mach5one" with MS VC++ 17.6 (VS2022)

END.
