#
# There is insufficient memory for the Java Runtime Environment to continue.
# Native memory allocation (malloc) failed to allocate 1223216 bytes. Error detail: Chunk::new
# Possible reasons:
#   The system is out of physical RAM or swap space
#   This process is running with CompressedOops enabled, and the Java Heap may be blocking the growth of the native heap
# Possible solutions:
#   Reduce memory load on the system
#   Increase physical memory or swap space
#   Check if swap backing store is full
#   Decrease Java heap size (-Xmx/-Xms)
#   Decrease number of Java threads
#   Decrease Java thread stack sizes (-Xss)
#   Set larger code cache with -XX:ReservedCodeCacheSize=
#   JVM is running with Unscaled Compressed Oops mode in which the Java heap is
#     placed in the first 4GB address space. The Java Heap base address is the
#     maximum limit for the native heap growth. Please use -XX:HeapBaseMinAddress
#     to set the Java Heap base and to place the Java Heap above 4GB virtual address.
# This output file may be truncated or incomplete.
#
#  Out of Memory Error (arena.cpp:150), pid=26072, tid=18924
#
# JRE version: Java(TM) SE Runtime Environment (22.0.1+8) (build 22.0.1+8-16)
# Java VM: Java HotSpot(TM) 64-Bit Server VM (22.0.1+8-16, mixed mode, sharing, tiered, compressed oops, compressed class ptrs, g1 gc, windows-amd64)
# No core dump will be written. Minidumps are not enabled by default on client versions of Windows
#

---------------  S U M M A R Y ------------

Command Line: --add-opens=java.base/java.lang=ALL-UNNAMED --add-opens=java.base/java.lang.invoke=ALL-UNNAMED --add-opens=java.base/java.util=ALL-UNNAMED --add-opens=java.prefs/java.util.prefs=ALL-UNNAMED --add-exports=jdk.compiler/com.sun.tools.javac.api=ALL-UNNAMED --add-exports=jdk.compiler/com.sun.tools.javac.util=ALL-UNNAMED --add-opens=java.base/java.util=ALL-UNNAMED --add-opens=java.prefs/java.util.prefs=ALL-UNNAMED --add-opens=java.base/java.nio.charset=ALL-UNNAMED --add-opens=java.base/java.net=ALL-UNNAMED --add-opens=java.base/java.util.concurrent.atomic=ALL-UNNAMED --add-opens=java.xml/javax.xml.namespace=ALL-UNNAMED -Xmx2048m -Dfile.encoding=UTF-8 -Duser.country=MY -Duser.language=en -Duser.variant -javaagent:C:\Users\ZE ACE\.gradle\wrapper\dists\gradle-8.11.1-bin\bpt9gzteqjrbo1mjrsomdt32c\gradle-8.11.1\lib\agents\gradle-instrumentation-agent-8.11.1.jar org.gradle.launcher.daemon.bootstrap.GradleDaemon 8.11.1

Host: AMD Ryzen 7 3750H with Radeon Vega Mobile Gfx  , 8 cores, 13G,  Windows 11 , 64 bit Build 26100 (10.0.26100.7019)
Time: Wed Nov 19 06:32:26 2025 Malay Peninsula Standard Time elapsed time: 21.872962 seconds (0d 0h 0m 21s)

---------------  T H R E A D  ---------------

Current thread (0x000001fe451450a0):  JavaThread "C2 CompilerThread0" daemon [_thread_in_native, id=18924, stack(0x000000fa07800000,0x000000fa07900000) (1024K)]


Current CompileTask:
C2:21873 11733   !   4       java.net.URLClassLoader::defineClass (224 bytes)

Stack: [0x000000fa07800000,0x000000fa07900000]
Native frames: (J=compiled Java code, j=interpreted, Vv=VM code, C=native code)
V  [jvm.dll+0x6e2279]  (no source info available)
V  [jvm.dll+0x874e33]  (no source info available)
V  [jvm.dll+0x87725e]  (no source info available)
V  [jvm.dll+0x877933]  (no source info available)
V  [jvm.dll+0x27fd76]  (no source info available)
V  [jvm.dll+0xc3d0f]  (no source info available)
V  [jvm.dll+0xc3f6b]  (no source info available)
V  [jvm.dll+0x3bb10c]  (no source info available)
V  [jvm.dll+0x1df87e]  (no source info available)
V  [jvm.dll+0x247a5c]  (no source info available)
V  [jvm.dll+0x246fbf]  (no source info available)
V  [jvm.dll+0x1c4e90]  (no source info available)
V  [jvm.dll+0x2569fe]  (no source info available)
V  [jvm.dll+0x254cba]  (no source info available)
V  [jvm.dll+0x3f5336]  (no source info available)
V  [jvm.dll+0x81d44b]  (no source info available)
V  [jvm.dll+0x6e0915]  (no source info available)
C  [ucrtbase.dll+0x37b0]  (no source info available)
C  [KERNEL32.DLL+0x2e8d7]  (no source info available)
C  [ntdll.dll+0x8c53c]  (no source info available)


---------------  P R O C E S S  ---------------

Threads class SMR info:
_java_thread_list=0x000001fe49dbfc00, length=58, elements={
0x000001fe54c381b0, 0x000001fe4512d4c0, 0x000001fe4512e020, 0x000001fe45136330,
0x000001fe45138c20, 0x000001fe4513ad60, 0x000001fe4513e850, 0x000001fe451450a0,
0x000001fe45149c00, 0x000001fe4513eee0, 0x000001fe45140fb0, 0x000001fe4513f570,
0x000001fe4513e1c0, 0x000001fe4513fc00, 0x000001fe45140920, 0x000001fe46fd8660,
0x000001fe46fd5f00, 0x000001fe46fd7fd0, 0x000001fe46fd8cf0, 0x000001fe46fd5870,
0x000001fe46fd6590, 0x000001fe46fd6c20, 0x000001fe46fd72b0, 0x000001fe46fd7940,
0x000001fe48aa5420, 0x000001fe48aa5ab0, 0x000001fe48aa6e60, 0x000001fe48aa74f0,
0x000001fe48aa8210, 0x000001fe48aa6140, 0x000001fe48aa4d90, 0x000001fe48aa88a0,
0x000001fe48aab000, 0x000001fe48aabd20, 0x000001fe48aac3b0, 0x000001fe48aa95c0,
0x000001fe49e24150, 0x000001fe49e25500, 0x000001fe49e25b90, 0x000001fe49e268b0,
0x000001fe49e26f40, 0x000001fe49e247e0, 0x000001fe49e24e70, 0x000001fe49e26220,
0x000001fe49e23ac0, 0x000001fe49e27c60, 0x000001fe49e29010, 0x000001fe49e2a3c0,
0x000001fe49e2aa50, 0x000001fe49e296a0, 0x000001fe49e29d30, 0x000001fe49e282f0,
0x000001fe49e28980, 0x000001fe4ab6fb80, 0x000001fe4ab6dab0, 0x000001fe4ab6cd90,
0x000001fe4c04d780, 0x000001fe47570a30
}

Java Threads: ( => current thread )
  0x000001fe54c381b0 JavaThread "main"                              [_thread_blocked, id=1916, stack(0x000000fa06a00000,0x000000fa06b00000) (1024K)]
  0x000001fe4512d4c0 JavaThread "Reference Handler"          daemon [_thread_blocked, id=23984, stack(0x000000fa07200000,0x000000fa07300000) (1024K)]
  0x000001fe4512e020 JavaThread "Finalizer"                  daemon [_thread_blocked, id=19472, stack(0x000000fa07300000,0x000000fa07400000) (1024K)]
  0x000001fe45136330 JavaThread "Signal Dispatcher"          daemon [_thread_blocked, id=25420, stack(0x000000fa07400000,0x000000fa07500000) (1024K)]
  0x000001fe45138c20 JavaThread "Attach Listener"            daemon [_thread_blocked, id=24532, stack(0x000000fa07500000,0x000000fa07600000) (1024K)]
  0x000001fe4513ad60 JavaThread "Service Thread"             daemon [_thread_blocked, id=25468, stack(0x000000fa07600000,0x000000fa07700000) (1024K)]
  0x000001fe4513e850 JavaThread "Monitor Deflation Thread"   daemon [_thread_blocked, id=16572, stack(0x000000fa07700000,0x000000fa07800000) (1024K)]
=>0x000001fe451450a0 JavaThread "C2 CompilerThread0"         daemon [_thread_in_native, id=18924, stack(0x000000fa07800000,0x000000fa07900000) (1024K)]
  0x000001fe45149c00 JavaThread "C1 CompilerThread0"         daemon [_thread_blocked, id=23540, stack(0x000000fa07900000,0x000000fa07a00000) (1024K)]
  0x000001fe4513eee0 JavaThread "Common-Cleaner"             daemon [_thread_blocked, id=25476, stack(0x000000fa07a00000,0x000000fa07b00000) (1024K)]
  0x000001fe45140fb0 JavaThread "Notification Thread"        daemon [_thread_blocked, id=20284, stack(0x000000fa07b00000,0x000000fa07c00000) (1024K)]
  0x000001fe4513f570 JavaThread "Daemon health stats"               [_thread_blocked, id=20824, stack(0x000000fa08400000,0x000000fa08500000) (1024K)]
  0x000001fe4513e1c0 JavaThread "Incoming local TCP Connector on port 55805"        [_thread_in_native, id=21264, stack(0x000000fa08500000,0x000000fa08600000) (1024K)]
  0x000001fe4513fc00 JavaThread "Daemon periodic checks"            [_thread_blocked, id=16716, stack(0x000000fa08600000,0x000000fa08700000) (1024K)]
  0x000001fe45140920 JavaThread "Daemon"                            [_thread_blocked, id=348, stack(0x000000fa08700000,0x000000fa08800000) (1024K)]
  0x000001fe46fd8660 JavaThread "Handler for socket connection from /127.0.0.1:55805 to /127.0.0.1:55806"        [_thread_in_native, id=19044, stack(0x000000fa08800000,0x000000fa08900000) (1024K)]
  0x000001fe46fd5f00 JavaThread "Cancel handler"                    [_thread_blocked, id=26052, stack(0x000000fa08900000,0x000000fa08a00000) (1024K)]
  0x000001fe46fd7fd0 JavaThread "Daemon worker"                     [_thread_in_native, id=11648, stack(0x000000fa08a00000,0x000000fa08b00000) (1024K)]
  0x000001fe46fd8cf0 JavaThread "Asynchronous log dispatcher for DefaultDaemonConnection: socket connection from /127.0.0.1:55805 to /127.0.0.1:55806"        [_thread_blocked, id=2100, stack(0x000000fa08b00000,0x000000fa08c00000) (1024K)]
  0x000001fe46fd5870 JavaThread "Stdin handler"                     [_thread_blocked, id=19160, stack(0x000000fa08c00000,0x000000fa08d00000) (1024K)]
  0x000001fe46fd6590 JavaThread "Daemon client event forwarder"        [_thread_blocked, id=22308, stack(0x000000fa08d00000,0x000000fa08e00000) (1024K)]
  0x000001fe46fd6c20 JavaThread "Cache worker for journal cache (C:\Users\ZE ACE\.gradle\caches\journal-1)"        [_thread_blocked, id=24732, stack(0x000000fa08e00000,0x000000fa08f00000) (1024K)]
  0x000001fe46fd72b0 JavaThread "File lock request listener"        [_thread_in_native, id=12928, stack(0x000000fa08f00000,0x000000fa09000000) (1024K)]
  0x000001fe46fd7940 JavaThread "Cache worker for file hash cache (C:\Users\ZE ACE\.gradle\caches\8.11.1\fileHashes)"        [_thread_blocked, id=23784, stack(0x000000fa09000000,0x000000fa09100000) (1024K)]
  0x000001fe48aa5420 JavaThread "Cache worker for file content cache (C:\Users\ZE ACE\.gradle\caches\8.11.1\fileContent)"        [_thread_blocked, id=25240, stack(0x000000fa09200000,0x000000fa09300000) (1024K)]
  0x000001fe48aa5ab0 JavaThread "Cache worker for file hash cache (C:\Users\ZE ACE\AndroidStudioProjects\KidTracker\.gradle\8.11.1\fileHashes)"        [_thread_blocked, id=19756, stack(0x000000fa09400000,0x000000fa09500000) (1024K)]
  0x000001fe48aa6e60 JavaThread "Cache worker for Build Output Cleanup Cache (C:\Users\ZE ACE\AndroidStudioProjects\KidTracker\.gradle\buildOutputCleanup)"        [_thread_blocked, id=26304, stack(0x000000fa09500000,0x000000fa09600000) (1024K)]
  0x000001fe48aa74f0 JavaThread "File watcher server"        daemon [_thread_in_native, id=26424, stack(0x000000fa09600000,0x000000fa09700000) (1024K)]
  0x000001fe48aa8210 JavaThread "File watcher consumer"      daemon [_thread_blocked, id=21772, stack(0x000000fa09700000,0x000000fa09800000) (1024K)]
  0x000001fe48aa6140 JavaThread "Cache worker for checksums cache (C:\Users\ZE ACE\AndroidStudioProjects\KidTracker\.gradle\8.11.1\checksums)"        [_thread_blocked, id=9672, stack(0x000000fa09800000,0x000000fa09900000) (1024K)]
  0x000001fe48aa4d90 JavaThread "Cache worker for cache directory md-rule (C:\Users\ZE ACE\.gradle\caches\8.11.1\md-rule)"        [_thread_blocked, id=16452, stack(0x000000fa09900000,0x000000fa09a00000) (1024K)]
  0x000001fe48aa88a0 JavaThread "Cache worker for cache directory md-supplier (C:\Users\ZE ACE\.gradle\caches\8.11.1\md-supplier)"        [_thread_blocked, id=11940, stack(0x000000fa09a00000,0x000000fa09b00000) (1024K)]
  0x000001fe48aab000 JavaThread "Unconstrained build operations"        [_thread_blocked, id=19576, stack(0x000000fa09b00000,0x000000fa09c00000) (1024K)]
  0x000001fe48aabd20 JavaThread "Unconstrained build operations Thread 2"        [_thread_blocked, id=26136, stack(0x000000fa09c00000,0x000000fa09d00000) (1024K)]
  0x000001fe48aac3b0 JavaThread "Unconstrained build operations Thread 3"        [_thread_blocked, id=11036, stack(0x000000fa09d00000,0x000000fa09e00000) (1024K)]
  0x000001fe48aa95c0 JavaThread "Unconstrained build operations Thread 4"        [_thread_blocked, id=22484, stack(0x000000fa09e00000,0x000000fa09f00000) (1024K)]
  0x000001fe49e24150 JavaThread "Unconstrained build operations Thread 5"        [_thread_blocked, id=15372, stack(0x000000fa09f00000,0x000000fa0a000000) (1024K)]
  0x000001fe49e25500 JavaThread "Unconstrained build operations Thread 6"        [_thread_blocked, id=14220, stack(0x000000fa0a000000,0x000000fa0a100000) (1024K)]
  0x000001fe49e25b90 JavaThread "Unconstrained build operations Thread 7"        [_thread_blocked, id=25772, stack(0x000000fa0a100000,0x000000fa0a200000) (1024K)]
  0x000001fe49e268b0 JavaThread "Unconstrained build operations Thread 8"        [_thread_blocked, id=4716, stack(0x000000fa0a200000,0x000000fa0a300000) (1024K)]
  0x000001fe49e26f40 JavaThread "Unconstrained build operations Thread 9"        [_thread_blocked, id=26328, stack(0x000000fa0a300000,0x000000fa0a400000) (1024K)]
  0x000001fe49e247e0 JavaThread "Unconstrained build operations Thread 10"        [_thread_blocked, id=26488, stack(0x000000fa0a400000,0x000000fa0a500000) (1024K)]
  0x000001fe49e24e70 JavaThread "Unconstrained build operations Thread 11"        [_thread_blocked, id=20504, stack(0x000000fa0a500000,0x000000fa0a600000) (1024K)]
  0x000001fe49e26220 JavaThread "Unconstrained build operations Thread 12"        [_thread_blocked, id=26180, stack(0x000000fa0a600000,0x000000fa0a700000) (1024K)]
  0x000001fe49e23ac0 JavaThread "Unconstrained build operations Thread 13"        [_thread_blocked, id=25736, stack(0x000000fa0a700000,0x000000fa0a800000) (1024K)]
  0x000001fe49e27c60 JavaThread "Unconstrained build operations Thread 14"        [_thread_blocked, id=18468, stack(0x000000fa0a800000,0x000000fa0a900000) (1024K)]
  0x000001fe49e29010 JavaThread "Unconstrained build operations Thread 15"        [_thread_blocked, id=23288, stack(0x000000fa0a900000,0x000000fa0aa00000) (1024K)]
  0x000001fe49e2a3c0 JavaThread "Unconstrained build operations Thread 16"        [_thread_blocked, id=2304, stack(0x000000fa0aa00000,0x000000fa0ab00000) (1024K)]
  0x000001fe49e2aa50 JavaThread "Unconstrained build operations Thread 17"        [_thread_blocked, id=26392, stack(0x000000fa0ab00000,0x000000fa0ac00000) (1024K)]
  0x000001fe49e296a0 JavaThread "Unconstrained build operations Thread 18"        [_thread_blocked, id=25416, stack(0x000000fa0ac00000,0x000000fa0ad00000) (1024K)]
  0x000001fe49e29d30 JavaThread "Unconstrained build operations Thread 19"        [_thread_blocked, id=16184, stack(0x000000fa0ad00000,0x000000fa0ae00000) (1024K)]
  0x000001fe49e282f0 JavaThread "Unconstrained build operations Thread 20"        [_thread_blocked, id=20648, stack(0x000000fa0ae00000,0x000000fa0af00000) (1024K)]
  0x000001fe49e28980 JavaThread "Unconstrained build operations Thread 21"        [_thread_blocked, id=4052, stack(0x000000fa0af00000,0x000000fa0b000000) (1024K)]
  0x000001fe4ab6fb80 JavaThread "Memory manager"                    [_thread_blocked, id=24824, stack(0x000000fa07c00000,0x000000fa07d00000) (1024K)]
  0x000001fe4ab6dab0 JavaThread "build event listener"              [_thread_blocked, id=18220, stack(0x000000fa0b000000,0x000000fa0b100000) (1024K)]
  0x000001fe4ab6cd90 JavaThread "Problems report writer"            [_thread_blocked, id=23768, stack(0x000000fa0b100000,0x000000fa0b200000) (1024K)]
  0x000001fe4c04d780 JavaThread "C2 CompilerThread1"         daemon [_thread_in_native, id=25556, stack(0x000000fa09100000,0x000000fa09200000) (1024K)]
  0x000001fe47570a30 JavaThread "C2 CompilerThread2"         daemon [_thread_in_native, id=16632, stack(0x000000fa0b200000,0x000000fa0b300000) (1024K)]
Total: 58

Other Threads:
  0x000001fe7377e1a0 VMThread "VM Thread"                           [id=19076, stack(0x000000fa07100000,0x000000fa07200000) (1024K)]
  0x000001fe73766710 WatcherThread "VM Periodic Task Thread"        [id=15576, stack(0x000000fa07000000,0x000000fa07100000) (1024K)]
  0x000001fe56ef88f0 WorkerThread "GC Thread#0"                     [id=24692, stack(0x000000fa06b00000,0x000000fa06c00000) (1024K)]
  0x000001fe45a47290 WorkerThread "GC Thread#1"                     [id=19328, stack(0x000000fa07e00000,0x000000fa07f00000) (1024K)]
  0x000001fe45afedf0 WorkerThread "GC Thread#2"                     [id=20300, stack(0x000000fa07f00000,0x000000fa08000000) (1024K)]
  0x000001fe45c39250 WorkerThread "GC Thread#3"                     [id=25824, stack(0x000000fa08000000,0x000000fa08100000) (1024K)]
  0x000001fe45a4fa60 WorkerThread "GC Thread#4"                     [id=25440, stack(0x000000fa08100000,0x000000fa08200000) (1024K)]
  0x000001fe46cecb10 WorkerThread "GC Thread#5"                     [id=14464, stack(0x000000fa07d00000,0x000000fa07e00000) (1024K)]
  0x000001fe46aa58c0 WorkerThread "GC Thread#6"                     [id=20156, stack(0x000000fa08200000,0x000000fa08300000) (1024K)]
  0x000001fe46aa5c70 WorkerThread "GC Thread#7"                     [id=23804, stack(0x000000fa08300000,0x000000fa08400000) (1024K)]
  0x000001fe56f0a710 ConcurrentGCThread "G1 Main Marker"            [id=21112, stack(0x000000fa06c00000,0x000000fa06d00000) (1024K)]
  0x000001fe56f0b130 WorkerThread "G1 Conc#0"                       [id=24768, stack(0x000000fa06d00000,0x000000fa06e00000) (1024K)]
  0x000001fe48340d00 WorkerThread "G1 Conc#1"                       [id=21392, stack(0x000000fa09300000,0x000000fa09400000) (1024K)]
  0x000001fe56f5e950 ConcurrentGCThread "G1 Refine#0"               [id=14416, stack(0x000000fa06e00000,0x000000fa06f00000) (1024K)]
  0x000001fe73638ba0 ConcurrentGCThread "G1 Service"                [id=24880, stack(0x000000fa06f00000,0x000000fa07000000) (1024K)]
Total: 15

Threads with active compile tasks:
C2 CompilerThread0  22028 11733   !   4       java.net.URLClassLoader::defineClass (224 bytes)
C2 CompilerThread1  22028 11988       4       org.jetbrains.kotlin.metadata.ProtoBuf$Type::writeTo (354 bytes)
C2 CompilerThread2  22028 11898   !   4       org.jetbrains.kotlin.metadata.ProtoBuf$Type::<init> (875 bytes)
Total: 3

VM state: not at safepoint (normal execution)

VM Mutex/Monitor currently owned by a thread: None

Heap address: 0x0000000080000000, size: 2048 MB, Compressed Oops mode: 32-bit

CDS archive(s) mapped at: [0x000001fe00000000-0x000001fe00c60000-0x000001fe00c60000), size 12976128, SharedBaseAddress: 0x000001fe00000000, ArchiveRelocationMode: 1.
Compressed class space mapped at: 0x000001fe01000000-0x000001fe41000000, reserved size: 1073741824
Narrow klass base: 0x000001fe00000000, Narrow klass shift: 0, Narrow klass range: 0x41000000

GC Precious Log:
 CardTable entry size: 512
 Card Set container configuration: InlinePtr #cards 5 size 8 Array Of Cards #cards 12 size 40 Howl #buckets 4 coarsen threshold 1843 Howl Bitmap #cards 512 size 80 coarsen threshold 460 Card regions per heap region 1 cards per card region 2048
 CPUs: 8 total, 8 available
 Memory: 14252M
 Large Page Support: Disabled
 NUMA Support: Disabled
 Compressed Oops: Enabled (32-bit)
 Heap Region Size: 1M
 Heap Min Capacity: 8M
 Heap Initial Capacity: 224M
 Heap Max Capacity: 2G
 Pre-touch: Disabled
 Parallel Workers: 8
 Concurrent Workers: 2
 Concurrent Refinement Workers: 8
 Periodic GC: Disabled

Heap:
 garbage-first heap   total reserved 2097152K, committed 244736K, used 152935K [0x0000000080000000, 0x0000000100000000)
  region size 1024K, 12 young (12288K), 7 survivors (7168K)
 Metaspace       used 108566K, committed 110976K, reserved 1179648K
  class space    used 15176K, committed 16320K, reserved 1048576K

Heap Regions: E=young(eden), S=young(survivor), O=old, HS=humongous(starts), HC=humongous(continues), CS=collection set, F=free, TAMS=top-at-mark-start, PB=parsable bottom
|   0|0x0000000080000000, 0x0000000080100000, 0x0000000080100000|100%| O|  |TAMS 0x0000000080000000| PB 0x0000000080000000| Untracked |  0
|   1|0x0000000080100000, 0x0000000080200000, 0x0000000080200000|100%| O|  |TAMS 0x0000000080100000| PB 0x0000000080100000| Untracked |  0
|   2|0x0000000080200000, 0x0000000080300000, 0x0000000080300000|100%|HS|  |TAMS 0x0000000080200000| PB 0x0000000080200000| Complete |  0
|   3|0x0000000080300000, 0x0000000080400000, 0x0000000080400000|100%|HC|  |TAMS 0x0000000080300000| PB 0x0000000080300000| Complete |  0
|   4|0x0000000080400000, 0x0000000080500000, 0x0000000080500000|100%|HC|  |TAMS 0x0000000080400000| PB 0x0000000080400000| Complete |  0
|   5|0x0000000080500000, 0x0000000080600000, 0x0000000080600000|100%| O|  |TAMS 0x0000000080500000| PB 0x0000000080500000| Untracked |  0
|   6|0x0000000080600000, 0x0000000080700000, 0x0000000080700000|100%| O|  |TAMS 0x0000000080600000| PB 0x0000000080600000| Untracked |  0
|   7|0x0000000080700000, 0x0000000080800000, 0x0000000080800000|100%| O|  |TAMS 0x0000000080700000| PB 0x0000000080700000| Untracked |  0
|   8|0x0000000080800000, 0x0000000080900000, 0x0000000080900000|100%|HS|  |TAMS 0x0000000080800000| PB 0x0000000080800000| Complete |  0
|   9|0x0000000080900000, 0x0000000080a00000, 0x0000000080a00000|100%| O|  |TAMS 0x0000000080900000| PB 0x0000000080900000| Untracked |  0
|  10|0x0000000080a00000, 0x0000000080b00000, 0x0000000080b00000|100%| O|  |TAMS 0x0000000080a00000| PB 0x0000000080a00000| Untracked |  0
|  11|0x0000000080b00000, 0x0000000080c00000, 0x0000000080c00000|100%| O|  |TAMS 0x0000000080b00000| PB 0x0000000080b00000| Untracked |  0
|  12|0x0000000080c00000, 0x0000000080d00000, 0x0000000080d00000|100%| O|  |TAMS 0x0000000080c00000| PB 0x0000000080c00000| Untracked |  0
|  13|0x0000000080d00000, 0x0000000080e00000, 0x0000000080e00000|100%| O|  |TAMS 0x0000000080d00000| PB 0x0000000080d00000| Untracked |  0
|  14|0x0000000080e00000, 0x0000000080f00000, 0x0000000080f00000|100%| O|  |TAMS 0x0000000080e00000| PB 0x0000000080e00000| Untracked |  0
|  15|0x0000000080f00000, 0x0000000081000000, 0x0000000081000000|100%| O|  |TAMS 0x0000000080f00000| PB 0x0000000080f00000| Untracked |  0
|  16|0x0000000081000000, 0x0000000081100000, 0x0000000081100000|100%| O|  |TAMS 0x0000000081000000| PB 0x0000000081000000| Untracked |  0
|  17|0x0000000081100000, 0x0000000081200000, 0x0000000081200000|100%| O|  |TAMS 0x0000000081100000| PB 0x0000000081100000| Untracked |  0
|  18|0x0000000081200000, 0x0000000081300000, 0x0000000081300000|100%| O|  |TAMS 0x0000000081200000| PB 0x0000000081200000| Untracked |  0
|  19|0x0000000081300000, 0x0000000081400000, 0x0000000081400000|100%| O|  |TAMS 0x0000000081300000| PB 0x0000000081300000| Untracked |  0
|  20|0x0000000081400000, 0x0000000081500000, 0x0000000081500000|100%| O|  |TAMS 0x0000000081400000| PB 0x0000000081400000| Untracked |  0
|  21|0x0000000081500000, 0x0000000081600000, 0x0000000081600000|100%| O|  |TAMS 0x0000000081500000| PB 0x0000000081500000| Untracked |  0
|  22|0x0000000081600000, 0x0000000081700000, 0x0000000081700000|100%| O|  |TAMS 0x0000000081600000| PB 0x0000000081600000| Untracked |  0
|  23|0x0000000081700000, 0x0000000081800000, 0x0000000081800000|100%| O|  |TAMS 0x0000000081700000| PB 0x0000000081700000| Untracked |  0
|  24|0x0000000081800000, 0x0000000081900000, 0x0000000081900000|100%| O|  |TAMS 0x0000000081800000| PB 0x0000000081800000| Untracked |  0
|  25|0x0000000081900000, 0x0000000081a00000, 0x0000000081a00000|100%| O|  |TAMS 0x0000000081900000| PB 0x0000000081900000| Untracked |  0
|  26|0x0000000081a00000, 0x0000000081b00000, 0x0000000081b00000|100%| O|  |TAMS 0x0000000081a00000| PB 0x0000000081a00000| Untracked |  0
|  27|0x0000000081b00000, 0x0000000081c00000, 0x0000000081c00000|100%| O|  |TAMS 0x0000000081b00000| PB 0x0000000081b00000| Untracked |  0
|  28|0x0000000081c00000, 0x0000000081d00000, 0x0000000081d00000|100%| O|  |TAMS 0x0000000081c00000| PB 0x0000000081c00000| Untracked |  0
|  29|0x0000000081d00000, 0x0000000081e00000, 0x0000000081e00000|100%| O|  |TAMS 0x0000000081d00000| PB 0x0000000081d00000| Untracked |  0
|  30|0x0000000081e00000, 0x0000000081f00000, 0x0000000081f00000|100%| O|  |TAMS 0x0000000081e00000| PB 0x0000000081e00000| Untracked |  0
|  31|0x0000000081f00000, 0x0000000082000000, 0x0000000082000000|100%| O|  |TAMS 0x0000000081f00000| PB 0x0000000081f00000| Untracked |  0
|  32|0x0000000082000000, 0x0000000082100000, 0x0000000082100000|100%| O|  |TAMS 0x0000000082000000| PB 0x0000000082000000| Untracked |  0
|  33|0x0000000082100000, 0x0000000082200000, 0x0000000082200000|100%| O|  |TAMS 0x0000000082100000| PB 0x0000000082100000| Untracked |  0
|  34|0x0000000082200000, 0x0000000082300000, 0x0000000082300000|100%| O|  |TAMS 0x0000000082200000| PB 0x0000000082200000| Untracked |  0
|  35|0x0000000082300000, 0x0000000082400000, 0x0000000082400000|100%| O|  |TAMS 0x0000000082300000| PB 0x0000000082300000| Untracked |  0
|  36|0x0000000082400000, 0x0000000082500000, 0x0000000082500000|100%| O|  |TAMS 0x0000000082400000| PB 0x0000000082400000| Untracked |  0
|  37|0x0000000082500000, 0x0000000082600000, 0x0000000082600000|100%| O|  |TAMS 0x0000000082500000| PB 0x0000000082500000| Untracked |  0
|  38|0x0000000082600000, 0x0000000082700000, 0x0000000082700000|100%| O|  |TAMS 0x0000000082600000| PB 0x0000000082600000| Untracked |  0
|  39|0x0000000082700000, 0x0000000082800000, 0x0000000082800000|100%| O|  |TAMS 0x0000000082700000| PB 0x0000000082700000| Untracked |  0
|  40|0x0000000082800000, 0x0000000082900000, 0x0000000082900000|100%| O|  |TAMS 0x0000000082800000| PB 0x0000000082800000| Untracked |  0
|  41|0x0000000082900000, 0x0000000082a00000, 0x0000000082a00000|100%| O|  |TAMS 0x0000000082900000| PB 0x0000000082900000| Untracked |  0
|  42|0x0000000082a00000, 0x0000000082b00000, 0x0000000082b00000|100%| O|  |TAMS 0x0000000082a00000| PB 0x0000000082a00000| Untracked |  0
|  43|0x0000000082b00000, 0x0000000082c00000, 0x0000000082c00000|100%| O|  |TAMS 0x0000000082b00000| PB 0x0000000082b00000| Untracked |  0
|  44|0x0000000082c00000, 0x0000000082d00000, 0x0000000082d00000|100%|HS|  |TAMS 0x0000000082c00000| PB 0x0000000082c00000| Complete |  0
|  45|0x0000000082d00000, 0x0000000082e00000, 0x0000000082e00000|100%|HS|  |TAMS 0x0000000082d00000| PB 0x0000000082d00000| Complete |  0
|  46|0x0000000082e00000, 0x0000000082f00000, 0x0000000082f00000|100%| O|  |TAMS 0x0000000082e00000| PB 0x0000000082e00000| Untracked |  0
|  47|0x0000000082f00000, 0x0000000083000000, 0x0000000083000000|100%| O|  |TAMS 0x0000000082f00000| PB 0x0000000082f00000| Untracked |  0
|  48|0x0000000083000000, 0x0000000083100000, 0x0000000083100000|100%| O|  |TAMS 0x0000000083000000| PB 0x0000000083000000| Untracked |  0
|  49|0x0000000083100000, 0x0000000083200000, 0x0000000083200000|100%|HS|  |TAMS 0x0000000083100000| PB 0x0000000083100000| Complete |  0
|  50|0x0000000083200000, 0x0000000083300000, 0x0000000083300000|100%|HS|  |TAMS 0x0000000083200000| PB 0x0000000083200000| Complete |  0
|  51|0x0000000083300000, 0x0000000083400000, 0x0000000083400000|100%|HC|  |TAMS 0x0000000083300000| PB 0x0000000083300000| Complete |  0
|  52|0x0000000083400000, 0x0000000083500000, 0x0000000083500000|100%|HS|  |TAMS 0x0000000083400000| PB 0x0000000083400000| Complete |  0
|  53|0x0000000083500000, 0x0000000083600000, 0x0000000083600000|100%|HS|  |TAMS 0x0000000083500000| PB 0x0000000083500000| Complete |  0
|  54|0x0000000083600000, 0x0000000083700000, 0x0000000083700000|100%|HS|  |TAMS 0x0000000083600000| PB 0x0000000083600000| Complete |  0
|  55|0x0000000083700000, 0x0000000083800000, 0x0000000083800000|100%| O|  |TAMS 0x0000000083700000| PB 0x0000000083700000| Untracked |  0
|  56|0x0000000083800000, 0x0000000083900000, 0x0000000083900000|100%| O|  |TAMS 0x0000000083800000| PB 0x0000000083800000| Untracked |  0
|  57|0x0000000083900000, 0x0000000083a00000, 0x0000000083a00000|100%| O|  |TAMS 0x0000000083900000| PB 0x0000000083900000| Untracked |  0
|  58|0x0000000083a00000, 0x0000000083b00000, 0x0000000083b00000|100%| O|  |TAMS 0x0000000083a00000| PB 0x0000000083a00000| Untracked |  0
|  59|0x0000000083b00000, 0x0000000083c00000, 0x0000000083c00000|100%|HS|  |TAMS 0x0000000083b00000| PB 0x0000000083b00000| Complete |  0
|  60|0x0000000083c00000, 0x0000000083d00000, 0x0000000083d00000|100%|HC|  |TAMS 0x0000000083c00000| PB 0x0000000083c00000| Complete |  0
|  61|0x0000000083d00000, 0x0000000083e00000, 0x0000000083e00000|100%|HC|  |TAMS 0x0000000083d00000| PB 0x0000000083d00000| Complete |  0
|  62|0x0000000083e00000, 0x0000000083f00000, 0x0000000083f00000|100%|HC|  |TAMS 0x0000000083e00000| PB 0x0000000083e00000| Complete |  0
|  63|0x0000000083f00000, 0x0000000084000000, 0x0000000084000000|100%| O|  |TAMS 0x0000000083f00000| PB 0x0000000083f00000| Untracked |  0
|  64|0x0000000084000000, 0x0000000084100000, 0x0000000084100000|100%| O|  |TAMS 0x0000000084000000| PB 0x0000000084000000| Untracked |  0
|  65|0x0000000084100000, 0x0000000084200000, 0x0000000084200000|100%| O|  |TAMS 0x0000000084100000| PB 0x0000000084100000| Untracked |  0
|  66|0x0000000084200000, 0x0000000084300000, 0x0000000084300000|100%| O|  |TAMS 0x0000000084200000| PB 0x0000000084200000| Untracked |  0
|  67|0x0000000084300000, 0x0000000084400000, 0x0000000084400000|100%| O|Cm|TAMS 0x0000000084300000| PB 0x0000000084300000| Complete |  0
|  68|0x0000000084400000, 0x0000000084500000, 0x0000000084500000|100%| O|  |TAMS 0x0000000084400000| PB 0x0000000084400000| Untracked |  0
|  69|0x0000000084500000, 0x0000000084600000, 0x0000000084600000|100%| O|  |TAMS 0x0000000084500000| PB 0x0000000084500000| Untracked |  0
|  70|0x0000000084600000, 0x0000000084700000, 0x0000000084700000|100%|HS|  |TAMS 0x0000000084600000| PB 0x0000000084600000| Complete |  0
|  71|0x0000000084700000, 0x0000000084800000, 0x0000000084800000|100%| O|  |TAMS 0x0000000084700000| PB 0x0000000084700000| Untracked |  0
|  72|0x0000000084800000, 0x0000000084900000, 0x0000000084900000|100%| O|  |TAMS 0x0000000084800000| PB 0x0000000084800000| Untracked |  0
|  73|0x0000000084900000, 0x0000000084a00000, 0x0000000084a00000|100%| O|  |TAMS 0x0000000084900000| PB 0x0000000084900000| Untracked |  0
|  74|0x0000000084a00000, 0x0000000084b00000, 0x0000000084b00000|100%| O|  |TAMS 0x0000000084a00000| PB 0x0000000084a00000| Untracked |  0
|  75|0x0000000084b00000, 0x0000000084c00000, 0x0000000084c00000|100%|HS|  |TAMS 0x0000000084b00000| PB 0x0000000084b00000| Complete |  0
|  76|0x0000000084c00000, 0x0000000084d00000, 0x0000000084d00000|100%|HC|  |TAMS 0x0000000084c00000| PB 0x0000000084c00000| Complete |  0
|  77|0x0000000084d00000, 0x0000000084e00000, 0x0000000084e00000|100%|HC|  |TAMS 0x0000000084d00000| PB 0x0000000084d00000| Complete |  0
|  78|0x0000000084e00000, 0x0000000084f00000, 0x0000000084f00000|100%|HC|  |TAMS 0x0000000084e00000| PB 0x0000000084e00000| Complete |  0
|  79|0x0000000084f00000, 0x0000000085000000, 0x0000000085000000|100%| O|  |TAMS 0x0000000084f00000| PB 0x0000000084f00000| Untracked |  0
|  80|0x0000000085000000, 0x0000000085100000, 0x0000000085100000|100%| O|  |TAMS 0x0000000085000000| PB 0x0000000085000000| Untracked |  0
|  81|0x0000000085100000, 0x0000000085200000, 0x0000000085200000|100%| O|  |TAMS 0x0000000085100000| PB 0x0000000085100000| Untracked |  0
|  82|0x0000000085200000, 0x0000000085300000, 0x0000000085300000|100%| O|  |TAMS 0x0000000085200000| PB 0x0000000085200000| Untracked |  0
|  83|0x0000000085300000, 0x0000000085400000, 0x0000000085400000|100%| O|  |TAMS 0x0000000085300000| PB 0x0000000085300000| Untracked |  0
|  84|0x0000000085400000, 0x0000000085500000, 0x0000000085500000|100%| O|Cm|TAMS 0x0000000085400000| PB 0x0000000085400000| Complete |  0
|  85|0x0000000085500000, 0x0000000085600000, 0x0000000085600000|100%|HS|  |TAMS 0x0000000085500000| PB 0x0000000085500000| Complete |  0
|  86|0x0000000085600000, 0x0000000085700000, 0x0000000085700000|100%|HC|  |TAMS 0x0000000085600000| PB 0x0000000085600000| Complete |  0
|  87|0x0000000085700000, 0x0000000085800000, 0x0000000085800000|100%| O|  |TAMS 0x0000000085700000| PB 0x0000000085700000| Untracked |  0
|  88|0x0000000085800000, 0x0000000085900000, 0x0000000085900000|100%| O|  |TAMS 0x0000000085800000| PB 0x0000000085800000| Untracked |  0
|  89|0x0000000085900000, 0x0000000085a00000, 0x0000000085a00000|100%|HS|  |TAMS 0x0000000085900000| PB 0x0000000085900000| Complete |  0
|  90|0x0000000085a00000, 0x0000000085b00000, 0x0000000085b00000|100%| O|  |TAMS 0x0000000085a00000| PB 0x0000000085a00000| Untracked |  0
|  91|0x0000000085b00000, 0x0000000085c00000, 0x0000000085c00000|100%| O|  |TAMS 0x0000000085b00000| PB 0x0000000085b00000| Untracked |  0
|  92|0x0000000085c00000, 0x0000000085d00000, 0x0000000085d00000|100%| O|  |TAMS 0x0000000085c00000| PB 0x0000000085c00000| Untracked |  0
|  93|0x0000000085d00000, 0x0000000085e00000, 0x0000000085e00000|100%| O|  |TAMS 0x0000000085d00000| PB 0x0000000085d00000| Untracked |  0
|  94|0x0000000085e00000, 0x0000000085f00000, 0x0000000085f00000|100%| O|  |TAMS 0x0000000085e00000| PB 0x0000000085e00000| Untracked |  0
|  95|0x0000000085f00000, 0x0000000086000000, 0x0000000086000000|100%| O|  |TAMS 0x0000000085f00000| PB 0x0000000085f00000| Untracked |  0
|  96|0x0000000086000000, 0x0000000086100000, 0x0000000086100000|100%| O|  |TAMS 0x0000000086000000| PB 0x0000000086000000| Untracked |  0
|  97|0x0000000086100000, 0x0000000086200000, 0x0000000086200000|100%| O|  |TAMS 0x0000000086100000| PB 0x0000000086100000| Untracked |  0
|  98|0x0000000086200000, 0x0000000086300000, 0x0000000086300000|100%| O|  |TAMS 0x0000000086200000| PB 0x0000000086200000| Untracked |  0
|  99|0x0000000086300000, 0x0000000086400000, 0x0000000086400000|100%| O|  |TAMS 0x0000000086300000| PB 0x0000000086300000| Untracked |  0
| 100|0x0000000086400000, 0x0000000086500000, 0x0000000086500000|100%| O|  |TAMS 0x0000000086400000| PB 0x0000000086400000| Untracked |  0
| 101|0x0000000086500000, 0x0000000086600000, 0x0000000086600000|100%| O|  |TAMS 0x0000000086500000| PB 0x0000000086500000| Untracked |  0
| 102|0x0000000086600000, 0x0000000086700000, 0x0000000086700000|100%| O|  |TAMS 0x0000000086600000| PB 0x0000000086600000| Untracked |  0
| 103|0x0000000086700000, 0x0000000086800000, 0x0000000086800000|100%| O|  |TAMS 0x0000000086700000| PB 0x0000000086700000| Untracked |  0
| 104|0x0000000086800000, 0x0000000086900000, 0x0000000086900000|100%| O|  |TAMS 0x0000000086800000| PB 0x0000000086800000| Untracked |  0
| 105|0x0000000086900000, 0x0000000086a00000, 0x0000000086a00000|100%| O|  |TAMS 0x0000000086900000| PB 0x0000000086900000| Untracked |  0
| 106|0x0000000086a00000, 0x0000000086b00000, 0x0000000086b00000|100%| O|  |TAMS 0x0000000086a00000| PB 0x0000000086a00000| Untracked |  0
| 107|0x0000000086b00000, 0x0000000086c00000, 0x0000000086c00000|100%| O|  |TAMS 0x0000000086b00000| PB 0x0000000086b00000| Untracked |  0
| 108|0x0000000086c00000, 0x0000000086d00000, 0x0000000086d00000|100%| O|  |TAMS 0x0000000086c00000| PB 0x0000000086c00000| Untracked |  0
| 109|0x0000000086d00000, 0x0000000086e00000, 0x0000000086e00000|100%| O|  |TAMS 0x0000000086d00000| PB 0x0000000086d00000| Untracked |  0
| 110|0x0000000086e00000, 0x0000000086f00000, 0x0000000086f00000|100%| O|  |TAMS 0x0000000086e00000| PB 0x0000000086e00000| Untracked |  0
| 111|0x0000000086f00000, 0x0000000087000000, 0x0000000087000000|100%| O|  |TAMS 0x0000000086f00000| PB 0x0000000086f00000| Untracked |  0
| 112|0x0000000087000000, 0x0000000087100000, 0x0000000087100000|100%| O|  |TAMS 0x0000000087000000| PB 0x0000000087000000| Untracked |  0
| 113|0x0000000087100000, 0x0000000087200000, 0x0000000087200000|100%| O|  |TAMS 0x0000000087100000| PB 0x0000000087100000| Untracked |  0
| 114|0x0000000087200000, 0x0000000087300000, 0x0000000087300000|100%| O|Cm|TAMS 0x0000000087200000| PB 0x0000000087200000| Complete |  0
| 115|0x0000000087300000, 0x0000000087400000, 0x0000000087400000|100%| O|  |TAMS 0x0000000087300000| PB 0x0000000087300000| Untracked |  0
| 116|0x0000000087400000, 0x0000000087500000, 0x0000000087500000|100%|HS|  |TAMS 0x0000000087400000| PB 0x0000000087400000| Complete |  0
| 117|0x0000000087500000, 0x0000000087600000, 0x0000000087600000|100%|HC|  |TAMS 0x0000000087500000| PB 0x0000000087500000| Complete |  0
| 118|0x0000000087600000, 0x0000000087700000, 0x0000000087700000|100%|HC|  |TAMS 0x0000000087600000| PB 0x0000000087600000| Complete |  0
| 119|0x0000000087700000, 0x0000000087800000, 0x0000000087800000|100%|HC|  |TAMS 0x0000000087700000| PB 0x0000000087700000| Complete |  0
| 120|0x0000000087800000, 0x0000000087900000, 0x0000000087900000|100%|HC|  |TAMS 0x0000000087800000| PB 0x0000000087800000| Complete |  0
| 121|0x0000000087900000, 0x0000000087a00000, 0x0000000087a00000|100%|HC|  |TAMS 0x0000000087900000| PB 0x0000000087900000| Complete |  0
| 122|0x0000000087a00000, 0x0000000087b00000, 0x0000000087b00000|100%| O|  |TAMS 0x0000000087a00000| PB 0x0000000087a00000| Untracked |  0
| 123|0x0000000087b00000, 0x0000000087c00000, 0x0000000087c00000|100%| O|  |TAMS 0x0000000087b00000| PB 0x0000000087b00000| Untracked |  0
| 124|0x0000000087c00000, 0x0000000087d00000, 0x0000000087d00000|100%| O|Cm|TAMS 0x0000000087c00000| PB 0x0000000087c00000| Complete |  0
| 125|0x0000000087d00000, 0x0000000087e00000, 0x0000000087e00000|100%| O|  |TAMS 0x0000000087d00000| PB 0x0000000087d00000| Untracked |  0
| 126|0x0000000087e00000, 0x0000000087f00000, 0x0000000087f00000|100%| O|  |TAMS 0x0000000087e00000| PB 0x0000000087e00000| Untracked |  0
| 127|0x0000000087f00000, 0x0000000088000000, 0x0000000088000000|100%| O|  |TAMS 0x0000000087f00000| PB 0x0000000087f00000| Untracked |  0
| 128|0x0000000088000000, 0x0000000088100000, 0x0000000088100000|100%| O|  |TAMS 0x0000000088000000| PB 0x0000000088000000| Untracked |  0
| 129|0x0000000088100000, 0x0000000088200000, 0x0000000088200000|100%| O|  |TAMS 0x0000000088100000| PB 0x0000000088100000| Untracked |  0
| 130|0x0000000088200000, 0x0000000088300000, 0x0000000088300000|100%| O|  |TAMS 0x0000000088200000| PB 0x0000000088200000| Untracked |  0
| 131|0x0000000088300000, 0x0000000088400000, 0x0000000088400000|100%| O|  |TAMS 0x0000000088300000| PB 0x0000000088300000| Untracked |  0
| 132|0x0000000088400000, 0x0000000088500000, 0x0000000088500000|100%| O|  |TAMS 0x0000000088400000| PB 0x0000000088400000| Untracked |  0
| 133|0x0000000088500000, 0x0000000088600000, 0x0000000088600000|100%| O|  |TAMS 0x0000000088500000| PB 0x0000000088500000| Untracked |  0
| 134|0x0000000088600000, 0x0000000088700000, 0x0000000088700000|100%| O|  |TAMS 0x0000000088600000| PB 0x0000000088600000| Untracked |  0
| 135|0x0000000088700000, 0x0000000088800000, 0x0000000088800000|100%| O|  |TAMS 0x0000000088700000| PB 0x0000000088700000| Untracked |  0
| 136|0x0000000088800000, 0x0000000088800000, 0x0000000088900000|  0%| F|  |TAMS 0x0000000088800000| PB 0x0000000088800000| Untracked |  0
| 137|0x0000000088900000, 0x0000000088900000, 0x0000000088a00000|  0%| F|  |TAMS 0x0000000088900000| PB 0x0000000088900000| Untracked |  0
| 138|0x0000000088a00000, 0x0000000088a00000, 0x0000000088b00000|  0%| F|  |TAMS 0x0000000088a00000| PB 0x0000000088a00000| Untracked |  0
| 139|0x0000000088b00000, 0x0000000088b00000, 0x0000000088c00000|  0%| F|  |TAMS 0x0000000088b00000| PB 0x0000000088b00000| Untracked |  0
| 140|0x0000000088c00000, 0x0000000088c00000, 0x0000000088d00000|  0%| F|  |TAMS 0x0000000088c00000| PB 0x0000000088c00000| Untracked |  0
| 141|0x0000000088d00000, 0x0000000088d00000, 0x0000000088e00000|  0%| F|  |TAMS 0x0000000088d00000| PB 0x0000000088d00000| Untracked |  0
| 142|0x0000000088e00000, 0x0000000088e00000, 0x0000000088f00000|  0%| F|  |TAMS 0x0000000088e00000| PB 0x0000000088e00000| Untracked |  0
| 143|0x0000000088f00000, 0x0000000088f00000, 0x0000000089000000|  0%| F|  |TAMS 0x0000000088f00000| PB 0x0000000088f00000| Untracked |  0
| 144|0x0000000089000000, 0x0000000089000000, 0x0000000089100000|  0%| F|  |TAMS 0x0000000089000000| PB 0x0000000089000000| Untracked |  0
| 145|0x0000000089100000, 0x0000000089100000, 0x0000000089200000|  0%| F|  |TAMS 0x0000000089100000| PB 0x0000000089100000| Untracked |  0
| 146|0x0000000089200000, 0x0000000089200000, 0x0000000089300000|  0%| F|  |TAMS 0x0000000089200000| PB 0x0000000089200000| Untracked |  0
| 147|0x0000000089300000, 0x0000000089300000, 0x0000000089400000|  0%| F|  |TAMS 0x0000000089300000| PB 0x0000000089300000| Untracked |  0
| 148|0x0000000089400000, 0x0000000089400000, 0x0000000089500000|  0%| F|  |TAMS 0x0000000089400000| PB 0x0000000089400000| Untracked |  0
| 149|0x0000000089500000, 0x0000000089500000, 0x0000000089600000|  0%| F|  |TAMS 0x0000000089500000| PB 0x0000000089500000| Untracked |  0
| 150|0x0000000089600000, 0x0000000089600000, 0x0000000089700000|  0%| F|  |TAMS 0x0000000089600000| PB 0x0000000089600000| Untracked |  0
| 151|0x0000000089700000, 0x0000000089700000, 0x0000000089800000|  0%| F|  |TAMS 0x0000000089700000| PB 0x0000000089700000| Untracked |  0
| 152|0x0000000089800000, 0x0000000089800000, 0x0000000089900000|  0%| F|  |TAMS 0x0000000089800000| PB 0x0000000089800000| Untracked |  0
| 153|0x0000000089900000, 0x0000000089900000, 0x0000000089a00000|  0%| F|  |TAMS 0x0000000089900000| PB 0x0000000089900000| Untracked |  0
| 154|0x0000000089a00000, 0x0000000089a00000, 0x0000000089b00000|  0%| F|  |TAMS 0x0000000089a00000| PB 0x0000000089a00000| Untracked |  0
| 155|0x0000000089b00000, 0x0000000089b00000, 0x0000000089c00000|  0%| F|  |TAMS 0x0000000089b00000| PB 0x0000000089b00000| Untracked |  0
| 156|0x0000000089c00000, 0x0000000089c00000, 0x0000000089d00000|  0%| F|  |TAMS 0x0000000089c00000| PB 0x0000000089c00000| Untracked |  0
| 157|0x0000000089d00000, 0x0000000089d00000, 0x0000000089e00000|  0%| F|  |TAMS 0x0000000089d00000| PB 0x0000000089d00000| Untracked |  0
| 158|0x0000000089e00000, 0x0000000089e00000, 0x0000000089f00000|  0%| F|  |TAMS 0x0000000089e00000| PB 0x0000000089e00000| Untracked |  0
| 159|0x0000000089f00000, 0x0000000089f00000, 0x000000008a000000|  0%| F|  |TAMS 0x0000000089f00000| PB 0x0000000089f00000| Untracked |  0
| 160|0x000000008a000000, 0x000000008a000000, 0x000000008a100000|  0%| F|  |TAMS 0x000000008a000000| PB 0x000000008a000000| Untracked |  0
| 161|0x000000008a100000, 0x000000008a100000, 0x000000008a200000|  0%| F|  |TAMS 0x000000008a100000| PB 0x000000008a100000| Untracked |  0
| 162|0x000000008a200000, 0x000000008a200000, 0x000000008a300000|  0%| F|  |TAMS 0x000000008a200000| PB 0x000000008a200000| Untracked |  0
| 163|0x000000008a300000, 0x000000008a300000, 0x000000008a400000|  0%| F|  |TAMS 0x000000008a300000| PB 0x000000008a300000| Untracked |  0
| 164|0x000000008a400000, 0x000000008a400000, 0x000000008a500000|  0%| F|  |TAMS 0x000000008a400000| PB 0x000000008a400000| Untracked |  0
| 165|0x000000008a500000, 0x000000008a500000, 0x000000008a600000|  0%| F|  |TAMS 0x000000008a500000| PB 0x000000008a500000| Untracked |  0
| 166|0x000000008a600000, 0x000000008a600000, 0x000000008a700000|  0%| F|  |TAMS 0x000000008a600000| PB 0x000000008a600000| Untracked |  0
| 167|0x000000008a700000, 0x000000008a700000, 0x000000008a800000|  0%| F|  |TAMS 0x000000008a700000| PB 0x000000008a700000| Untracked |  0
| 168|0x000000008a800000, 0x000000008a800000, 0x000000008a900000|  0%| F|  |TAMS 0x000000008a800000| PB 0x000000008a800000| Untracked |  0
| 169|0x000000008a900000, 0x000000008a900000, 0x000000008aa00000|  0%| F|  |TAMS 0x000000008a900000| PB 0x000000008a900000| Untracked |  0
| 170|0x000000008aa00000, 0x000000008aa00000, 0x000000008ab00000|  0%| F|  |TAMS 0x000000008aa00000| PB 0x000000008aa00000| Untracked |  0
| 171|0x000000008ab00000, 0x000000008ab00000, 0x000000008ac00000|  0%| F|  |TAMS 0x000000008ab00000| PB 0x000000008ab00000| Untracked |  0
| 172|0x000000008ac00000, 0x000000008ac00000, 0x000000008ad00000|  0%| F|  |TAMS 0x000000008ac00000| PB 0x000000008ac00000| Untracked |  0
| 173|0x000000008ad00000, 0x000000008ad00000, 0x000000008ae00000|  0%| F|  |TAMS 0x000000008ad00000| PB 0x000000008ad00000| Untracked |  0
| 174|0x000000008ae00000, 0x000000008ae00000, 0x000000008af00000|  0%| F|  |TAMS 0x000000008ae00000| PB 0x000000008ae00000| Untracked |  0
| 175|0x000000008af00000, 0x000000008af00000, 0x000000008b000000|  0%| F|  |TAMS 0x000000008af00000| PB 0x000000008af00000| Untracked |  0
| 176|0x000000008b000000, 0x000000008b000000, 0x000000008b100000|  0%| F|  |TAMS 0x000000008b000000| PB 0x000000008b000000| Untracked |  0
| 177|0x000000008b100000, 0x000000008b100000, 0x000000008b200000|  0%| F|  |TAMS 0x000000008b100000| PB 0x000000008b100000| Untracked |  0
| 178|0x000000008b200000, 0x000000008b200000, 0x000000008b300000|  0%| F|  |TAMS 0x000000008b200000| PB 0x000000008b200000| Untracked |  0
| 179|0x000000008b300000, 0x000000008b300000, 0x000000008b400000|  0%| F|  |TAMS 0x000000008b300000| PB 0x000000008b300000| Untracked |  0
| 180|0x000000008b400000, 0x000000008b400000, 0x000000008b500000|  0%| F|  |TAMS 0x000000008b400000| PB 0x000000008b400000| Untracked |  0
| 181|0x000000008b500000, 0x000000008b559f80, 0x000000008b600000| 35%| S|CS|TAMS 0x000000008b500000| PB 0x000000008b500000| Complete |  0
| 182|0x000000008b600000, 0x000000008b700000, 0x000000008b700000|100%| S|CS|TAMS 0x000000008b600000| PB 0x000000008b600000| Complete |  0
| 183|0x000000008b700000, 0x000000008b800000, 0x000000008b800000|100%| S|CS|TAMS 0x000000008b700000| PB 0x000000008b700000| Complete |  0
| 184|0x000000008b800000, 0x000000008b900000, 0x000000008b900000|100%| S|CS|TAMS 0x000000008b800000| PB 0x000000008b800000| Complete |  0
| 185|0x000000008b900000, 0x000000008ba00000, 0x000000008ba00000|100%| S|CS|TAMS 0x000000008b900000| PB 0x000000008b900000| Complete |  0
| 186|0x000000008ba00000, 0x000000008bb00000, 0x000000008bb00000|100%| S|CS|TAMS 0x000000008ba00000| PB 0x000000008ba00000| Complete |  0
| 187|0x000000008bb00000, 0x000000008bc00000, 0x000000008bc00000|100%| S|CS|TAMS 0x000000008bb00000| PB 0x000000008bb00000| Complete |  0
| 188|0x000000008bc00000, 0x000000008bc00000, 0x000000008bd00000|  0%| F|  |TAMS 0x000000008bc00000| PB 0x000000008bc00000| Untracked |  0
| 189|0x000000008bd00000, 0x000000008bd00000, 0x000000008be00000|  0%| F|  |TAMS 0x000000008bd00000| PB 0x000000008bd00000| Untracked |  0
| 190|0x000000008be00000, 0x000000008be00000, 0x000000008bf00000|  0%| F|  |TAMS 0x000000008be00000| PB 0x000000008be00000| Untracked |  0
| 191|0x000000008bf00000, 0x000000008bf00000, 0x000000008c000000|  0%| F|  |TAMS 0x000000008bf00000| PB 0x000000008bf00000| Untracked |  0
| 192|0x000000008c000000, 0x000000008c000000, 0x000000008c100000|  0%| F|  |TAMS 0x000000008c000000| PB 0x000000008c000000| Untracked |  0
| 193|0x000000008c100000, 0x000000008c100000, 0x000000008c200000|  0%| F|  |TAMS 0x000000008c100000| PB 0x000000008c100000| Untracked |  0
| 194|0x000000008c200000, 0x000000008c200000, 0x000000008c300000|  0%| F|  |TAMS 0x000000008c200000| PB 0x000000008c200000| Untracked |  0
| 195|0x000000008c300000, 0x000000008c300000, 0x000000008c400000|  0%| F|  |TAMS 0x000000008c300000| PB 0x000000008c300000| Untracked |  0
| 196|0x000000008c400000, 0x000000008c400000, 0x000000008c500000|  0%| F|  |TAMS 0x000000008c400000| PB 0x000000008c400000| Untracked |  0
| 197|0x000000008c500000, 0x000000008c500000, 0x000000008c600000|  0%| F|  |TAMS 0x000000008c500000| PB 0x000000008c500000| Untracked |  0
| 198|0x000000008c600000, 0x000000008c600000, 0x000000008c700000|  0%| F|  |TAMS 0x000000008c600000| PB 0x000000008c600000| Untracked |  0
| 199|0x000000008c700000, 0x000000008c700000, 0x000000008c800000|  0%| F|  |TAMS 0x000000008c700000| PB 0x000000008c700000| Untracked |  0
| 200|0x000000008c800000, 0x000000008c800000, 0x000000008c900000|  0%| F|  |TAMS 0x000000008c800000| PB 0x000000008c800000| Untracked |  0
| 201|0x000000008c900000, 0x000000008c900000, 0x000000008ca00000|  0%| F|  |TAMS 0x000000008c900000| PB 0x000000008c900000| Untracked |  0
| 202|0x000000008ca00000, 0x000000008ca00000, 0x000000008cb00000|  0%| F|  |TAMS 0x000000008ca00000| PB 0x000000008ca00000| Untracked |  0
| 203|0x000000008cb00000, 0x000000008cb00000, 0x000000008cc00000|  0%| F|  |TAMS 0x000000008cb00000| PB 0x000000008cb00000| Untracked |  0
| 204|0x000000008cc00000, 0x000000008cc00000, 0x000000008cd00000|  0%| F|  |TAMS 0x000000008cc00000| PB 0x000000008cc00000| Untracked |  0
| 205|0x000000008cd00000, 0x000000008cd00000, 0x000000008ce00000|  0%| F|  |TAMS 0x000000008cd00000| PB 0x000000008cd00000| Untracked |  0
| 206|0x000000008ce00000, 0x000000008ce00000, 0x000000008cf00000|  0%| F|  |TAMS 0x000000008ce00000| PB 0x000000008ce00000| Untracked |  0
| 207|0x000000008cf00000, 0x000000008cf00000, 0x000000008d000000|  0%| F|  |TAMS 0x000000008cf00000| PB 0x000000008cf00000| Untracked |  0
| 208|0x000000008d000000, 0x000000008d000000, 0x000000008d100000|  0%| F|  |TAMS 0x000000008d000000| PB 0x000000008d000000| Untracked |  0
| 209|0x000000008d100000, 0x000000008d100000, 0x000000008d200000|  0%| F|  |TAMS 0x000000008d100000| PB 0x000000008d100000| Untracked |  0
| 210|0x000000008d200000, 0x000000008d200000, 0x000000008d300000|  0%| F|  |TAMS 0x000000008d200000| PB 0x000000008d200000| Untracked |  0
| 211|0x000000008d300000, 0x000000008d300000, 0x000000008d400000|  0%| F|  |TAMS 0x000000008d300000| PB 0x000000008d300000| Untracked |  0
| 212|0x000000008d400000, 0x000000008d400000, 0x000000008d500000|  0%| F|  |TAMS 0x000000008d400000| PB 0x000000008d400000| Untracked |  0
| 213|0x000000008d500000, 0x000000008d500000, 0x000000008d600000|  0%| F|  |TAMS 0x000000008d500000| PB 0x000000008d500000| Untracked |  0
| 214|0x000000008d600000, 0x000000008d600000, 0x000000008d700000|  0%| F|  |TAMS 0x000000008d600000| PB 0x000000008d600000| Untracked |  0
| 215|0x000000008d700000, 0x000000008d700000, 0x000000008d800000|  0%| F|  |TAMS 0x000000008d700000| PB 0x000000008d700000| Untracked |  0
| 216|0x000000008d800000, 0x000000008d800000, 0x000000008d900000|  0%| F|  |TAMS 0x000000008d800000| PB 0x000000008d800000| Untracked |  0
| 217|0x000000008d900000, 0x000000008d900000, 0x000000008da00000|  0%| F|  |TAMS 0x000000008d900000| PB 0x000000008d900000| Untracked |  0
| 218|0x000000008da00000, 0x000000008da00000, 0x000000008db00000|  0%| F|  |TAMS 0x000000008da00000| PB 0x000000008da00000| Untracked |  0
| 219|0x000000008db00000, 0x000000008db00000, 0x000000008dc00000|  0%| F|  |TAMS 0x000000008db00000| PB 0x000000008db00000| Untracked |  0
| 220|0x000000008dc00000, 0x000000008dc00000, 0x000000008dd00000|  0%| F|  |TAMS 0x000000008dc00000| PB 0x000000008dc00000| Untracked |  0
| 221|0x000000008dd00000, 0x000000008dd00000, 0x000000008de00000|  0%| F|  |TAMS 0x000000008dd00000| PB 0x000000008dd00000| Untracked |  0
| 222|0x000000008de00000, 0x000000008de00000, 0x000000008df00000|  0%| F|  |TAMS 0x000000008de00000| PB 0x000000008de00000| Untracked |  0
| 223|0x000000008df00000, 0x000000008df00000, 0x000000008e000000|  0%| F|  |TAMS 0x000000008df00000| PB 0x000000008df00000| Untracked |  0
| 224|0x000000008e000000, 0x000000008e000000, 0x000000008e100000|  0%| F|  |TAMS 0x000000008e000000| PB 0x000000008e000000| Untracked |  0
| 225|0x000000008e100000, 0x000000008e100000, 0x000000008e200000|  0%| F|  |TAMS 0x000000008e100000| PB 0x000000008e100000| Untracked |  0
| 226|0x000000008e200000, 0x000000008e200000, 0x000000008e300000|  0%| F|  |TAMS 0x000000008e200000| PB 0x000000008e200000| Untracked |  0
| 227|0x000000008e300000, 0x000000008e300000, 0x000000008e400000|  0%| F|  |TAMS 0x000000008e300000| PB 0x000000008e300000| Untracked |  0
| 228|0x000000008e400000, 0x000000008e400000, 0x000000008e500000|  0%| F|  |TAMS 0x000000008e400000| PB 0x000000008e400000| Untracked |  0
| 229|0x000000008e500000, 0x000000008e500000, 0x000000008e600000|  0%| F|  |TAMS 0x000000008e500000| PB 0x000000008e500000| Untracked |  0
| 230|0x000000008e600000, 0x000000008e600000, 0x000000008e700000|  0%| F|  |TAMS 0x000000008e600000| PB 0x000000008e600000| Untracked |  0
|2040|0x00000000ff800000, 0x00000000ff900000, 0x00000000ff900000|100%| E|  |TAMS 0x00000000ff800000| PB 0x00000000ff800000| Complete |  0
|2041|0x00000000ff900000, 0x00000000ffa00000, 0x00000000ffa00000|100%| O|  |TAMS 0x00000000ff900000| PB 0x00000000ff900000| Untracked |  0
|2042|0x00000000ffa00000, 0x00000000ffb00000, 0x00000000ffb00000|100%| O|  |TAMS 0x00000000ffa00000| PB 0x00000000ffa00000| Untracked |  0
|2043|0x00000000ffb00000, 0x00000000ffc00000, 0x00000000ffc00000|100%| O|  |TAMS 0x00000000ffb00000| PB 0x00000000ffb00000| Untracked |  0
|2044|0x00000000ffc00000, 0x00000000ffd00000, 0x00000000ffd00000|100%| E|CS|TAMS 0x00000000ffc00000| PB 0x00000000ffc00000| Complete |  0
|2045|0x00000000ffd00000, 0x00000000ffe00000, 0x00000000ffe00000|100%| E|CS|TAMS 0x00000000ffd00000| PB 0x00000000ffd00000| Complete |  0
|2046|0x00000000ffe00000, 0x00000000fff00000, 0x00000000fff00000|100%| E|CS|TAMS 0x00000000ffe00000| PB 0x00000000ffe00000| Complete |  0
|2047|0x00000000fff00000, 0x0000000100000000, 0x0000000100000000|100%| E|CS|TAMS 0x00000000fff00000| PB 0x00000000fff00000| Complete |  0

Card table byte_map: [0x000001fe6e910000,0x000001fe6ed10000] _byte_map_base: 0x000001fe6e510000

Marking Bits: (CMBitMap*) 0x000001fe56ef8f10
 Bits: [0x000001fe6ed10000, 0x000001fe70d10000)

Polling page: 0x000001fe54e00000

Metaspace:

Usage:
  Non-class:     91.31 MB used.
      Class:     14.82 MB used.
       Both:    106.13 MB used.

Virtual space:
  Non-class space:      128.00 MB reserved,      92.56 MB ( 72%) committed,  2 nodes.
      Class space:        1.00 GB reserved,      15.94 MB (  2%) committed,  1 nodes.
             Both:        1.12 GB reserved,     108.50 MB (  9%) committed. 

Chunk freelists:
   Non-Class:  3.39 MB
       Class:  15.89 MB
        Both:  19.28 MB

MaxMetaspaceSize: unlimited
CompressedClassSpaceSize: 1.00 GB
Initial GC threshold: 21.00 MB
Current GC threshold: 174.50 MB
CDS: on
 - commit_granule_bytes: 65536.
 - commit_granule_words: 8192.
 - virtual_space_node_default_size: 8388608.
 - enlarge_chunks_in_place: 1.
 - use_allocation_guard: 0.


Internal statistics:

num_allocs_failed_limit: 6.
num_arena_births: 4292.
num_arena_deaths: 0.
num_vsnodes_births: 3.
num_vsnodes_deaths: 0.
num_space_committed: 1735.
num_space_uncommitted: 0.
num_chunks_returned_to_freelist: 6.
num_chunks_taken_from_freelist: 8737.
num_chunk_merges: 6.
num_chunk_splits: 6067.
num_chunks_enlarged: 4177.
num_inconsistent_stats: 0.

CodeHeap 'non-profiled nmethods': size=120000Kb used=5616Kb max_used=5864Kb free=114383Kb
 bounds [0x000001fe66cb0000, 0x000001fe67270000, 0x000001fe6e1e0000]
CodeHeap 'profiled nmethods': size=120000Kb used=18318Kb max_used=18318Kb free=101681Kb
 bounds [0x000001fe5f1e0000, 0x000001fe603d0000, 0x000001fe66710000]
CodeHeap 'non-nmethods': size=5760Kb used=2201Kb max_used=2216Kb free=3558Kb
 bounds [0x000001fe66710000, 0x000001fe66980000, 0x000001fe66cb0000]
 total_blobs=10840 nmethods=9931 adapters=813
 compilation: enabled
              stopped_count=0, restarted_count=0
 full_count=0

Compilation events (20 events):
Event: 21.590 Thread 0x000001fe45149c00 11848       3       org.jetbrains.kotlin.load.java.structure.impl.classFiles.BinaryClassSignatureParser::mapAsmType (33 bytes)
Event: 21.591 Thread 0x000001fe45149c00 nmethod 11848 0x000001fe60347f10 code [0x000001fe603481c0, 0x000001fe60348d58]
Event: 21.591 Thread 0x000001fe45149c00 11852       3       org.jetbrains.kotlin.load.java.structure.impl.classFiles.BinaryJavaClass::visitMethod (233 bytes)
Event: 21.593 Thread 0x000001fe45149c00 nmethod 11852 0x000001fe60349210 code [0x000001fe603496c0, 0x000001fe6034b958]
Event: 21.610 Thread 0x000001fe45149c00 11854       3       org.jetbrains.org.objectweb.asm.ClassVisitor::<init> (7 bytes)
Event: 21.611 Thread 0x000001fe45149c00 nmethod 11854 0x000001fe6034c490 code [0x000001fe6034c640, 0x000001fe6034c788]
Event: 21.611 Thread 0x000001fe45149c00 11855       3       org.jetbrains.org.objectweb.asm.ClassVisitor::<init> (94 bytes)
Event: 21.611 Thread 0x000001fe45149c00 nmethod 11855 0x000001fe6034c810 code [0x000001fe6034ca60, 0x000001fe6034d2d8]
Event: 21.611 Thread 0x000001fe45149c00 11856       3       org.jetbrains.kotlin.descriptors.annotations.Annotations$Companion::getEMPTY (4 bytes)
Event: 21.611 Thread 0x000001fe45149c00 nmethod 11856 0x000001fe6034d610 code [0x000001fe6034d7a0, 0x000001fe6034d8b8]
Event: 21.612 Thread 0x000001fe45149c00 11857   !   3       org.jetbrains.kotlin.metadata.ProtoBuf$Type$Argument::<init> (401 bytes)
Event: 21.615 Thread 0x000001fe45149c00 nmethod 11857 0x000001fe6034d990 code [0x000001fe6034dee0, 0x000001fe60350a30]
Event: 21.615 Thread 0x000001fe45149c00 11862       3       org.jetbrains.org.objectweb.asm.ClassReader::getFirstAttributeOffset (136 bytes)
Event: 21.615 Thread 0x000001fe45149c00 nmethod 11862 0x000001fe60351e10 code [0x000001fe60352060, 0x000001fe603526f0]
Event: 21.615 Thread 0x000001fe45149c00 11860       3       org.jetbrains.org.objectweb.asm.ClassReader::accept (1380 bytes)
Event: 21.619 Thread 0x000001fe4c04d780 11866       4       org.jetbrains.org.objectweb.asm.ClassReader::readUtf (44 bytes)
Event: 21.626 Thread 0x000001fe45149c00 nmethod 11860 0x000001fe60352990 code [0x000001fe60353580, 0x000001fe6035a6a8]
Event: 21.626 Thread 0x000001fe45149c00 11858   !   3       org.jetbrains.kotlin.metadata.ProtoBuf$TypeTable::<init> (344 bytes)
Event: 21.870 Thread 0x000001fe45149c00 nmethod 11858 0x000001fe6035dc10 code [0x000001fe6035e0a0, 0x000001fe603608e0]
Event: 21.870 Thread 0x000001fe45149c00 11863       3       org.jetbrains.kotlin.com.intellij.util.containers.LinkedCustomHashMap::moveToTop (73 bytes)

GC Heap History (20 events):
Event: 15.378 GC heap before
{Heap before GC invocations=31 (full 0):
 garbage-first heap   total reserved 2097152K, committed 143360K, used 94203K [0x0000000080000000, 0x0000000100000000)
  region size 1024K, 16 young (16384K), 5 survivors (5120K)
 Metaspace       used 74497K, committed 76544K, reserved 1114112K
  class space    used 11021K, committed 12032K, reserved 1048576K
}
Event: 15.382 GC heap after
{Heap after GC invocations=32 (full 0):
 garbage-first heap   total reserved 2097152K, committed 143360K, used 84911K [0x0000000080000000, 0x0000000100000000)
  region size 1024K, 4 young (4096K), 4 survivors (4096K)
 Metaspace       used 74497K, committed 76544K, reserved 1114112K
  class space    used 11021K, committed 12032K, reserved 1048576K
}
Event: 16.006 GC heap before
{Heap before GC invocations=33 (full 0):
 garbage-first heap   total reserved 2097152K, committed 150528K, used 126895K [0x0000000080000000, 0x0000000100000000)
  region size 1024K, 41 young (41984K), 4 survivors (4096K)
 Metaspace       used 77327K, committed 79296K, reserved 1179648K
  class space    used 11409K, committed 12352K, reserved 1048576K
}
Event: 16.011 GC heap after
{Heap after GC invocations=34 (full 0):
 garbage-first heap   total reserved 2097152K, committed 150528K, used 91679K [0x0000000080000000, 0x0000000100000000)
  region size 1024K, 6 young (6144K), 6 survivors (6144K)
 Metaspace       used 77327K, committed 79296K, reserved 1179648K
  class space    used 11409K, committed 12352K, reserved 1048576K
}
Event: 16.482 GC heap before
{Heap before GC invocations=34 (full 0):
 garbage-first heap   total reserved 2097152K, committed 150528K, used 130591K [0x0000000080000000, 0x0000000100000000)
  region size 1024K, 45 young (46080K), 6 survivors (6144K)
 Metaspace       used 79032K, committed 81024K, reserved 1179648K
  class space    used 11601K, committed 12544K, reserved 1048576K
}
Event: 16.489 GC heap after
{Heap after GC invocations=35 (full 0):
 garbage-first heap   total reserved 2097152K, committed 150528K, used 95387K [0x0000000080000000, 0x0000000100000000)
  region size 1024K, 6 young (6144K), 6 survivors (6144K)
 Metaspace       used 79032K, committed 81024K, reserved 1179648K
  class space    used 11601K, committed 12544K, reserved 1048576K
}
Event: 17.042 GC heap before
{Heap before GC invocations=35 (full 0):
 garbage-first heap   total reserved 2097152K, committed 150528K, used 133275K [0x0000000080000000, 0x0000000100000000)
  region size 1024K, 43 young (44032K), 6 survivors (6144K)
 Metaspace       used 82926K, committed 84928K, reserved 1179648K
  class space    used 12104K, committed 13056K, reserved 1048576K
}
Event: 17.049 GC heap after
{Heap after GC invocations=36 (full 0):
 garbage-first heap   total reserved 2097152K, committed 181248K, used 98288K [0x0000000080000000, 0x0000000100000000)
  region size 1024K, 4 young (4096K), 4 survivors (4096K)
 Metaspace       used 82926K, committed 84928K, reserved 1179648K
  class space    used 12104K, committed 13056K, reserved 1048576K
}
Event: 17.972 GC heap before
{Heap before GC invocations=37 (full 0):
 garbage-first heap   total reserved 2097152K, committed 181248K, used 168944K [0x0000000080000000, 0x0000000100000000)
  region size 1024K, 58 young (59392K), 4 survivors (4096K)
 Metaspace       used 89569K, committed 91712K, reserved 1179648K
  class space    used 12935K, committed 13952K, reserved 1048576K
}
Event: 17.979 GC heap after
{Heap after GC invocations=38 (full 0):
 garbage-first heap   total reserved 2097152K, committed 181248K, used 109592K [0x0000000080000000, 0x0000000100000000)
  region size 1024K, 8 young (8192K), 8 survivors (8192K)
 Metaspace       used 89569K, committed 91712K, reserved 1179648K
  class space    used 12935K, committed 13952K, reserved 1048576K
}
Event: 18.249 GC heap before
{Heap before GC invocations=38 (full 0):
 garbage-first heap   total reserved 2097152K, committed 181248K, used 159768K [0x0000000080000000, 0x0000000100000000)
  region size 1024K, 56 young (57344K), 8 survivors (8192K)
 Metaspace       used 89688K, committed 91776K, reserved 1179648K
  class space    used 12940K, committed 13952K, reserved 1048576K
}
Event: 18.271 GC heap after
{Heap after GC invocations=39 (full 0):
 garbage-first heap   total reserved 2097152K, committed 184320K, used 116663K [0x0000000080000000, 0x0000000100000000)
  region size 1024K, 7 young (7168K), 7 survivors (7168K)
 Metaspace       used 89688K, committed 91776K, reserved 1179648K
  class space    used 12940K, committed 13952K, reserved 1048576K
}
Event: 18.565 GC heap before
{Heap before GC invocations=39 (full 0):
 garbage-first heap   total reserved 2097152K, committed 184320K, used 159671K [0x0000000080000000, 0x0000000100000000)
  region size 1024K, 49 young (50176K), 7 survivors (7168K)
 Metaspace       used 90121K, committed 92160K, reserved 1179648K
  class space    used 12977K, committed 13952K, reserved 1048576K
}
Event: 18.580 GC heap after
{Heap after GC invocations=40 (full 0):
 garbage-first heap   total reserved 2097152K, committed 184320K, used 129321K [0x0000000080000000, 0x0000000100000000)
  region size 1024K, 7 young (7168K), 7 survivors (7168K)
 Metaspace       used 90121K, committed 92160K, reserved 1179648K
  class space    used 12977K, committed 13952K, reserved 1048576K
}
Event: 19.418 GC heap before
{Heap before GC invocations=41 (full 0):
 garbage-first heap   total reserved 2097152K, committed 215040K, used 168233K [0x0000000080000000, 0x0000000100000000)
  region size 1024K, 39 young (39936K), 7 survivors (7168K)
 Metaspace       used 94003K, committed 96000K, reserved 1179648K
  class space    used 13452K, committed 14400K, reserved 1048576K
}
Event: 19.426 GC heap after
{Heap after GC invocations=42 (full 0):
 garbage-first heap   total reserved 2097152K, committed 215040K, used 139396K [0x0000000080000000, 0x0000000100000000)
  region size 1024K, 3 young (3072K), 3 survivors (3072K)
 Metaspace       used 94003K, committed 96000K, reserved 1179648K
  class space    used 13452K, committed 14400K, reserved 1048576K
}
Event: 20.331 GC heap before
{Heap before GC invocations=42 (full 0):
 garbage-first heap   total reserved 2097152K, committed 215040K, used 188548K [0x0000000080000000, 0x0000000100000000)
  region size 1024K, 51 young (52224K), 3 survivors (3072K)
 Metaspace       used 98457K, committed 100544K, reserved 1179648K
  class space    used 13848K, committed 14848K, reserved 1048576K
}
Event: 20.339 GC heap after
{Heap after GC invocations=43 (full 0):
 garbage-first heap   total reserved 2097152K, committed 215040K, used 142423K [0x0000000080000000, 0x0000000100000000)
  region size 1024K, 7 young (7168K), 7 survivors (7168K)
 Metaspace       used 98457K, committed 100544K, reserved 1179648K
  class space    used 13848K, committed 14848K, reserved 1048576K
}
Event: 21.056 GC heap before
{Heap before GC invocations=43 (full 0):
 garbage-first heap   total reserved 2097152K, committed 215040K, used 191575K [0x0000000080000000, 0x0000000100000000)
  region size 1024K, 55 young (56320K), 7 survivors (7168K)
 Metaspace       used 104402K, committed 106816K, reserved 1179648K
  class space    used 14639K, committed 15808K, reserved 1048576K
}
Event: 21.063 GC heap after
{Heap after GC invocations=44 (full 0):
 garbage-first heap   total reserved 2097152K, committed 215040K, used 145688K [0x0000000080000000, 0x0000000100000000)
  region size 1024K, 4 young (4096K), 4 survivors (4096K)
 Metaspace       used 104402K, committed 106816K, reserved 1179648K
  class space    used 14639K, committed 15808K, reserved 1048576K
}

Dll operation events (15 events):
Event: 0.014 Loaded shared library C:\Program Files\Java\jdk-22\bin\java.dll
Event: 0.046 Loaded shared library C:\Program Files\Java\jdk-22\bin\jsvml.dll
Event: 0.093 Loaded shared library C:\Program Files\Java\jdk-22\bin\zip.dll
Event: 0.099 Loaded shared library C:\Program Files\Java\jdk-22\bin\instrument.dll
Event: 0.103 Loaded shared library C:\Program Files\Java\jdk-22\bin\net.dll
Event: 0.106 Loaded shared library C:\Program Files\Java\jdk-22\bin\nio.dll
Event: 0.109 Loaded shared library C:\Program Files\Java\jdk-22\bin\zip.dll
Event: 0.403 Loaded shared library C:\Program Files\Java\jdk-22\bin\jimage.dll
Event: 0.579 Loaded shared library C:\Program Files\Java\jdk-22\bin\verify.dll
Event: 0.759 Loaded shared library C:\Users\ZE ACE\.gradle\native\c067742578af261105cb4f569cf0c3c89f3d7b1fecec35dd04571415982c5e48\windows-amd64\native-platform.dll
Event: 0.772 Loaded shared library C:\Users\ZE ACE\.gradle\native\100fb08df4bc3b14c8652ba06237920a3bd2aa13389f12d3474272988ae205f9\windows-amd64\native-platform-file-events.dll
Event: 2.271 Loaded shared library C:\Program Files\Java\jdk-22\bin\management.dll
Event: 2.275 Loaded shared library C:\Program Files\Java\jdk-22\bin\management_ext.dll
Event: 2.505 Loaded shared library C:\Program Files\Java\jdk-22\bin\extnet.dll
Event: 2.686 Loaded shared library C:\Program Files\Java\jdk-22\bin\sunmscapi.dll

Deoptimization events (20 events):
Event: 20.984 Thread 0x000001fe46fd7fd0 Uncommon trap: trap_request=0xffffffc6 fr.pc=0x000001fe67218bbc relative=0x00000000000006bc
Event: 20.984 Thread 0x000001fe46fd7fd0 Uncommon trap: reason=bimorphic_or_optimized_type_check action=maybe_recompile pc=0x000001fe67218bbc method=kotlin.collections.CollectionsKt___CollectionsKt.getOrNull(Ljava/util/List;I)Ljava/lang/Object; @ 35 c2
Event: 20.984 Thread 0x000001fe46fd7fd0 DEOPT PACKING pc=0x000001fe67218bbc sp=0x000000fa08af4690
Event: 20.984 Thread 0x000001fe46fd7fd0 DEOPT UNPACKING pc=0x000001fe667646a2 sp=0x000000fa08af4668 mode 2
Event: 20.984 Thread 0x000001fe46fd7fd0 Uncommon trap: trap_request=0xffffffc6 fr.pc=0x000001fe67218bbc relative=0x00000000000006bc
Event: 20.984 Thread 0x000001fe46fd7fd0 Uncommon trap: reason=bimorphic_or_optimized_type_check action=maybe_recompile pc=0x000001fe67218bbc method=kotlin.collections.CollectionsKt___CollectionsKt.getOrNull(Ljava/util/List;I)Ljava/lang/Object; @ 35 c2
Event: 20.984 Thread 0x000001fe46fd7fd0 DEOPT PACKING pc=0x000001fe67218bbc sp=0x000000fa08af4690
Event: 20.984 Thread 0x000001fe46fd7fd0 DEOPT UNPACKING pc=0x000001fe667646a2 sp=0x000000fa08af4668 mode 2
Event: 21.403 Thread 0x000001fe46fd7fd0 Uncommon trap: trap_request=0xffffff45 fr.pc=0x000001fe67143540 relative=0x0000000000000a40
Event: 21.403 Thread 0x000001fe46fd7fd0 Uncommon trap: reason=unstable_if action=reinterpret pc=0x000001fe67143540 method=java.util.regex.Pattern.atom()Ljava/util/regex/Pattern$Node; @ 14 c2
Event: 21.403 Thread 0x000001fe46fd7fd0 DEOPT PACKING pc=0x000001fe67143540 sp=0x000000fa08af29f0
Event: 21.403 Thread 0x000001fe46fd7fd0 DEOPT UNPACKING pc=0x000001fe667646a2 sp=0x000000fa08af2998 mode 2
Event: 21.403 Thread 0x000001fe46fd7fd0 Uncommon trap: trap_request=0xffffffbe fr.pc=0x000001fe670fca30 relative=0x00000000000002d0
Event: 21.403 Thread 0x000001fe46fd7fd0 Uncommon trap: reason=profile_predicate action=maybe_recompile pc=0x000001fe670fca30 method=java.util.regex.Pattern$BnM.optimize(Ljava/util/regex/Pattern$Node;)Ljava/util/regex/Pattern$Node; @ 67 c2
Event: 21.403 Thread 0x000001fe46fd7fd0 DEOPT PACKING pc=0x000001fe670fca30 sp=0x000000fa08af2be0
Event: 21.403 Thread 0x000001fe46fd7fd0 DEOPT UNPACKING pc=0x000001fe667646a2 sp=0x000000fa08af2b88 mode 2
Event: 21.481 Thread 0x000001fe46fd7fd0 Uncommon trap: trap_request=0xffffff45 fr.pc=0x000001fe6725d94c relative=0x000000000000010c
Event: 21.481 Thread 0x000001fe46fd7fd0 Uncommon trap: reason=unstable_if action=reinterpret pc=0x000001fe6725d94c method=java.text.StringCharacterIterator.current()C @ 19 c2
Event: 21.481 Thread 0x000001fe46fd7fd0 DEOPT PACKING pc=0x000001fe6725d94c sp=0x000000fa08af2f00
Event: 21.481 Thread 0x000001fe46fd7fd0 DEOPT UNPACKING pc=0x000001fe667646a2 sp=0x000000fa08af2e98 mode 2

Classes loaded (20 events):
Event: 20.971 Loading class java/text/StringCharacterIterator
Event: 20.971 Loading class java/text/CharacterIterator
Event: 20.972 Loading class java/text/CharacterIterator done
Event: 20.972 Loading class java/text/StringCharacterIterator done
Event: 21.049 Loading class java/util/AbstractList$ListItr
Event: 21.050 Loading class java/util/AbstractList$ListItr done
Event: 21.311 Loading class java/util/function/IntUnaryOperator
Event: 21.311 Loading class java/util/function/IntUnaryOperator done
Event: 21.376 Loading class java/util/AbstractList$SubList
Event: 21.377 Loading class java/util/AbstractList$SubList done
Event: 21.377 Loading class java/util/AbstractList$SubList$1
Event: 21.377 Loading class java/util/AbstractList$SubList$1 done
Event: 21.519 Loading class java/util/EnumMap$EntrySet
Event: 21.520 Loading class java/util/EnumMap$EntrySet done
Event: 21.520 Loading class java/util/EnumMap$EntryIterator
Event: 21.520 Loading class java/util/EnumMap$EnumMapIterator
Event: 21.520 Loading class java/util/EnumMap$EnumMapIterator done
Event: 21.520 Loading class java/util/EnumMap$EntryIterator done
Event: 21.520 Loading class java/util/EnumMap$EntryIterator$Entry
Event: 21.520 Loading class java/util/EnumMap$EntryIterator$Entry done

Classes unloaded (0 events):
No events

Classes redefined (0 events):
No events

Internal exceptions (20 events):
Event: 16.942 Thread 0x000001fe46fd7fd0 Exception <a 'java/lang/NoSuchMethodError'{0x0000000086e29e70}: 'int java.lang.invoke.Invokers$Holder.invokeExact_MT(java.lang.Object, java.lang.Object, java.lang.Object)'> (0x0000000086e29e70) 
thrown [s\open\src\hotspot\share\interpreter\linkResolver.cpp, line 774]
Event: 17.504 Thread 0x000001fe46fd7fd0 Implicit null exception at 0x000001fe66f9ee41 to 0x000001fe66f9ef74
Event: 17.540 Thread 0x000001fe46fd7fd0 Exception <a 'java/lang/NoSuchMethodError'{0x0000000089368708}: 'java.lang.Object java.lang.invoke.DirectMethodHandle$Holder.invokeStatic(java.lang.Object, java.lang.Object, java.lang.Object, java.lang.Object, int, java.lang.Object)'> (0x0000000089368708) 
thrown [s\open\src\hotspot\share\interpreter\linkResolver.cpp, line 774]
Event: 17.827 Thread 0x000001fe46fd7fd0 Exception <a 'java/lang/NoSuchMethodError'{0x00000000884d21d0}: 'java.lang.Object java.lang.invoke.Invokers$Holder.invokeExact_MT(java.lang.Object, java.lang.Object, long, java.lang.Object)'> (0x00000000884d21d0) 
thrown [s\open\src\hotspot\share\interpreter\linkResolver.cpp, line 774]
Event: 17.878 Thread 0x000001fe46fd7fd0 Exception <a 'java/lang/NoSuchMethodError'{0x0000000088107c98}: 'long java.lang.invoke.DirectMethodHandle$Holder.invokeStatic(java.lang.Object, java.lang.Object, int)'> (0x0000000088107c98) 
thrown [s\open\src\hotspot\share\interpreter\linkResolver.cpp, line 774]
Event: 17.878 Thread 0x000001fe46fd7fd0 Exception <a 'java/lang/NoSuchMethodError'{0x0000000088113da0}: 'java.lang.Object java.lang.invoke.DelegatingMethodHandle$Holder.reinvoke_L(java.lang.Object, int, long, java.lang.Object, java.lang.Object, int, java.lang.Object)'> (0x0000000088113da0) 
thrown [s\open\src\hotspot\share\interpreter\linkResolver.cpp, line 774]
Event: 17.916 Thread 0x000001fe46fd7fd0 Implicit null exception at 0x000001fe66ea7ae6 to 0x000001fe66ea86bc
Event: 18.135 Thread 0x000001fe46fd7fd0 Implicit null exception at 0x000001fe671c08f1 to 0x000001fe671c2a44
Event: 20.499 Thread 0x000001fe46fd7fd0 Exception <a 'java/lang/NoSuchMethodError'{0x000000008c4941b8}: 'java.lang.Object java.lang.invoke.DirectMethodHandle$Holder.newInvokeSpecial(java.lang.Object, java.lang.Object, java.lang.Object, java.lang.Object, java.lang.Object, java.lang.Object, java.lang.Object, java.lang.Object, java.lang.Object, java.lang.Object, java.lang.Object, java.lang.Object, java.lang.Object, java.lang.Object)'> (0x000000008c4941b8) 
thrown [s\open\src\hotspot\share\interpreter\linkResolver.cpp, line 774]
Event: 20.512 Thread 0x000001fe46fd7fd0 Exception <a 'java/lang/NoSuchMethodError'{0x000000008c3c28e0}: 'java.lang.Object java.lang.invoke.DirectMethodHandle$Holder.newInvokeSpecial(java.lang.Object, java.lang.Object, java.lang.Object, java.lang.Object, java.lang.Object, java.lang.Object, java.lang.Object, java.lang.Object, java.lang.Object, java.lang.Object, java.lang.Object, java.lang.Object, java.lang.Object, java.lang.Object, java.lang.Object, java.lang.Object, java.lang.Object, java.lang.Object, java.lang.Object, java.lang.Object, java.lang
Event: 20.529 Thread 0x000001fe46fd7fd0 Exception <a 'java/lang/NoSuchMethodError'{0x000000008c1aa3c8}: 'java.lang.Object java.lang.invoke.DirectMethodHandle$Holder.newInvokeSpecial(java.lang.Object, java.lang.Object, java.lang.Object, java.lang.Object, java.lang.Object, java.lang.Object, java.lang.Object, java.lang.Object, java.lang.Object, java.lang.Object, java.lang.Object, java.lang.Object, java.lang.Object, java.lang.Object, java.lang.Object, java.lang.Object, java.lang.Object, java.lang.Object, java.lang.Object, java.lang.Object)'> (0x0000
Event: 20.530 Thread 0x000001fe46fd7fd0 Exception <a 'java/lang/NoSuchMethodError'{0x000000008c1b1aa8}: 'java.lang.Object java.lang.invoke.DirectMethodHandle$Holder.invokeSpecial(java.lang.Object, java.lang.Object, java.lang.Object, java.lang.Object, java.lang.Object, java.lang.Object, java.lang.Object, java.lang.Object, java.lang.Object, java.lang.Object, java.lang.Object, java.lang.Object, java.lang.Object, java.lang.Object, java.lang.Object, java.lang.Object, java.lang.Object, java.lang.Object, java.lang.Object, java.lang.Object, java.lang.Ob
Event: 20.530 Thread 0x000001fe46fd7fd0 Exception <a 'java/lang/NoSuchMethodError'{0x000000008c1b7cf8}: 'java.lang.Object java.lang.invoke.DelegatingMethodHandle$Holder.reinvoke_L(java.lang.Object, java.lang.Object, java.lang.Object, java.lang.Object, java.lang.Object, java.lang.Object, java.lang.Object, java.lang.Object, java.lang.Object, java.lang.Object, java.lang.Object, java.lang.Object, java.lang.Object, java.lang.Object, java.lang.Object, java.lang.Object, java.lang.Object, java.lang.Object, java.lang.Object, java.lang.Object)'> (0x000000
Event: 20.648 Thread 0x000001fe46fd7fd0 Exception <a 'java/lang/NoSuchMethodError'{0x000000008b9d5df0}: 'java.lang.Object java.lang.invoke.DirectMethodHandle$Holder.newInvokeSpecial(java.lang.Object, java.lang.Object, java.lang.Object, java.lang.Object, java.lang.Object, java.lang.Object, java.lang.Object, java.lang.Object, java.lang.Object, java.lang.Object, java.lang.Object, java.lang.Object, java.lang.Object, java.lang.Object, java.lang.Object, java.lang.Object, java.lang.Object, java.lang.Object)'> (0x000000008b9d5df0) 
thrown [s\open\src\ho
Event: 20.648 Thread 0x000001fe46fd7fd0 Exception <a 'java/lang/NoSuchMethodError'{0x000000008b9dce38}: 'java.lang.Object java.lang.invoke.DirectMethodHandle$Holder.invokeSpecial(java.lang.Object, java.lang.Object, java.lang.Object, java.lang.Object, java.lang.Object, java.lang.Object, java.lang.Object, java.lang.Object, java.lang.Object, java.lang.Object, java.lang.Object, java.lang.Object, java.lang.Object, java.lang.Object, java.lang.Object, java.lang.Object, java.lang.Object, java.lang.Object, java.lang.Object)'> (0x000000008b9dce38) 
thrown
Event: 20.648 Thread 0x000001fe46fd7fd0 Exception <a 'java/lang/NoSuchMethodError'{0x000000008b9e2cf0}: 'java.lang.Object java.lang.invoke.DelegatingMethodHandle$Holder.reinvoke_L(java.lang.Object, java.lang.Object, java.lang.Object, java.lang.Object, java.lang.Object, java.lang.Object, java.lang.Object, java.lang.Object, java.lang.Object, java.lang.Object, java.lang.Object, java.lang.Object, java.lang.Object, java.lang.Object, java.lang.Object, java.lang.Object, java.lang.Object, java.lang.Object)'> (0x000000008b9e2cf0) 
thrown [s\open\src\hots
Event: 20.655 Thread 0x000001fe46fd7fd0 Exception <a 'java/lang/NoSuchMethodError'{0x000000008b87a850}: 'java.lang.Object java.lang.invoke.DirectMethodHandle$Holder.newInvokeSpecial(java.lang.Object, java.lang.Object, java.lang.Object, java.lang.Object, java.lang.Object, java.lang.Object, java.lang.Object, java.lang.Object, java.lang.Object, java.lang.Object, java.lang.Object, java.lang.Object, java.lang.Object, java.lang.Object, java.lang.Object, java.lang.Object, java.lang.Object, java.lang.Object, java.lang.Object, java.lang.Object, java.lang
Event: 21.582 Thread 0x000001fe46fd7fd0 Exception <a 'java/lang/NoSuchMethodError'{0x000000008d079e68}: 'java.lang.Object java.lang.invoke.DirectMethodHandle$Holder.invokeStatic(java.lang.Object, java.lang.Object, java.lang.Object, java.lang.Object, java.lang.Object, int, java.lang.Object)'> (0x000000008d079e68) 
thrown [s\open\src\hotspot\share\interpreter\linkResolver.cpp, line 774]
Event: 21.583 Thread 0x000001fe46fd7fd0 Exception <a 'java/lang/NoSuchMethodError'{0x000000008d084190}: 'java.lang.Object java.lang.invoke.DirectMethodHandle$Holder.newInvokeSpecial(java.lang.Object, java.lang.Object, java.lang.Object, java.lang.Object, java.lang.Object, int, java.lang.Object)'> (0x000000008d084190) 
thrown [s\open\src\hotspot\share\interpreter\linkResolver.cpp, line 774]
Event: 21.584 Thread 0x000001fe46fd7fd0 Exception <a 'java/lang/NoSuchMethodError'{0x000000008d08d140}: 'java.lang.Object java.lang.invoke.Invokers$Holder.linkToTargetMethod(java.lang.Object, java.lang.Object, java.lang.Object, java.lang.Object, int, java.lang.Object, java.lang.Object)'> (0x000000008d08d140) 
thrown [s\open\src\hotspot\share\interpreter\linkResolver.cpp, line 774]

ZGC Phase Switch (0 events):
No events

VM Operations (20 events):
Event: 20.331 Executing VM operation: G1CollectForAllocation (G1 Evacuation Pause)
Event: 20.339 Executing VM operation: G1CollectForAllocation (G1 Evacuation Pause) done
Event: 20.783 Executing VM operation: HandshakeAllThreads (Deoptimize)
Event: 20.783 Executing VM operation: HandshakeAllThreads (Deoptimize) done
Event: 20.835 Executing VM operation: HandshakeAllThreads (Deoptimize)
Event: 20.835 Executing VM operation: HandshakeAllThreads (Deoptimize) done
Event: 20.926 Executing VM operation: HandshakeAllThreads (Deoptimize)
Event: 20.926 Executing VM operation: HandshakeAllThreads (Deoptimize) done
Event: 21.051 Executing VM operation: HandshakeAllThreads (Deoptimize)
Event: 21.051 Executing VM operation: HandshakeAllThreads (Deoptimize) done
Event: 21.056 Executing VM operation: G1CollectForAllocation (G1 Evacuation Pause)
Event: 21.063 Executing VM operation: G1CollectForAllocation (G1 Evacuation Pause) done
Event: 21.152 Executing VM operation: G1PauseRemark
Event: 21.158 Executing VM operation: G1PauseRemark done
Event: 21.203 Executing VM operation: G1PauseCleanup
Event: 21.203 Executing VM operation: G1PauseCleanup done
Event: 21.352 Executing VM operation: HandshakeAllThreads (Deoptimize)
Event: 21.352 Executing VM operation: HandshakeAllThreads (Deoptimize) done
Event: 21.462 Executing VM operation: HandshakeAllThreads (Deoptimize)
Event: 21.462 Executing VM operation: HandshakeAllThreads (Deoptimize) done

Events (20 events):
Event: 21.157 Thread 0x000001fe7377e1a0 flushing nmethod 0x000001fe67137f10
Event: 21.157 Thread 0x000001fe7377e1a0 flushing nmethod 0x000001fe5f429010
Event: 21.157 Thread 0x000001fe7377e1a0 flushing nmethod 0x000001fe5f517890
Event: 21.157 Thread 0x000001fe7377e1a0 flushing nmethod 0x000001fe5f66c010
Event: 21.157 Thread 0x000001fe7377e1a0 flushing nmethod 0x000001fe5f66fa10
Event: 21.157 Thread 0x000001fe7377e1a0 flushing nmethod 0x000001fe5f670410
Event: 21.157 Thread 0x000001fe7377e1a0 flushing nmethod 0x000001fe5f87d410
Event: 21.157 Thread 0x000001fe7377e1a0 flushing nmethod 0x000001fe5fcf5090
Event: 21.157 Thread 0x000001fe7377e1a0 flushing nmethod 0x000001fe5fe8d990
Event: 21.157 Thread 0x000001fe7377e1a0 flushing nmethod 0x000001fe5ff58190
Event: 21.157 Thread 0x000001fe7377e1a0 flushing nmethod 0x000001fe5ffdb190
Event: 21.157 Thread 0x000001fe7377e1a0 flushing nmethod 0x000001fe5ffdb710
Event: 21.157 Thread 0x000001fe7377e1a0 flushing nmethod 0x000001fe5ffdbc90
Event: 21.157 Thread 0x000001fe7377e1a0 flushing nmethod 0x000001fe5ffded10
Event: 21.157 Thread 0x000001fe7377e1a0 flushing nmethod 0x000001fe5ffe0390
Event: 21.157 Thread 0x000001fe7377e1a0 flushing nmethod 0x000001fe5ffe1a90
Event: 21.157 Thread 0x000001fe7377e1a0 flushing nmethod 0x000001fe60120a90
Event: 21.157 Thread 0x000001fe7377e1a0 flushing nmethod 0x000001fe60122110
Event: 21.157 Thread 0x000001fe7377e1a0 flushing nmethod 0x000001fe60122f90
Event: 21.157 Thread 0x000001fe7377e1a0 flushing nmethod 0x000001fe60123b90


Dynamic libraries:
0x00007ff7b1480000 - 0x00007ff7b1490000 	C:\Program Files\Java\jdk-22\bin\java.exe
0x00007ff9a4cc0000 - 0x00007ff9a4f28000 	C:\WINDOWS\SYSTEM32\ntdll.dll
0x00007ff9a2a60000 - 0x00007ff9a2b29000 	C:\WINDOWS\System32\KERNEL32.DLL
0x00007ff9a22c0000 - 0x00007ff9a26b8000 	C:\WINDOWS\System32\KERNELBASE.dll
0x00007ff9a2040000 - 0x00007ff9a218b000 	C:\WINDOWS\System32\ucrtbase.dll
0x00007ff995020000 - 0x00007ff99503b000 	C:\Program Files\Java\jdk-22\bin\VCRUNTIME140.dll
0x00007ff9948c0000 - 0x00007ff9948d7000 	C:\Program Files\Java\jdk-22\bin\jli.dll
0x00007ff9a4810000 - 0x00007ff9a48c4000 	C:\WINDOWS\System32\ADVAPI32.dll
0x00007ff9a35a0000 - 0x00007ff9a3649000 	C:\WINDOWS\System32\msvcrt.dll
0x00007ff9a3900000 - 0x00007ff9a39a6000 	C:\WINDOWS\System32\sechost.dll
0x00007ff9a3f80000 - 0x00007ff9a4098000 	C:\WINDOWS\System32\RPCRT4.dll
0x00007ff9a3da0000 - 0x00007ff9a3f67000 	C:\WINDOWS\System32\USER32.dll
0x00007ff9a2010000 - 0x00007ff9a2037000 	C:\WINDOWS\System32\win32u.dll
0x00007ff992ec0000 - 0x00007ff993154000 	C:\WINDOWS\WinSxS\amd64_microsoft.windows.common-controls_6595b64144ccf1df_6.0.26100.7019_none_3e06ffa0e335b8a8\COMCTL32.dll
0x00007ff9a49e0000 - 0x00007ff9a4a0b000 	C:\WINDOWS\System32\GDI32.dll
0x00007ff9a2190000 - 0x00007ff9a22bc000 	C:\WINDOWS\System32\gdi32full.dll
0x00007ff9a1e10000 - 0x00007ff9a1eb3000 	C:\WINDOWS\System32\msvcp_win.dll
0x00007ff99b390000 - 0x00007ff99b39b000 	C:\WINDOWS\SYSTEM32\VERSION.dll
0x00007ff9a2d10000 - 0x00007ff9a2d41000 	C:\WINDOWS\System32\IMM32.DLL
0x00007ff995670000 - 0x00007ff99567c000 	C:\Program Files\Java\jdk-22\bin\vcruntime140_1.dll
0x00007ff994720000 - 0x00007ff9947ae000 	C:\Program Files\Java\jdk-22\bin\msvcp140.dll
0x00007ff8e7310000 - 0x00007ff8e8057000 	C:\Program Files\Java\jdk-22\bin\server\jvm.dll
0x00007ff9a4b00000 - 0x00007ff9a4b74000 	C:\WINDOWS\System32\WS2_32.dll
0x00007ff9a1c70000 - 0x00007ff9a1cce000 	C:\WINDOWS\SYSTEM32\POWRPROF.dll
0x00007ff99a320000 - 0x00007ff99a355000 	C:\WINDOWS\SYSTEM32\WINMM.dll
0x00007ff9a1c50000 - 0x00007ff9a1c64000 	C:\WINDOWS\SYSTEM32\UMPDC.dll
0x00007ff9a0bd0000 - 0x00007ff9a0beb000 	C:\WINDOWS\SYSTEM32\kernel.appcore.dll
0x00007ff9951b0000 - 0x00007ff9951ba000 	C:\Program Files\Java\jdk-22\bin\jimage.dll
0x00007ff9933a0000 - 0x00007ff9935e2000 	C:\WINDOWS\SYSTEM32\DBGHELP.DLL
0x00007ff9a3a10000 - 0x00007ff9a3d9b000 	C:\WINDOWS\System32\combase.dll
0x00007ff9a4730000 - 0x00007ff9a4807000 	C:\WINDOWS\System32\OLEAUT32.dll
0x00007ff996130000 - 0x00007ff99616c000 	C:\WINDOWS\SYSTEM32\dbgcore.DLL
0x00007ff9a2840000 - 0x00007ff9a28e5000 	C:\WINDOWS\System32\bcryptPrimitives.dll
0x00007ff96d4c0000 - 0x00007ff96d4cf000 	C:\Program Files\Java\jdk-22\bin\instrument.dll
0x00007ff994700000 - 0x00007ff99471e000 	C:\Program Files\Java\jdk-22\bin\java.dll
0x00007ff9a2d50000 - 0x00007ff9a349f000 	C:\WINDOWS\System32\SHELL32.dll
0x00007ff9a28f0000 - 0x00007ff9a2a5b000 	C:\WINDOWS\System32\wintypes.dll
0x00007ff9a3760000 - 0x00007ff9a38f7000 	C:\WINDOWS\System32\ole32.dll
0x00007ff99fa70000 - 0x00007ff9a02cd000 	C:\WINDOWS\SYSTEM32\windows.storage.dll
0x00007ff9a4b80000 - 0x00007ff9a4c72000 	C:\WINDOWS\System32\SHCORE.dll
0x00007ff9a2ca0000 - 0x00007ff9a2d07000 	C:\WINDOWS\System32\shlwapi.dll
0x00007ff9a1d30000 - 0x00007ff9a1d59000 	C:\WINDOWS\SYSTEM32\profapi.dll
0x00007ff945770000 - 0x00007ff945847000 	C:\Program Files\Java\jdk-22\bin\jsvml.dll
0x00007ff983010000 - 0x00007ff983027000 	C:\Program Files\Java\jdk-22\bin\zip.dll
0x00007ff994fb0000 - 0x00007ff994fc0000 	C:\Program Files\Java\jdk-22\bin\net.dll
0x00007ff9a1140000 - 0x00007ff9a11ab000 	C:\WINDOWS\system32\mswsock.dll
0x00007ff992430000 - 0x00007ff992446000 	C:\Program Files\Java\jdk-22\bin\nio.dll
0x00007ff994ea0000 - 0x00007ff994eb0000 	C:\Program Files\Java\jdk-22\bin\verify.dll
0x00007ff9465e0000 - 0x00007ff946607000 	C:\Users\ZE ACE\.gradle\native\c067742578af261105cb4f569cf0c3c89f3d7b1fecec35dd04571415982c5e48\windows-amd64\native-platform.dll
0x00007ff9453f0000 - 0x00007ff945534000 	C:\Users\ZE ACE\.gradle\native\100fb08df4bc3b14c8652ba06237920a3bd2aa13389f12d3474272988ae205f9\windows-amd64\native-platform-file-events.dll
0x00007ff9948b0000 - 0x00007ff9948ba000 	C:\Program Files\Java\jdk-22\bin\management.dll
0x00007ff9771a0000 - 0x00007ff9771ab000 	C:\Program Files\Java\jdk-22\bin\management_ext.dll
0x00007ff9a40a0000 - 0x00007ff9a40a8000 	C:\WINDOWS\System32\PSAPI.DLL
0x00007ff9a1410000 - 0x00007ff9a142b000 	C:\WINDOWS\SYSTEM32\CRYPTSP.dll
0x00007ff9a0b30000 - 0x00007ff9a0b6a000 	C:\WINDOWS\system32\rsaenh.dll
0x00007ff9a11f0000 - 0x00007ff9a121b000 	C:\WINDOWS\SYSTEM32\USERENV.dll
0x00007ff9a1d00000 - 0x00007ff9a1d2a000 	C:\WINDOWS\SYSTEM32\bcrypt.dll
0x00007ff9a1400000 - 0x00007ff9a140c000 	C:\WINDOWS\SYSTEM32\CRYPTBASE.dll
0x00007ff9a0630000 - 0x00007ff9a0664000 	C:\WINDOWS\SYSTEM32\IPHLPAPI.DLL
0x00007ff9a3f70000 - 0x00007ff9a3f7a000 	C:\WINDOWS\System32\NSI.dll
0x00007ff96d5c0000 - 0x00007ff96d5c9000 	C:\Program Files\Java\jdk-22\bin\extnet.dll
0x00007ff96d470000 - 0x00007ff96d47e000 	C:\Program Files\Java\jdk-22\bin\sunmscapi.dll
0x00007ff9a26c0000 - 0x00007ff9a2837000 	C:\WINDOWS\System32\CRYPT32.dll
0x00007ff9a1620000 - 0x00007ff9a1650000 	C:\WINDOWS\SYSTEM32\ncrypt.dll
0x00007ff9a15d0000 - 0x00007ff9a160f000 	C:\WINDOWS\SYSTEM32\NTASN1.dll
0x00007ff948830000 - 0x00007ff948838000 	C:\WINDOWS\system32\wshunix.dll

dbghelp: loaded successfully - version: 4.0.5 - missing functions: none
symbol engine: initialized successfully - sym options: 0x614 - pdb path: .;C:\Program Files\Java\jdk-22\bin;C:\WINDOWS\SYSTEM32;C:\WINDOWS\WinSxS\amd64_microsoft.windows.common-controls_6595b64144ccf1df_6.0.26100.7019_none_3e06ffa0e335b8a8;C:\Program Files\Java\jdk-22\bin\server;C:\Users\ZE ACE\.gradle\native\c067742578af261105cb4f569cf0c3c89f3d7b1fecec35dd04571415982c5e48\windows-amd64;C:\Users\ZE ACE\.gradle\native\100fb08df4bc3b14c8652ba06237920a3bd2aa13389f12d3474272988ae205f9\windows-amd64

VM Arguments:
jvm_args: --add-opens=java.base/java.lang=ALL-UNNAMED --add-opens=java.base/java.lang.invoke=ALL-UNNAMED --add-opens=java.base/java.util=ALL-UNNAMED --add-opens=java.prefs/java.util.prefs=ALL-UNNAMED --add-exports=jdk.compiler/com.sun.tools.javac.api=ALL-UNNAMED --add-exports=jdk.compiler/com.sun.tools.javac.util=ALL-UNNAMED --add-opens=java.base/java.util=ALL-UNNAMED --add-opens=java.prefs/java.util.prefs=ALL-UNNAMED --add-opens=java.base/java.nio.charset=ALL-UNNAMED --add-opens=java.base/java.net=ALL-UNNAMED --add-opens=java.base/java.util.concurrent.atomic=ALL-UNNAMED --add-opens=java.xml/javax.xml.namespace=ALL-UNNAMED -Xmx2048m -Dfile.encoding=UTF-8 -Duser.country=MY -Duser.language=en -Duser.variant -javaagent:C:\Users\ZE ACE\.gradle\wrapper\dists\gradle-8.11.1-bin\bpt9gzteqjrbo1mjrsomdt32c\gradle-8.11.1\lib\agents\gradle-instrumentation-agent-8.11.1.jar 
java_command: org.gradle.launcher.daemon.bootstrap.GradleDaemon 8.11.1
java_class_path (initial): C:\Users\ZE ACE\.gradle\wrapper\dists\gradle-8.11.1-bin\bpt9gzteqjrbo1mjrsomdt32c\gradle-8.11.1\lib\gradle-daemon-main-8.11.1.jar
Launcher Type: SUN_STANDARD

[Global flags]
     intx CICompilerCount                          = 4                                         {product} {ergonomic}
     uint ConcGCThreads                            = 2                                         {product} {ergonomic}
     uint G1ConcRefinementThreads                  = 8                                         {product} {ergonomic}
   size_t G1HeapRegionSize                         = 1048576                                   {product} {ergonomic}
   size_t InitialHeapSize                          = 234881024                                 {product} {ergonomic}
   size_t MarkStackSize                            = 4194304                                   {product} {ergonomic}
   size_t MaxHeapSize                              = 2147483648                                {product} {command line}
   size_t MaxNewSize                               = 1287651328                                {product} {ergonomic}
   size_t MinHeapDeltaBytes                        = 1048576                                   {product} {ergonomic}
   size_t MinHeapSize                              = 8388608                                   {product} {ergonomic}
    uintx NonNMethodCodeHeapSize                   = 5839372                                {pd product} {ergonomic}
    uintx NonProfiledCodeHeapSize                  = 122909434                              {pd product} {ergonomic}
    uintx ProfiledCodeHeapSize                     = 122909434                              {pd product} {ergonomic}
    uintx ReservedCodeCacheSize                    = 251658240                              {pd product} {ergonomic}
     bool SegmentedCodeCache                       = true                                      {product} {ergonomic}
   size_t SoftMaxHeapSize                          = 2147483648                             {manageable} {ergonomic}
     bool UseCompressedOops                        = true                           {product lp64_product} {ergonomic}
     bool UseG1GC                                  = true                                      {product} {ergonomic}
     bool UseLargePagesIndividualAllocation        = false                                  {pd product} {ergonomic}

Logging:
Log output configuration:
 #0: stdout all=warning uptime,level,tags foldmultilines=false
 #1: stderr all=off uptime,level,tags foldmultilines=false

Environment Variables:
JAVA_HOME=C:\Program Files\Java\jdk-22
CLASSPATH=C:\Users\ZE ACE\AndroidStudioProjects\KidTracker\\gradle\wrapper\gradle-wrapper.jar
PATH=C:\Program Files\Python310\Scripts\;C:\Program Files\Python310\;C:\Program Files\Common Files\Oracle\Java\javapath;C:\Program Files (x86)\VMware\VMware Player\bin\;C:\Program Files (x86)\Common Files\Intel\Shared Libraries\redist\intel64\compiler;C:\WINDOWS\system32;C:\WINDOWS;C:\WINDOWS\System32\Wbem;C:\WINDOWS\System32\WindowsPowerShell\v1.0\;C:\WINDOWS\System32\OpenSSH\;C:\flutter\bin\;C:\Program Files\Microsoft SQL Server\130\Tools\Binn\;C:\Program Files\dotnet\;C:\Program Files\nodejs\;D:\FlutterDev\flutter\bin;C:\Program Files\Java\jdk-22\bin;D:\FlutterDev\commandlinetools-win-11076708_latest\cmdline-tools\platform-tools;D:\FlutterDev\commandlinetools-win-11076708_latest\cmdline-tools\platform;C:\Program Files\MongoDB\Server\8.0\bin;C:\Program Files\Git\cmd;C:\WINDOWS\system32\config\systemprofile\AppData\Local\Muse Hub\lib;C:\Users\ZE ACE\AppData\Local\Programs\Python\Python311\Scripts\;C:\Users\ZE ACE\AppData\Local\Programs\Python\Python311\;C:\Program Files\MySQL\MySQL Shell 8.0\bin\;C:\Users\ZE ACE\AppData\Local\Microsoft\WindowsApps;C:\Users\ZE ACE\.dotnet\tools;C:\Users\ZE ACE\AppData\Local\Programs\Microsoft VS Code\bin;C:\Users\ZE ACE\AppData\Roaming\npm;C:\Users\ZE ACE\AppData\Local\Muse Hub\lib;C:\msys64\mingw64\bin;
USERNAME=ZE ACE
OS=Windows_NT
PROCESSOR_IDENTIFIER=AMD64 Family 23 Model 24 Stepping 1, AuthenticAMD
TMP=C:\Users\ZEACE~1\AppData\Local\Temp
TEMP=C:\Users\ZEACE~1\AppData\Local\Temp




Periodic native trim disabled

---------------  S Y S T E M  ---------------

OS:
 Windows 11 , 64 bit Build 26100 (10.0.26100.7019)
OS uptime: 1 days 15:24 hours

CPU: total 8 (initial active 8) (8 cores per cpu, 2 threads per core) family 23 model 24 stepping 1 microcode 0x8108109, cx8, cmov, fxsr, ht, mmx, 3dnowpref, sse, sse2, sse3, ssse3, sse4a, sse4.1, sse4.2, popcnt, lzcnt, tsc, tscinvbit, avx, avx2, aes, clmul, bmi1, bmi2, adx, sha, fma, vzeroupper, clflush, clflushopt, rdtscp, f16c
Processor Information for all 8 processors :
  Max Mhz: 2300, Current Mhz: 2300, Mhz Limit: 2300

Memory: 4k page, system-wide physical 14252M (813M free)
TotalPageFile size 30636M (AvailPageFile size 7M)
current process WorkingSet (physical memory assigned to process): 543M, peak: 543M
current process commit charge ("private bytes"): 583M, peak: 583M

vm_info: Java HotSpot(TM) 64-Bit Server VM (22.0.1+8-16) for windows-amd64 JRE (22.0.1+8-16), built on 2024-03-12T10:33:16Z by "mach5one" with MS VC++ 17.6 (VS2022)

END.
